[ 2016-04-30T16:58:17+08:00 ] 10.8.143.181 /jobs/
INFO: [ app_init ] --START--
INFO: Run Behavior\BuildLiteBehavior [ RunTime:0.000000s ]
INFO: [ app_init ] --END-- [ RunTime:0.000000s ]
INFO: [ app_begin ] --START--
INFO: Run Behavior\ReadHtmlCacheBehavior [ RunTime:0.000000s ]
INFO: [ app_begin ] --END-- [ RunTime:0.000000s ]
NOTIC: [8] Undefined index: type C:\xampp\htdocs\jobs\Application\Home\Controller\IndexController.class.php 第 14 行.
SQL: SHOW COLUMNS FROM `job_invite` [ RunTime:0.000000s ]
SQL: SHOW COLUMNS FROM `job_company` [ RunTime:0.015600s ]
SQL: SHOW COLUMNS FROM `job_student` [ RunTime:0.000000s ]
SQL: SELECT invite.id AS id,invite.sno AS sno,invite.cno AS cno,invite.type AS type,invite.invite_time AS invite_time,invite.accept_time AS accept_time,invite.detail AS detail,invite.message AS message,company.id AS companyid,company.rname AS companyname,company.name AS companyemail,company.resume AS resume,company.phone AS companyphone,student.id AS studentid,student.rname AS studentname,student.name AS studentemail,student.address AS address,student.work AS work,student.city AS city,student.city1 AS city1,student.city2 AS city2,student.phone AS studentphone FROM job_invite invite  JOIN job_company company ON invite.cno=company.id  JOIN job_student student ON invite.sno=student.id ORDER BY invite.accept_time desc  [ RunTime:0.000000s ]
ERR: 1054:Unknown column 'invite.message' in 'field list'
 [ SQL语句 ] : SELECT invite.id AS id,invite.sno AS sno,invite.cno AS cno,invite.type AS type,invite.invite_time AS invite_time,invite.accept_time AS accept_time,invite.detail AS detail,invite.message AS message,company.id AS companyid,company.rname AS companyname,company.name AS companyemail,company.resume AS resume,company.phone AS companyphone,student.id AS studentid,student.rname AS studentname,student.name AS studentemail,student.address AS address,student.work AS work,student.city AS city,student.city1 AS city1,student.city2 AS city2,student.phone AS studentphone FROM job_invite invite  JOIN job_company company ON invite.cno=company.id  JOIN job_student student ON invite.sno=student.id ORDER BY invite.accept_time desc 
INFO: [ view_parse ] --START--
INFO: [ template_filter ] --START--
INFO: Run Behavior\ContentReplaceBehavior [ RunTime:0.000000s ]
INFO: [ template_filter ] --END-- [ RunTime:0.000000s ]
INFO: Run Behavior\ParseTemplateBehavior [ RunTime:0.015600s ]
INFO: [ view_parse ] --END-- [ RunTime:0.015600s ]
INFO: [ view_filter ] --START--
INFO: Run Behavior\WriteHtmlCacheBehavior [ RunTime:0.000000s ]
INFO: [ view_filter ] --END-- [ RunTime:0.000000s ]
INFO: [ app_end ] --START--
INFO: Run Behavior\ShowPageTraceBehavior [ RunTime:0.000000s ]
INFO: [ app_end ] --END-- [ RunTime:0.000000s ]

[ 2016-04-30T16:58:52+08:00 ] 101.226.89.122 /jobs/
INFO: [ app_init ] --START--
INFO: Run Behavior\BuildLiteBehavior [ RunTime:0.000000s ]
INFO: [ app_init ] --END-- [ RunTime:0.000000s ]
INFO: [ app_begin ] --START--
INFO: Run Behavior\ReadHtmlCacheBehavior [ RunTime:0.000000s ]
INFO: [ app_begin ] --END-- [ RunTime:0.000000s ]
NOTIC: [8] Undefined index: type C:\xampp\htdocs\jobs\Application\Home\Controller\IndexController.class.php 第 14 行.
SQL: SHOW COLUMNS FROM `job_invite` [ RunTime:0.000000s ]
SQL: SHOW COLUMNS FROM `job_company` [ RunTime:0.000000s ]
SQL: SHOW COLUMNS FROM `job_student` [ RunTime:0.015600s ]
SQL: SELECT invite.id AS id,invite.sno AS sno,invite.cno AS cno,invite.type AS type,invite.invite_time AS invite_time,invite.accept_time AS accept_time,invite.detail AS detail,invite.message AS message,company.id AS companyid,company.rname AS companyname,company.name AS companyemail,company.resume AS resume,company.phone AS companyphone,student.id AS studentid,student.rname AS studentname,student.name AS studentemail,student.address AS address,student.work AS work,student.city AS city,student.city1 AS city1,student.city2 AS city2,student.phone AS studentphone FROM job_invite invite  JOIN job_company company ON invite.cno=company.id  JOIN job_student student ON invite.sno=student.id ORDER BY invite.accept_time desc  [ RunTime:0.000000s ]
ERR: 1054:Unknown column 'invite.message' in 'field list'
 [ SQL语句 ] : SELECT invite.id AS id,invite.sno AS sno,invite.cno AS cno,invite.type AS type,invite.invite_time AS invite_time,invite.accept_time AS accept_time,invite.detail AS detail,invite.message AS message,company.id AS companyid,company.rname AS companyname,company.name AS companyemail,company.resume AS resume,company.phone AS companyphone,student.id AS studentid,student.rname AS studentname,student.name AS studentemail,student.address AS address,student.work AS work,student.city AS city,student.city1 AS city1,student.city2 AS city2,student.phone AS studentphone FROM job_invite invite  JOIN job_company company ON invite.cno=company.id  JOIN job_student student ON invite.sno=student.id ORDER BY invite.accept_time desc 
INFO: [ view_parse ] --START--
INFO: [ template_filter ] --START--
INFO: Run Behavior\ContentReplaceBehavior [ RunTime:0.000000s ]
INFO: [ template_filter ] --END-- [ RunTime:0.000000s ]
INFO: Run Behavior\ParseTemplateBehavior [ RunTime:0.015600s ]
INFO: [ view_parse ] --END-- [ RunTime:0.015600s ]
INFO: [ view_filter ] --START--
INFO: Run Behavior\WriteHtmlCacheBehavior [ RunTime:0.000000s ]
INFO: [ view_filter ] --END-- [ RunTime:0.000000s ]
INFO: [ app_end ] --START--
INFO: Run Behavior\ShowPageTraceBehavior [ RunTime:0.000000s ]
INFO: [ app_end ] --END-- [ RunTime:0.000000s ]

[ 2016-04-30T16:58:53+08:00 ] 10.8.143.181 /jobs/
INFO: [ app_init ] --START--
INFO: Run Behavior\BuildLiteBehavior [ RunTime:0.000000s ]
INFO: [ app_init ] --END-- [ RunTime:0.000000s ]
INFO: [ app_begin ] --START--
INFO: Run Behavior\ReadHtmlCacheBehavior [ RunTime:0.000000s ]
INFO: [ app_begin ] --END-- [ RunTime:0.000000s ]
NOTIC: [8] Undefined index: type C:\xampp\htdocs\jobs\Application\Home\Controller\IndexController.class.php 第 14 行.
SQL: SHOW COLUMNS FROM `job_invite` [ RunTime:0.000000s ]
SQL: SHOW COLUMNS FROM `job_company` [ RunTime:0.000000s ]
SQL: SHOW COLUMNS FROM `job_student` [ RunTime:0.000000s ]
SQL: SELECT invite.id AS id,invite.sno AS sno,invite.cno AS cno,invite.type AS type,invite.invite_time AS invite_time,invite.accept_time AS accept_time,invite.detail AS detail,invite.message AS message,company.id AS companyid,company.rname AS companyname,company.name AS companyemail,company.resume AS resume,company.phone AS companyphone,student.id AS studentid,student.rname AS studentname,student.name AS studentemail,student.address AS address,student.work AS work,student.city AS city,student.city1 AS city1,student.city2 AS city2,student.phone AS studentphone FROM job_invite invite  JOIN job_company company ON invite.cno=company.id  JOIN job_student student ON invite.sno=student.id ORDER BY invite.accept_time desc  [ RunTime:0.000000s ]
ERR: 1054:Unknown column 'invite.message' in 'field list'
 [ SQL语句 ] : SELECT invite.id AS id,invite.sno AS sno,invite.cno AS cno,invite.type AS type,invite.invite_time AS invite_time,invite.accept_time AS accept_time,invite.detail AS detail,invite.message AS message,company.id AS companyid,company.rname AS companyname,company.name AS companyemail,company.resume AS resume,company.phone AS companyphone,student.id AS studentid,student.rname AS studentname,student.name AS studentemail,student.address AS address,student.work AS work,student.city AS city,student.city1 AS city1,student.city2 AS city2,student.phone AS studentphone FROM job_invite invite  JOIN job_company company ON invite.cno=company.id  JOIN job_student student ON invite.sno=student.id ORDER BY invite.accept_time desc 
INFO: [ view_parse ] --START--
INFO: [ template_filter ] --START--
INFO: Run Behavior\ContentReplaceBehavior [ RunTime:0.000000s ]
INFO: [ template_filter ] --END-- [ RunTime:0.000000s ]
INFO: Run Behavior\ParseTemplateBehavior [ RunTime:0.015600s ]
INFO: [ view_parse ] --END-- [ RunTime:0.015600s ]
INFO: [ view_filter ] --START--
INFO: Run Behavior\WriteHtmlCacheBehavior [ RunTime:0.000000s ]
INFO: [ view_filter ] --END-- [ RunTime:0.000000s ]
INFO: [ app_end ] --START--
INFO: Run Behavior\ShowPageTraceBehavior [ RunTime:0.000000s ]
INFO: [ app_end ] --END-- [ RunTime:0.000000s ]

[ 2016-04-30T16:59:05+08:00 ] 10.8.143.181 /jobs/index.php/Home/Index/loginHandle.html
INFO: [ app_init ] --START--
INFO: Run Behavior\BuildLiteBehavior [ RunTime:0.000000s ]
INFO: [ app_init ] --END-- [ RunTime:0.000000s ]
INFO: [ app_begin ] --START--
INFO: Run Behavior\ReadHtmlCacheBehavior [ RunTime:0.000000s ]
INFO: [ app_begin ] --END-- [ RunTime:0.000000s ]
NOTIC: [8] Undefined index: type C:\xampp\htdocs\jobs\Application\Home\Controller\IndexController.class.php 第 74 行.
SQL: SHOW COLUMNS FROM `job_student` [ RunTime:0.000000s ]
SQL: SELECT * FROM `job_student` WHERE `name` = '130095047' AND `password` = '63903f667866062c7894361379a3b1d1'  [ RunTime:0.015600s ]
INFO: [ view_parse ] --START--
INFO: [ template_filter ] --START--
INFO: Run Behavior\ContentReplaceBehavior [ RunTime:0.000000s ]
INFO: [ template_filter ] --END-- [ RunTime:0.000000s ]
INFO: Run Behavior\ParseTemplateBehavior [ RunTime:0.015600s ]
INFO: [ view_parse ] --END-- [ RunTime:0.015600s ]
INFO: [ view_filter ] --START--
INFO: Run Behavior\WriteHtmlCacheBehavior [ RunTime:0.000000s ]
INFO: [ view_filter ] --END-- [ RunTime:0.000000s ]
INFO: [ app_end ] --START--
INFO: Run Behavior\ShowPageTraceBehavior [ RunTime:0.000000s ]
INFO: [ app_end ] --END-- [ RunTime:0.000000s ]

[ 2016-04-30T16:59:07+08:00 ] 10.8.143.181 /jobs/index.php/Home/Index/lists.html
INFO: [ app_init ] --START--
INFO: Run Behavior\BuildLiteBehavior [ RunTime:0.000000s ]
INFO: [ app_init ] --END-- [ RunTime:0.000000s ]
INFO: [ app_begin ] --START--
INFO: Run Behavior\ReadHtmlCacheBehavior [ RunTime:0.000000s ]
INFO: [ app_begin ] --END-- [ RunTime:0.000000s ]
SQL: SHOW COLUMNS FROM `job_student` [ RunTime:0.000000s ]
SQL: SELECT * FROM `job_student` WHERE `name` = '130095047' LIMIT 1   [ RunTime:0.015600s ]
SQL: SHOW COLUMNS FROM `job_invite` [ RunTime:0.015600s ]
SQL: SHOW COLUMNS FROM `job_company` [ RunTime:0.000000s ]
SQL: SELECT invite.id AS id,invite.sno AS sno,invite.cno AS cno,invite.type AS type,invite.invite_time AS invite_time,invite.accept_time AS accept_time,invite.detail AS detail,invite.message AS message,company.id AS companyid,company.rname AS companyname,company.name AS companyemail,company.resume AS resume,company.phone AS companyphone,student.id AS studentid,student.rname AS studentname,student.name AS studentemail,student.address AS address,student.work AS work,student.city AS city,student.city1 AS city1,student.city2 AS city2,student.phone AS studentphone FROM job_invite invite  JOIN job_company company ON invite.cno=company.id  JOIN job_student student ON invite.sno=student.id WHERE invite.sno = '1011'  [ RunTime:0.000000s ]
ERR: 1054:Unknown column 'invite.message' in 'field list'
 [ SQL语句 ] : SELECT invite.id AS id,invite.sno AS sno,invite.cno AS cno,invite.type AS type,invite.invite_time AS invite_time,invite.accept_time AS accept_time,invite.detail AS detail,invite.message AS message,company.id AS companyid,company.rname AS companyname,company.name AS companyemail,company.resume AS resume,company.phone AS companyphone,student.id AS studentid,student.rname AS studentname,student.name AS studentemail,student.address AS address,student.work AS work,student.city AS city,student.city1 AS city1,student.city2 AS city2,student.phone AS studentphone FROM job_invite invite  JOIN job_company company ON invite.cno=company.id  JOIN job_student student ON invite.sno=student.id WHERE invite.sno = '1011' 
INFO: [ view_parse ] --START--
INFO: [ template_filter ] --START--
INFO: Run Behavior\ContentReplaceBehavior [ RunTime:0.000000s ]
INFO: [ template_filter ] --END-- [ RunTime:0.000000s ]
INFO: Run Behavior\ParseTemplateBehavior [ RunTime:0.015600s ]
INFO: [ view_parse ] --END-- [ RunTime:0.015600s ]
INFO: [ view_filter ] --START--
INFO: Run Behavior\WriteHtmlCacheBehavior [ RunTime:0.000000s ]
INFO: [ view_filter ] --END-- [ RunTime:0.000000s ]
INFO: [ app_end ] --START--
INFO: Run Behavior\ShowPageTraceBehavior [ RunTime:0.000000s ]
INFO: [ app_end ] --END-- [ RunTime:0.000000s ]

[ 2016-04-30T16:59:22+08:00 ] 112.64.235.254 /jobs/index.php/Home/Index/loginHandle.html
INFO: [ app_init ] --START--
INFO: Run Behavior\BuildLiteBehavior [ RunTime:0.000000s ]
INFO: [ app_init ] --END-- [ RunTime:0.000000s ]
INFO: [ app_begin ] --START--
INFO: Run Behavior\ReadHtmlCacheBehavior [ RunTime:0.000000s ]
INFO: [ app_begin ] --END-- [ RunTime:0.000000s ]
NOTIC: [8] Undefined index: type C:\xampp\htdocs\jobs\Application\Home\Controller\IndexController.class.php 第 74 行.
INFO: [ view_parse ] --START--
INFO: [ template_filter ] --START--
INFO: Run Behavior\ContentReplaceBehavior [ RunTime:0.000000s ]
INFO: [ template_filter ] --END-- [ RunTime:0.000000s ]
INFO: Run Behavior\ParseTemplateBehavior [ RunTime:0.015600s ]
INFO: [ view_parse ] --END-- [ RunTime:0.015600s ]
INFO: [ view_filter ] --START--
INFO: Run Behavior\WriteHtmlCacheBehavior [ RunTime:0.000000s ]
INFO: [ view_filter ] --END-- [ RunTime:0.000000s ]

[ 2016-04-30T17:00:07+08:00 ] 220.181.132.216 /jobs/
INFO: [ app_init ] --START--
INFO: Run Behavior\BuildLiteBehavior [ RunTime:0.000000s ]
INFO: [ app_init ] --END-- [ RunTime:0.000000s ]
INFO: [ app_begin ] --START--
INFO: Run Behavior\ReadHtmlCacheBehavior [ RunTime:0.000000s ]
INFO: [ app_begin ] --END-- [ RunTime:0.000000s ]
NOTIC: [8] Undefined index: type C:\xampp\htdocs\jobs\Application\Home\Controller\IndexController.class.php 第 14 行.
SQL: SHOW COLUMNS FROM `job_invite` [ RunTime:0.015600s ]
SQL: SHOW COLUMNS FROM `job_company` [ RunTime:0.000000s ]
SQL: SHOW COLUMNS FROM `job_student` [ RunTime:0.000000s ]
SQL: SELECT invite.id AS id,invite.sno AS sno,invite.cno AS cno,invite.type AS type,invite.invite_time AS invite_time,invite.accept_time AS accept_time,invite.detail AS detail,invite.message AS message,company.id AS companyid,company.rname AS companyname,company.name AS companyemail,company.resume AS resume,company.phone AS companyphone,student.id AS studentid,student.rname AS studentname,student.name AS studentemail,student.address AS address,student.work AS work,student.city AS city,student.city1 AS city1,student.city2 AS city2,student.phone AS studentphone FROM job_invite invite  JOIN job_company company ON invite.cno=company.id  JOIN job_student student ON invite.sno=student.id ORDER BY invite.accept_time desc  [ RunTime:0.000000s ]
ERR: 1054:Unknown column 'invite.message' in 'field list'
 [ SQL语句 ] : SELECT invite.id AS id,invite.sno AS sno,invite.cno AS cno,invite.type AS type,invite.invite_time AS invite_time,invite.accept_time AS accept_time,invite.detail AS detail,invite.message AS message,company.id AS companyid,company.rname AS companyname,company.name AS companyemail,company.resume AS resume,company.phone AS companyphone,student.id AS studentid,student.rname AS studentname,student.name AS studentemail,student.address AS address,student.work AS work,student.city AS city,student.city1 AS city1,student.city2 AS city2,student.phone AS studentphone FROM job_invite invite  JOIN job_company company ON invite.cno=company.id  JOIN job_student student ON invite.sno=student.id ORDER BY invite.accept_time desc 
INFO: [ view_parse ] --START--
INFO: [ template_filter ] --START--
INFO: Run Behavior\ContentReplaceBehavior [ RunTime:0.000000s ]
INFO: [ template_filter ] --END-- [ RunTime:0.000000s ]
INFO: Run Behavior\ParseTemplateBehavior [ RunTime:0.015600s ]
INFO: [ view_parse ] --END-- [ RunTime:0.015600s ]
INFO: [ view_filter ] --START--
INFO: Run Behavior\WriteHtmlCacheBehavior [ RunTime:0.000000s ]
INFO: [ view_filter ] --END-- [ RunTime:0.000000s ]
INFO: [ app_end ] --START--
INFO: Run Behavior\ShowPageTraceBehavior [ RunTime:0.000000s ]
INFO: [ app_end ] --END-- [ RunTime:0.000000s ]

[ 2016-04-30T17:00:12+08:00 ] 220.181.132.216 /jobs/
INFO: [ app_init ] --START--
INFO: Run Behavior\BuildLiteBehavior [ RunTime:0.000000s ]
INFO: [ app_init ] --END-- [ RunTime:0.000000s ]
INFO: [ app_begin ] --START--
INFO: Run Behavior\ReadHtmlCacheBehavior [ RunTime:0.000000s ]
INFO: [ app_begin ] --END-- [ RunTime:0.000000s ]
NOTIC: [8] Undefined index: type C:\xampp\htdocs\jobs\Application\Home\Controller\IndexController.class.php 第 14 行.
SQL: SHOW COLUMNS FROM `job_invite` [ RunTime:0.015600s ]
SQL: SHOW COLUMNS FROM `job_company` [ RunTime:0.000000s ]
SQL: SHOW COLUMNS FROM `job_student` [ RunTime:0.000000s ]
SQL: SELECT invite.id AS id,invite.sno AS sno,invite.cno AS cno,invite.type AS type,invite.invite_time AS invite_time,invite.accept_time AS accept_time,invite.detail AS detail,invite.message AS message,company.id AS companyid,company.rname AS companyname,company.name AS companyemail,company.resume AS resume,company.phone AS companyphone,student.id AS studentid,student.rname AS studentname,student.name AS studentemail,student.address AS address,student.work AS work,student.city AS city,student.city1 AS city1,student.city2 AS city2,student.phone AS studentphone FROM job_invite invite  JOIN job_company company ON invite.cno=company.id  JOIN job_student student ON invite.sno=student.id ORDER BY invite.accept_time desc  [ RunTime:0.000000s ]
ERR: 1054:Unknown column 'invite.message' in 'field list'
 [ SQL语句 ] : SELECT invite.id AS id,invite.sno AS sno,invite.cno AS cno,invite.type AS type,invite.invite_time AS invite_time,invite.accept_time AS accept_time,invite.detail AS detail,invite.message AS message,company.id AS companyid,company.rname AS companyname,company.name AS companyemail,company.resume AS resume,company.phone AS companyphone,student.id AS studentid,student.rname AS studentname,student.name AS studentemail,student.address AS address,student.work AS work,student.city AS city,student.city1 AS city1,student.city2 AS city2,student.phone AS studentphone FROM job_invite invite  JOIN job_company company ON invite.cno=company.id  JOIN job_student student ON invite.sno=student.id ORDER BY invite.accept_time desc 
INFO: [ view_parse ] --START--
INFO: [ template_filter ] --START--
INFO: Run Behavior\ContentReplaceBehavior [ RunTime:0.000000s ]
INFO: [ template_filter ] --END-- [ RunTime:0.000000s ]
INFO: Run Behavior\ParseTemplateBehavior [ RunTime:0.015600s ]
INFO: [ view_parse ] --END-- [ RunTime:0.015600s ]
INFO: [ view_filter ] --START--
INFO: Run Behavior\WriteHtmlCacheBehavior [ RunTime:0.000000s ]
INFO: [ view_filter ] --END-- [ RunTime:0.000000s ]
INFO: [ app_end ] --START--
INFO: Run Behavior\ShowPageTraceBehavior [ RunTime:0.000000s ]
INFO: [ app_end ] --END-- [ RunTime:0.000000s ]

[ 2016-04-30T17:00:22+08:00 ] 101.199.108.50 /jobs/
INFO: [ app_init ] --START--
INFO: Run Behavior\BuildLiteBehavior [ RunTime:0.000000s ]
INFO: [ app_init ] --END-- [ RunTime:0.000000s ]
INFO: [ app_begin ] --START--
INFO: Run Behavior\ReadHtmlCacheBehavior [ RunTime:0.000000s ]
INFO: [ app_begin ] --END-- [ RunTime:0.000000s ]
NOTIC: [8] Undefined index: type C:\xampp\htdocs\jobs\Application\Home\Controller\IndexController.class.php 第 14 行.
SQL: SHOW COLUMNS FROM `job_invite` [ RunTime:0.000000s ]
SQL: SHOW COLUMNS FROM `job_company` [ RunTime:0.000000s ]
SQL: SHOW COLUMNS FROM `job_student` [ RunTime:0.000000s ]
SQL: SELECT invite.id AS id,invite.sno AS sno,invite.cno AS cno,invite.type AS type,invite.invite_time AS invite_time,invite.accept_time AS accept_time,invite.detail AS detail,invite.message AS message,company.id AS companyid,company.rname AS companyname,company.name AS companyemail,company.resume AS resume,company.phone AS companyphone,student.id AS studentid,student.rname AS studentname,student.name AS studentemail,student.address AS address,student.work AS work,student.city AS city,student.city1 AS city1,student.city2 AS city2,student.phone AS studentphone FROM job_invite invite  JOIN job_company company ON invite.cno=company.id  JOIN job_student student ON invite.sno=student.id ORDER BY invite.accept_time desc  [ RunTime:0.000000s ]
ERR: 1054:Unknown column 'invite.message' in 'field list'
 [ SQL语句 ] : SELECT invite.id AS id,invite.sno AS sno,invite.cno AS cno,invite.type AS type,invite.invite_time AS invite_time,invite.accept_time AS accept_time,invite.detail AS detail,invite.message AS message,company.id AS companyid,company.rname AS companyname,company.name AS companyemail,company.resume AS resume,company.phone AS companyphone,student.id AS studentid,student.rname AS studentname,student.name AS studentemail,student.address AS address,student.work AS work,student.city AS city,student.city1 AS city1,student.city2 AS city2,student.phone AS studentphone FROM job_invite invite  JOIN job_company company ON invite.cno=company.id  JOIN job_student student ON invite.sno=student.id ORDER BY invite.accept_time desc 
INFO: [ view_parse ] --START--
INFO: [ template_filter ] --START--
INFO: Run Behavior\ContentReplaceBehavior [ RunTime:0.000000s ]
INFO: [ template_filter ] --END-- [ RunTime:0.000000s ]
INFO: Run Behavior\ParseTemplateBehavior [ RunTime:0.000000s ]
INFO: [ view_parse ] --END-- [ RunTime:0.000000s ]
INFO: [ view_filter ] --START--
INFO: Run Behavior\WriteHtmlCacheBehavior [ RunTime:0.000000s ]
INFO: [ view_filter ] --END-- [ RunTime:0.000000s ]
INFO: [ app_end ] --START--
INFO: Run Behavior\ShowPageTraceBehavior [ RunTime:0.015600s ]
INFO: [ app_end ] --END-- [ RunTime:0.015600s ]

[ 2016-04-30T17:00:41+08:00 ] 101.226.89.122 /jobs/index.php/Home/Index/register.html
INFO: [ app_init ] --START--
INFO: Run Behavior\BuildLiteBehavior [ RunTime:0.000000s ]
INFO: [ app_init ] --END-- [ RunTime:0.000000s ]
INFO: [ app_begin ] --START--
INFO: Run Behavior\ReadHtmlCacheBehavior [ RunTime:0.000000s ]
INFO: [ app_begin ] --END-- [ RunTime:0.000000s ]
NOTIC: [8] Undefined index: type C:\xampp\htdocs\jobs\Application\Home\Controller\IndexController.class.php 第 6 行.
INFO: [ view_parse ] --START--
INFO: [ template_filter ] --START--
INFO: Run Behavior\ContentReplaceBehavior [ RunTime:0.000000s ]
INFO: [ template_filter ] --END-- [ RunTime:0.000000s ]
INFO: Run Behavior\ParseTemplateBehavior [ RunTime:0.015600s ]
INFO: [ view_parse ] --END-- [ RunTime:0.015600s ]
INFO: [ view_filter ] --START--
INFO: Run Behavior\WriteHtmlCacheBehavior [ RunTime:0.000000s ]
INFO: [ view_filter ] --END-- [ RunTime:0.000000s ]
INFO: [ app_end ] --START--
INFO: Run Behavior\ShowPageTraceBehavior [ RunTime:0.000000s ]
INFO: [ app_end ] --END-- [ RunTime:0.000000s ]

[ 2016-04-30T17:00:44+08:00 ] 101.199.108.57 /jobs/
INFO: [ app_init ] --START--
INFO: Run Behavior\BuildLiteBehavior [ RunTime:0.000000s ]
INFO: [ app_init ] --END-- [ RunTime:0.000000s ]
INFO: [ app_begin ] --START--
INFO: Run Behavior\ReadHtmlCacheBehavior [ RunTime:0.000000s ]
INFO: [ app_begin ] --END-- [ RunTime:0.000000s ]
NOTIC: [8] Undefined index: type C:\xampp\htdocs\jobs\Application\Home\Controller\IndexController.class.php 第 14 行.
SQL: SHOW COLUMNS FROM `job_invite` [ RunTime:0.000000s ]
SQL: SHOW COLUMNS FROM `job_company` [ RunTime:0.000000s ]
SQL: SHOW COLUMNS FROM `job_student` [ RunTime:0.015600s ]
SQL: SELECT invite.id AS id,invite.sno AS sno,invite.cno AS cno,invite.type AS type,invite.invite_time AS invite_time,invite.accept_time AS accept_time,invite.detail AS detail,invite.message AS message,company.id AS companyid,company.rname AS companyname,company.name AS companyemail,company.resume AS resume,company.phone AS companyphone,student.id AS studentid,student.rname AS studentname,student.name AS studentemail,student.address AS address,student.work AS work,student.city AS city,student.city1 AS city1,student.city2 AS city2,student.phone AS studentphone FROM job_invite invite  JOIN job_company company ON invite.cno=company.id  JOIN job_student student ON invite.sno=student.id ORDER BY invite.accept_time desc  [ RunTime:0.000000s ]
ERR: 1054:Unknown column 'invite.message' in 'field list'
 [ SQL语句 ] : SELECT invite.id AS id,invite.sno AS sno,invite.cno AS cno,invite.type AS type,invite.invite_time AS invite_time,invite.accept_time AS accept_time,invite.detail AS detail,invite.message AS message,company.id AS companyid,company.rname AS companyname,company.name AS companyemail,company.resume AS resume,company.phone AS companyphone,student.id AS studentid,student.rname AS studentname,student.name AS studentemail,student.address AS address,student.work AS work,student.city AS city,student.city1 AS city1,student.city2 AS city2,student.phone AS studentphone FROM job_invite invite  JOIN job_company company ON invite.cno=company.id  JOIN job_student student ON invite.sno=student.id ORDER BY invite.accept_time desc 
INFO: [ view_parse ] --START--
INFO: [ template_filter ] --START--
INFO: Run Behavior\ContentReplaceBehavior [ RunTime:0.000000s ]
INFO: [ template_filter ] --END-- [ RunTime:0.000000s ]
INFO: Run Behavior\ParseTemplateBehavior [ RunTime:0.015600s ]
INFO: [ view_parse ] --END-- [ RunTime:0.015600s ]
INFO: [ view_filter ] --START--
INFO: Run Behavior\WriteHtmlCacheBehavior [ RunTime:0.000000s ]
INFO: [ view_filter ] --END-- [ RunTime:0.000000s ]
INFO: [ app_end ] --START--
INFO: Run Behavior\ShowPageTraceBehavior [ RunTime:0.000000s ]
INFO: [ app_end ] --END-- [ RunTime:0.000000s ]

[ 2016-04-30T17:01:18+08:00 ] 101.226.66.187 /jobs/index.php/Home/Index/studentedit/id/1011.html
INFO: [ app_init ] --START--
INFO: Run Behavior\BuildLiteBehavior [ RunTime:0.000000s ]
INFO: [ app_init ] --END-- [ RunTime:0.000000s ]
INFO: [ app_begin ] --START--
INFO: Run Behavior\ReadHtmlCacheBehavior [ RunTime:0.000000s ]
INFO: [ app_begin ] --END-- [ RunTime:0.000000s ]
NOTIC: [8] Undefined index: type C:\xampp\htdocs\jobs\Application\Home\Controller\IndexController.class.php 第 221 行.
INFO: [ view_parse ] --START--
INFO: [ template_filter ] --START--
INFO: Run Behavior\ContentReplaceBehavior [ RunTime:0.000000s ]
INFO: [ template_filter ] --END-- [ RunTime:0.000000s ]
INFO: Run Behavior\ParseTemplateBehavior [ RunTime:0.015600s ]
INFO: [ view_parse ] --END-- [ RunTime:0.015600s ]
INFO: [ view_filter ] --START--
INFO: Run Behavior\WriteHtmlCacheBehavior [ RunTime:0.000000s ]
INFO: [ view_filter ] --END-- [ RunTime:0.000000s ]

[ 2016-04-30T17:01:18+08:00 ] 10.8.143.181 /jobs/index.php/Home/Index/studentedit/id/1011.html
INFO: [ app_init ] --START--
INFO: Run Behavior\BuildLiteBehavior [ RunTime:0.000000s ]
INFO: [ app_init ] --END-- [ RunTime:0.000000s ]
INFO: [ app_begin ] --START--
INFO: Run Behavior\ReadHtmlCacheBehavior [ RunTime:0.015600s ]
INFO: [ app_begin ] --END-- [ RunTime:0.015600s ]
SQL: SHOW COLUMNS FROM `job_student` [ RunTime:0.000000s ]
SQL: SELECT * FROM `job_student` WHERE `name` = '130095047'  [ RunTime:0.000000s ]
INFO: [ view_parse ] --START--
INFO: [ template_filter ] --START--
INFO: Run Behavior\ContentReplaceBehavior [ RunTime:0.000000s ]
INFO: [ template_filter ] --END-- [ RunTime:0.000000s ]
INFO: Run Behavior\ParseTemplateBehavior [ RunTime:0.031200s ]
INFO: [ view_parse ] --END-- [ RunTime:0.031200s ]
INFO: [ view_filter ] --START--
INFO: Run Behavior\WriteHtmlCacheBehavior [ RunTime:0.000000s ]
INFO: [ view_filter ] --END-- [ RunTime:0.000000s ]
INFO: [ app_end ] --START--
INFO: Run Behavior\ShowPageTraceBehavior [ RunTime:0.000000s ]
INFO: [ app_end ] --END-- [ RunTime:0.000000s ]

[ 2016-04-30T17:01:19+08:00 ] 119.147.146.189 /jobs/index.php/Home/Index/studentedit/id/1011.html
INFO: [ app_init ] --START--
INFO: Run Behavior\BuildLiteBehavior [ RunTime:0.000000s ]
INFO: [ app_init ] --END-- [ RunTime:0.000000s ]
INFO: [ app_begin ] --START--
INFO: Run Behavior\ReadHtmlCacheBehavior [ RunTime:0.000000s ]
INFO: [ app_begin ] --END-- [ RunTime:0.000000s ]
NOTIC: [8] Undefined index: type C:\xampp\htdocs\jobs\Application\Home\Controller\IndexController.class.php 第 221 行.
INFO: [ view_parse ] --START--
INFO: [ template_filter ] --START--
INFO: Run Behavior\ContentReplaceBehavior [ RunTime:0.000000s ]
INFO: [ template_filter ] --END-- [ RunTime:0.000000s ]
INFO: Run Behavior\ParseTemplateBehavior [ RunTime:0.015600s ]
INFO: [ view_parse ] --END-- [ RunTime:0.015600s ]
INFO: [ view_filter ] --START--
INFO: Run Behavior\WriteHtmlCacheBehavior [ RunTime:0.000000s ]
INFO: [ view_filter ] --END-- [ RunTime:0.000000s ]

[ 2016-04-30T17:01:20+08:00 ] 101.226.66.187 /jobs/index.php/Home/Index/index.html
INFO: [ app_init ] --START--
INFO: Run Behavior\BuildLiteBehavior [ RunTime:0.000000s ]
INFO: [ app_init ] --END-- [ RunTime:0.000000s ]
INFO: [ app_begin ] --START--
INFO: Run Behavior\ReadHtmlCacheBehavior [ RunTime:0.000000s ]
INFO: [ app_begin ] --END-- [ RunTime:0.000000s ]
NOTIC: [8] Undefined index: type C:\xampp\htdocs\jobs\Application\Home\Controller\IndexController.class.php 第 14 行.
SQL: SHOW COLUMNS FROM `job_invite` [ RunTime:0.000000s ]
SQL: SHOW COLUMNS FROM `job_company` [ RunTime:0.000000s ]
SQL: SHOW COLUMNS FROM `job_student` [ RunTime:0.000000s ]
SQL: SELECT invite.id AS id,invite.sno AS sno,invite.cno AS cno,invite.type AS type,invite.invite_time AS invite_time,invite.accept_time AS accept_time,invite.detail AS detail,invite.message AS message,company.id AS companyid,company.rname AS companyname,company.name AS companyemail,company.resume AS resume,company.phone AS companyphone,student.id AS studentid,student.rname AS studentname,student.name AS studentemail,student.address AS address,student.work AS work,student.city AS city,student.city1 AS city1,student.city2 AS city2,student.phone AS studentphone FROM job_invite invite  JOIN job_company company ON invite.cno=company.id  JOIN job_student student ON invite.sno=student.id ORDER BY invite.accept_time desc  [ RunTime:0.000000s ]
ERR: 1054:Unknown column 'invite.message' in 'field list'
 [ SQL语句 ] : SELECT invite.id AS id,invite.sno AS sno,invite.cno AS cno,invite.type AS type,invite.invite_time AS invite_time,invite.accept_time AS accept_time,invite.detail AS detail,invite.message AS message,company.id AS companyid,company.rname AS companyname,company.name AS companyemail,company.resume AS resume,company.phone AS companyphone,student.id AS studentid,student.rname AS studentname,student.name AS studentemail,student.address AS address,student.work AS work,student.city AS city,student.city1 AS city1,student.city2 AS city2,student.phone AS studentphone FROM job_invite invite  JOIN job_company company ON invite.cno=company.id  JOIN job_student student ON invite.sno=student.id ORDER BY invite.accept_time desc 
INFO: [ view_parse ] --START--
INFO: [ template_filter ] --START--
INFO: Run Behavior\ContentReplaceBehavior [ RunTime:0.000000s ]
INFO: [ template_filter ] --END-- [ RunTime:0.000000s ]
INFO: Run Behavior\ParseTemplateBehavior [ RunTime:0.015600s ]
INFO: [ view_parse ] --END-- [ RunTime:0.015600s ]
INFO: [ view_filter ] --START--
INFO: Run Behavior\WriteHtmlCacheBehavior [ RunTime:0.000000s ]
INFO: [ view_filter ] --END-- [ RunTime:0.000000s ]
INFO: [ app_end ] --START--
INFO: Run Behavior\ShowPageTraceBehavior [ RunTime:0.000000s ]
INFO: [ app_end ] --END-- [ RunTime:0.000000s ]

[ 2016-04-30T17:01:22+08:00 ] 101.226.66.187 /jobs/index.php/Home/Index/register.html
INFO: [ app_init ] --START--
INFO: Run Behavior\BuildLiteBehavior [ RunTime:0.000000s ]
INFO: [ app_init ] --END-- [ RunTime:0.000000s ]
INFO: [ app_begin ] --START--
INFO: Run Behavior\ReadHtmlCacheBehavior [ RunTime:0.000000s ]
INFO: [ app_begin ] --END-- [ RunTime:0.000000s ]
NOTIC: [8] Undefined index: type C:\xampp\htdocs\jobs\Application\Home\Controller\IndexController.class.php 第 6 行.
INFO: [ view_parse ] --START--
INFO: [ template_filter ] --START--
INFO: Run Behavior\ContentReplaceBehavior [ RunTime:0.000000s ]
INFO: [ template_filter ] --END-- [ RunTime:0.000000s ]
INFO: Run Behavior\ParseTemplateBehavior [ RunTime:0.015600s ]
INFO: [ view_parse ] --END-- [ RunTime:0.015600s ]
INFO: [ view_filter ] --START--
INFO: Run Behavior\WriteHtmlCacheBehavior [ RunTime:0.000000s ]
INFO: [ view_filter ] --END-- [ RunTime:0.000000s ]
INFO: [ app_end ] --START--
INFO: Run Behavior\ShowPageTraceBehavior [ RunTime:0.000000s ]
INFO: [ app_end ] --END-- [ RunTime:0.000000s ]

[ 2016-04-30T17:03:03+08:00 ] 101.226.89.122 /jobs/index.php/Home/Index/index.html
INFO: [ app_init ] --START--
INFO: Run Behavior\BuildLiteBehavior [ RunTime:0.000000s ]
INFO: [ app_init ] --END-- [ RunTime:0.000000s ]
INFO: [ app_begin ] --START--
INFO: Run Behavior\ReadHtmlCacheBehavior [ RunTime:0.000000s ]
INFO: [ app_begin ] --END-- [ RunTime:0.000000s ]
NOTIC: [8] Undefined index: type C:\xampp\htdocs\jobs\Application\Home\Controller\IndexController.class.php 第 14 行.
SQL: SHOW COLUMNS FROM `job_invite` [ RunTime:0.015600s ]
SQL: SHOW COLUMNS FROM `job_company` [ RunTime:0.000000s ]
SQL: SHOW COLUMNS FROM `job_student` [ RunTime:0.000000s ]
SQL: SELECT invite.id AS id,invite.sno AS sno,invite.cno AS cno,invite.type AS type,invite.invite_time AS invite_time,invite.accept_time AS accept_time,invite.detail AS detail,invite.message AS message,company.id AS companyid,company.rname AS companyname,company.name AS companyemail,company.resume AS resume,company.phone AS companyphone,student.id AS studentid,student.rname AS studentname,student.name AS studentemail,student.address AS address,student.work AS work,student.city AS city,student.city1 AS city1,student.city2 AS city2,student.phone AS studentphone FROM job_invite invite  JOIN job_company company ON invite.cno=company.id  JOIN job_student student ON invite.sno=student.id ORDER BY invite.accept_time desc  [ RunTime:0.000000s ]
ERR: 1054:Unknown column 'invite.message' in 'field list'
 [ SQL语句 ] : SELECT invite.id AS id,invite.sno AS sno,invite.cno AS cno,invite.type AS type,invite.invite_time AS invite_time,invite.accept_time AS accept_time,invite.detail AS detail,invite.message AS message,company.id AS companyid,company.rname AS companyname,company.name AS companyemail,company.resume AS resume,company.phone AS companyphone,student.id AS studentid,student.rname AS studentname,student.name AS studentemail,student.address AS address,student.work AS work,student.city AS city,student.city1 AS city1,student.city2 AS city2,student.phone AS studentphone FROM job_invite invite  JOIN job_company company ON invite.cno=company.id  JOIN job_student student ON invite.sno=student.id ORDER BY invite.accept_time desc 
INFO: [ view_parse ] --START--
INFO: [ template_filter ] --START--
INFO: Run Behavior\ContentReplaceBehavior [ RunTime:0.000000s ]
INFO: [ template_filter ] --END-- [ RunTime:0.000000s ]
INFO: Run Behavior\ParseTemplateBehavior [ RunTime:0.015600s ]
INFO: [ view_parse ] --END-- [ RunTime:0.015600s ]
INFO: [ view_filter ] --START--
INFO: Run Behavior\WriteHtmlCacheBehavior [ RunTime:0.000000s ]
INFO: [ view_filter ] --END-- [ RunTime:0.000000s ]
INFO: [ app_end ] --START--
INFO: Run Behavior\ShowPageTraceBehavior [ RunTime:0.000000s ]
INFO: [ app_end ] --END-- [ RunTime:0.000000s ]

[ 2016-04-30T17:04:20+08:00 ] 220.181.132.216 /jobs/
INFO: [ app_init ] --START--
INFO: Run Behavior\BuildLiteBehavior [ RunTime:0.000000s ]
INFO: [ app_init ] --END-- [ RunTime:0.000000s ]
INFO: [ app_begin ] --START--
INFO: Run Behavior\ReadHtmlCacheBehavior [ RunTime:0.015600s ]
INFO: [ app_begin ] --END-- [ RunTime:0.015600s ]
NOTIC: [8] Undefined index: type C:\xampp\htdocs\jobs\Application\Home\Controller\IndexController.class.php 第 14 行.
SQL: SHOW COLUMNS FROM `job_invite` [ RunTime:0.000000s ]
SQL: SHOW COLUMNS FROM `job_company` [ RunTime:0.000000s ]
SQL: SHOW COLUMNS FROM `job_student` [ RunTime:0.015600s ]
SQL: SELECT invite.id AS id,invite.sno AS sno,invite.cno AS cno,invite.type AS type,invite.invite_time AS invite_time,invite.accept_time AS accept_time,invite.detail AS detail,invite.message AS message,company.id AS companyid,company.rname AS companyname,company.name AS companyemail,company.resume AS resume,company.phone AS companyphone,student.id AS studentid,student.rname AS studentname,student.name AS studentemail,student.address AS address,student.work AS work,student.city AS city,student.city1 AS city1,student.city2 AS city2,student.phone AS studentphone FROM job_invite invite  JOIN job_company company ON invite.cno=company.id  JOIN job_student student ON invite.sno=student.id ORDER BY invite.accept_time desc  [ RunTime:0.000000s ]
ERR: 1054:Unknown column 'invite.message' in 'field list'
 [ SQL语句 ] : SELECT invite.id AS id,invite.sno AS sno,invite.cno AS cno,invite.type AS type,invite.invite_time AS invite_time,invite.accept_time AS accept_time,invite.detail AS detail,invite.message AS message,company.id AS companyid,company.rname AS companyname,company.name AS companyemail,company.resume AS resume,company.phone AS companyphone,student.id AS studentid,student.rname AS studentname,student.name AS studentemail,student.address AS address,student.work AS work,student.city AS city,student.city1 AS city1,student.city2 AS city2,student.phone AS studentphone FROM job_invite invite  JOIN job_company company ON invite.cno=company.id  JOIN job_student student ON invite.sno=student.id ORDER BY invite.accept_time desc 
INFO: [ view_parse ] --START--
INFO: [ template_filter ] --START--
INFO: Run Behavior\ContentReplaceBehavior [ RunTime:0.000000s ]
INFO: [ template_filter ] --END-- [ RunTime:0.000000s ]
INFO: Run Behavior\ParseTemplateBehavior [ RunTime:0.015600s ]
INFO: [ view_parse ] --END-- [ RunTime:0.015600s ]
INFO: [ view_filter ] --START--
INFO: Run Behavior\WriteHtmlCacheBehavior [ RunTime:0.000000s ]
INFO: [ view_filter ] --END-- [ RunTime:0.000000s ]
INFO: [ app_end ] --START--
INFO: Run Behavior\ShowPageTraceBehavior [ RunTime:0.000000s ]
INFO: [ app_end ] --END-- [ RunTime:0.000000s ]

[ 2016-04-30T17:04:32+08:00 ] 101.199.112.53 /jobs/
INFO: [ app_init ] --START--
INFO: Run Behavior\BuildLiteBehavior [ RunTime:0.000000s ]
INFO: [ app_init ] --END-- [ RunTime:0.000000s ]
INFO: [ app_begin ] --START--
INFO: Run Behavior\ReadHtmlCacheBehavior [ RunTime:0.000000s ]
INFO: [ app_begin ] --END-- [ RunTime:0.000000s ]
NOTIC: [8] Undefined index: type C:\xampp\htdocs\jobs\Application\Home\Controller\IndexController.class.php 第 14 行.
SQL: SHOW COLUMNS FROM `job_invite` [ RunTime:0.000000s ]
SQL: SHOW COLUMNS FROM `job_company` [ RunTime:0.000000s ]
SQL: SHOW COLUMNS FROM `job_student` [ RunTime:0.000000s ]
SQL: SELECT invite.id AS id,invite.sno AS sno,invite.cno AS cno,invite.type AS type,invite.invite_time AS invite_time,invite.accept_time AS accept_time,invite.detail AS detail,invite.message AS message,company.id AS companyid,company.rname AS companyname,company.name AS companyemail,company.resume AS resume,company.phone AS companyphone,student.id AS studentid,student.rname AS studentname,student.name AS studentemail,student.address AS address,student.work AS work,student.city AS city,student.city1 AS city1,student.city2 AS city2,student.phone AS studentphone FROM job_invite invite  JOIN job_company company ON invite.cno=company.id  JOIN job_student student ON invite.sno=student.id ORDER BY invite.accept_time desc  [ RunTime:0.000000s ]
ERR: 1054:Unknown column 'invite.message' in 'field list'
 [ SQL语句 ] : SELECT invite.id AS id,invite.sno AS sno,invite.cno AS cno,invite.type AS type,invite.invite_time AS invite_time,invite.accept_time AS accept_time,invite.detail AS detail,invite.message AS message,company.id AS companyid,company.rname AS companyname,company.name AS companyemail,company.resume AS resume,company.phone AS companyphone,student.id AS studentid,student.rname AS studentname,student.name AS studentemail,student.address AS address,student.work AS work,student.city AS city,student.city1 AS city1,student.city2 AS city2,student.phone AS studentphone FROM job_invite invite  JOIN job_company company ON invite.cno=company.id  JOIN job_student student ON invite.sno=student.id ORDER BY invite.accept_time desc 
INFO: [ view_parse ] --START--
INFO: [ template_filter ] --START--
INFO: Run Behavior\ContentReplaceBehavior [ RunTime:0.000000s ]
INFO: [ template_filter ] --END-- [ RunTime:0.000000s ]
INFO: Run Behavior\ParseTemplateBehavior [ RunTime:0.015600s ]
INFO: [ view_parse ] --END-- [ RunTime:0.015600s ]
INFO: [ view_filter ] --START--
INFO: Run Behavior\WriteHtmlCacheBehavior [ RunTime:0.000000s ]
INFO: [ view_filter ] --END-- [ RunTime:0.000000s ]
INFO: [ app_end ] --START--
INFO: Run Behavior\ShowPageTraceBehavior [ RunTime:0.000000s ]
INFO: [ app_end ] --END-- [ RunTime:0.000000s ]

[ 2016-04-30T17:05:26+08:00 ] 10.8.143.181 /jobs/index.php/Home/Index/studentaddHandle.html
INFO: [ app_init ] --START--
INFO: Run Behavior\BuildLiteBehavior [ RunTime:0.000000s ]
INFO: [ app_init ] --END-- [ RunTime:0.000000s ]
INFO: [ app_begin ] --START--
INFO: Run Behavior\ReadHtmlCacheBehavior [ RunTime:0.000000s ]
INFO: [ app_begin ] --END-- [ RunTime:0.000000s ]
SQL: SHOW COLUMNS FROM `job_student` [ RunTime:0.000000s ]
SQL: UPDATE `job_student` SET `nplace`='福建省泉州市德化县',`address`='福建省泉州市德化县县城后中路10',`work`='软件研发类',`phone`='18361352116',`email`='www.741784187@qq.com',`resume`='<p>				</p><p>第一学历：教育技术学</p><p>第二学历：财务会计与审计</p><p><br/></p><p>能力： 计算机软件应用：C语言、java、网页设计、摄影摄像、影视后期编辑制作、Photoshop等</p><p>兴趣爱好：各类体育项目</p><p>			</p>',`status`=1 WHERE `name` = '130095047' [ RunTime:0.015600s ]
INFO: [ view_parse ] --START--
INFO: [ template_filter ] --START--
INFO: Run Behavior\ContentReplaceBehavior [ RunTime:0.000000s ]
INFO: [ template_filter ] --END-- [ RunTime:0.000000s ]
INFO: Run Behavior\ParseTemplateBehavior [ RunTime:0.015600s ]
INFO: [ view_parse ] --END-- [ RunTime:0.015600s ]
INFO: [ view_filter ] --START--
INFO: Run Behavior\WriteHtmlCacheBehavior [ RunTime:0.000000s ]
INFO: [ view_filter ] --END-- [ RunTime:0.000000s ]
INFO: [ app_end ] --START--
INFO: Run Behavior\ShowPageTraceBehavior [ RunTime:0.000000s ]
INFO: [ app_end ] --END-- [ RunTime:0.000000s ]

[ 2016-04-30T17:05:27+08:00 ] 10.8.143.181 /jobs/index.php/Home/Index/lists.html
INFO: [ app_init ] --START--
INFO: Run Behavior\BuildLiteBehavior [ RunTime:0.000000s ]
INFO: [ app_init ] --END-- [ RunTime:0.000000s ]
INFO: [ app_begin ] --START--
INFO: Run Behavior\ReadHtmlCacheBehavior [ RunTime:0.000000s ]
INFO: [ app_begin ] --END-- [ RunTime:0.000000s ]
SQL: SHOW COLUMNS FROM `job_student` [ RunTime:0.000000s ]
SQL: SELECT * FROM `job_student` WHERE `name` = '130095047' LIMIT 1   [ RunTime:0.343201s ]
SQL: SHOW COLUMNS FROM `job_invite` [ RunTime:0.000000s ]
SQL: SHOW COLUMNS FROM `job_company` [ RunTime:0.000000s ]
SQL: SELECT invite.id AS id,invite.sno AS sno,invite.cno AS cno,invite.type AS type,invite.invite_time AS invite_time,invite.accept_time AS accept_time,invite.detail AS detail,invite.message AS message,company.id AS companyid,company.rname AS companyname,company.name AS companyemail,company.resume AS resume,company.phone AS companyphone,student.id AS studentid,student.rname AS studentname,student.name AS studentemail,student.address AS address,student.work AS work,student.city AS city,student.city1 AS city1,student.city2 AS city2,student.phone AS studentphone FROM job_invite invite  JOIN job_company company ON invite.cno=company.id  JOIN job_student student ON invite.sno=student.id WHERE invite.sno = '1011'  [ RunTime:0.000000s ]
ERR: 1054:Unknown column 'invite.message' in 'field list'
 [ SQL语句 ] : SELECT invite.id AS id,invite.sno AS sno,invite.cno AS cno,invite.type AS type,invite.invite_time AS invite_time,invite.accept_time AS accept_time,invite.detail AS detail,invite.message AS message,company.id AS companyid,company.rname AS companyname,company.name AS companyemail,company.resume AS resume,company.phone AS companyphone,student.id AS studentid,student.rname AS studentname,student.name AS studentemail,student.address AS address,student.work AS work,student.city AS city,student.city1 AS city1,student.city2 AS city2,student.phone AS studentphone FROM job_invite invite  JOIN job_company company ON invite.cno=company.id  JOIN job_student student ON invite.sno=student.id WHERE invite.sno = '1011' 
INFO: [ view_parse ] --START--
INFO: [ template_filter ] --START--
INFO: Run Behavior\ContentReplaceBehavior [ RunTime:0.000000s ]
INFO: [ template_filter ] --END-- [ RunTime:0.000000s ]
INFO: Run Behavior\ParseTemplateBehavior [ RunTime:0.015600s ]
INFO: [ view_parse ] --END-- [ RunTime:0.015600s ]
INFO: [ view_filter ] --START--
INFO: Run Behavior\WriteHtmlCacheBehavior [ RunTime:0.000000s ]
INFO: [ view_filter ] --END-- [ RunTime:0.015600s ]
INFO: [ app_end ] --START--
INFO: Run Behavior\ShowPageTraceBehavior [ RunTime:0.000000s ]
INFO: [ app_end ] --END-- [ RunTime:0.000000s ]

[ 2016-04-30T17:05:40+08:00 ] 10.8.143.181 /jobs/index.php/Home/Index/studentedit/id/1011.html
INFO: [ app_init ] --START--
INFO: Run Behavior\BuildLiteBehavior [ RunTime:0.000000s ]
INFO: [ app_init ] --END-- [ RunTime:0.000000s ]
INFO: [ app_begin ] --START--
INFO: Run Behavior\ReadHtmlCacheBehavior [ RunTime:0.000000s ]
INFO: [ app_begin ] --END-- [ RunTime:0.000000s ]
SQL: SHOW COLUMNS FROM `job_student` [ RunTime:0.000000s ]
SQL: SELECT * FROM `job_student` WHERE `name` = '130095047'  [ RunTime:0.000000s ]
INFO: [ view_parse ] --START--
INFO: [ template_filter ] --START--
INFO: Run Behavior\ContentReplaceBehavior [ RunTime:0.000000s ]
INFO: [ template_filter ] --END-- [ RunTime:0.000000s ]
INFO: Run Behavior\ParseTemplateBehavior [ RunTime:0.015600s ]
INFO: [ view_parse ] --END-- [ RunTime:0.015600s ]
INFO: [ view_filter ] --START--
INFO: Run Behavior\WriteHtmlCacheBehavior [ RunTime:0.000000s ]
INFO: [ view_filter ] --END-- [ RunTime:0.000000s ]
INFO: [ app_end ] --START--
INFO: Run Behavior\ShowPageTraceBehavior [ RunTime:0.000000s ]
INFO: [ app_end ] --END-- [ RunTime:0.000000s ]

[ 2016-04-30T17:05:55+08:00 ] 10.8.143.181 /jobs/index.php/Home/Index/showresume/id/1011.html
INFO: [ app_init ] --START--
INFO: Run Behavior\BuildLiteBehavior [ RunTime:0.000000s ]
INFO: [ app_init ] --END-- [ RunTime:0.000000s ]
INFO: [ app_begin ] --START--
INFO: Run Behavior\ReadHtmlCacheBehavior [ RunTime:0.000000s ]
INFO: [ app_begin ] --END-- [ RunTime:0.000000s ]
SQL: SHOW COLUMNS FROM `job_student` [ RunTime:0.000000s ]
SQL: SELECT * FROM `job_student` WHERE `id` = 1011  [ RunTime:0.000000s ]
INFO: [ view_parse ] --START--
INFO: [ template_filter ] --START--
INFO: Run Behavior\ContentReplaceBehavior [ RunTime:0.000000s ]
INFO: [ template_filter ] --END-- [ RunTime:0.000000s ]
INFO: Run Behavior\ParseTemplateBehavior [ RunTime:0.015600s ]
INFO: [ view_parse ] --END-- [ RunTime:0.015600s ]
INFO: [ view_filter ] --START--
INFO: Run Behavior\WriteHtmlCacheBehavior [ RunTime:0.000000s ]
INFO: [ view_filter ] --END-- [ RunTime:0.000000s ]
INFO: [ app_end ] --START--
INFO: Run Behavior\ShowPageTraceBehavior [ RunTime:0.000000s ]
INFO: [ app_end ] --END-- [ RunTime:0.000000s ]

[ 2016-04-30T17:06:05+08:00 ] 10.8.143.181 /jobs/index.php/Home/Index/studentedit/id/1011.html
INFO: [ app_init ] --START--
INFO: Run Behavior\BuildLiteBehavior [ RunTime:0.000000s ]
INFO: [ app_init ] --END-- [ RunTime:0.000000s ]
INFO: [ app_begin ] --START--
INFO: Run Behavior\ReadHtmlCacheBehavior [ RunTime:0.015600s ]
INFO: [ app_begin ] --END-- [ RunTime:0.015600s ]
SQL: SHOW COLUMNS FROM `job_student` [ RunTime:0.000000s ]
SQL: SELECT * FROM `job_student` WHERE `name` = '130095047'  [ RunTime:0.000000s ]
INFO: [ view_parse ] --START--
INFO: [ template_filter ] --START--
INFO: Run Behavior\ContentReplaceBehavior [ RunTime:0.000000s ]
INFO: [ template_filter ] --END-- [ RunTime:0.000000s ]
INFO: Run Behavior\ParseTemplateBehavior [ RunTime:0.015600s ]
INFO: [ view_parse ] --END-- [ RunTime:0.015600s ]
INFO: [ view_filter ] --START--
INFO: Run Behavior\WriteHtmlCacheBehavior [ RunTime:0.000000s ]
INFO: [ view_filter ] --END-- [ RunTime:0.000000s ]
INFO: [ app_end ] --START--
INFO: Run Behavior\ShowPageTraceBehavior [ RunTime:0.000000s ]
INFO: [ app_end ] --END-- [ RunTime:0.000000s ]

[ 2016-04-30T17:06:31+08:00 ] 10.8.143.181 /jobs/index.php/Home/Index/showresume/id/1011.html
INFO: [ app_init ] --START--
INFO: Run Behavior\BuildLiteBehavior [ RunTime:0.000000s ]
INFO: [ app_init ] --END-- [ RunTime:0.000000s ]
INFO: [ app_begin ] --START--
INFO: Run Behavior\ReadHtmlCacheBehavior [ RunTime:0.000000s ]
INFO: [ app_begin ] --END-- [ RunTime:0.000000s ]
SQL: SHOW COLUMNS FROM `job_student` [ RunTime:0.000000s ]
SQL: SELECT * FROM `job_student` WHERE `id` = 1011  [ RunTime:0.000000s ]
INFO: [ view_parse ] --START--
INFO: [ template_filter ] --START--
INFO: Run Behavior\ContentReplaceBehavior [ RunTime:0.000000s ]
INFO: [ template_filter ] --END-- [ RunTime:0.000000s ]
INFO: Run Behavior\ParseTemplateBehavior [ RunTime:0.015600s ]
INFO: [ view_parse ] --END-- [ RunTime:0.015600s ]
INFO: [ view_filter ] --START--
INFO: Run Behavior\WriteHtmlCacheBehavior [ RunTime:0.000000s ]
INFO: [ view_filter ] --END-- [ RunTime:0.000000s ]
INFO: [ app_end ] --START--
INFO: Run Behavior\ShowPageTraceBehavior [ RunTime:0.000000s ]
INFO: [ app_end ] --END-- [ RunTime:0.000000s ]

[ 2016-04-30T17:07:00+08:00 ] 10.8.143.181 /jobs/index.php/Home/Index/studentedit/id/1011.html
INFO: [ app_init ] --START--
INFO: Run Behavior\BuildLiteBehavior [ RunTime:0.000000s ]
INFO: [ app_init ] --END-- [ RunTime:0.000000s ]
INFO: [ app_begin ] --START--
INFO: Run Behavior\ReadHtmlCacheBehavior [ RunTime:0.000000s ]
INFO: [ app_begin ] --END-- [ RunTime:0.000000s ]
SQL: SHOW COLUMNS FROM `job_student` [ RunTime:0.000000s ]
SQL: SELECT * FROM `job_student` WHERE `name` = '130095047'  [ RunTime:0.000000s ]
INFO: [ view_parse ] --START--
INFO: [ template_filter ] --START--
INFO: Run Behavior\ContentReplaceBehavior [ RunTime:0.000000s ]
INFO: [ template_filter ] --END-- [ RunTime:0.000000s ]
INFO: Run Behavior\ParseTemplateBehavior [ RunTime:0.015600s ]
INFO: [ view_parse ] --END-- [ RunTime:0.015600s ]
INFO: [ view_filter ] --START--
INFO: Run Behavior\WriteHtmlCacheBehavior [ RunTime:0.000000s ]
INFO: [ view_filter ] --END-- [ RunTime:0.000000s ]
INFO: [ app_end ] --START--
INFO: Run Behavior\ShowPageTraceBehavior [ RunTime:0.000000s ]
INFO: [ app_end ] --END-- [ RunTime:0.000000s ]

[ 2016-04-30T17:08:42+08:00 ] 10.8.143.181 /jobs/index.php/Home/Index/studentaddHandle.html
INFO: [ app_init ] --START--
INFO: Run Behavior\BuildLiteBehavior [ RunTime:0.000000s ]
INFO: [ app_init ] --END-- [ RunTime:0.000000s ]
INFO: [ app_begin ] --START--
INFO: Run Behavior\ReadHtmlCacheBehavior [ RunTime:0.000000s ]
INFO: [ app_begin ] --END-- [ RunTime:0.000000s ]
SQL: SHOW COLUMNS FROM `job_student` [ RunTime:0.000000s ]
SQL: UPDATE `job_student` SET `nplace`='福建省泉州市德化县',`address`='福建省泉州市德化县县城后中路10',`work`='软件研发类',`phone`='18361352116',`email`='www.741784187@qq.com',`resume`='<p>				</p><p>&nbsp;</p><p>第一学历：教育技术学</p><p>第二学历：财务会计与审计</p><p><br/></p><p>能力： 计算机软件应用：C语言、java、网页设计、摄影摄像、影视后期编辑制作、Photoshop等 ； 基础财务会计与审计的应用能力。</p><p>兴趣爱好：各类体育项目</p><p>&nbsp;</p><p>			</p>',`status`=1 WHERE `name` = '130095047' [ RunTime:0.031200s ]
INFO: [ view_parse ] --START--
INFO: [ template_filter ] --START--
INFO: Run Behavior\ContentReplaceBehavior [ RunTime:0.000000s ]
INFO: [ template_filter ] --END-- [ RunTime:0.000000s ]
INFO: Run Behavior\ParseTemplateBehavior [ RunTime:0.000000s ]
INFO: [ view_parse ] --END-- [ RunTime:0.000000s ]
INFO: [ view_filter ] --START--
INFO: Run Behavior\WriteHtmlCacheBehavior [ RunTime:0.000000s ]
INFO: [ view_filter ] --END-- [ RunTime:0.000000s ]
INFO: [ app_end ] --START--
INFO: Run Behavior\ShowPageTraceBehavior [ RunTime:0.000000s ]
INFO: [ app_end ] --END-- [ RunTime:0.000000s ]

[ 2016-04-30T17:08:44+08:00 ] 10.8.143.181 /jobs/index.php/Home/Index/lists.html
INFO: [ app_init ] --START--
INFO: Run Behavior\BuildLiteBehavior [ RunTime:0.000000s ]
INFO: [ app_init ] --END-- [ RunTime:0.000000s ]
INFO: [ app_begin ] --START--
INFO: Run Behavior\ReadHtmlCacheBehavior [ RunTime:0.000000s ]
INFO: [ app_begin ] --END-- [ RunTime:0.000000s ]
SQL: SHOW COLUMNS FROM `job_student` [ RunTime:0.000000s ]
SQL: SELECT * FROM `job_student` WHERE `name` = '130095047' LIMIT 1   [ RunTime:0.046800s ]
SQL: SHOW COLUMNS FROM `job_invite` [ RunTime:0.000000s ]
SQL: SHOW COLUMNS FROM `job_company` [ RunTime:0.000000s ]
SQL: SELECT invite.id AS id,invite.sno AS sno,invite.cno AS cno,invite.type AS type,invite.invite_time AS invite_time,invite.accept_time AS accept_time,invite.detail AS detail,invite.message AS message,company.id AS companyid,company.rname AS companyname,company.name AS companyemail,company.resume AS resume,company.phone AS companyphone,student.id AS studentid,student.rname AS studentname,student.name AS studentemail,student.address AS address,student.work AS work,student.city AS city,student.city1 AS city1,student.city2 AS city2,student.phone AS studentphone FROM job_invite invite  JOIN job_company company ON invite.cno=company.id  JOIN job_student student ON invite.sno=student.id WHERE invite.sno = '1011'  [ RunTime:0.000000s ]
ERR: 1054:Unknown column 'invite.message' in 'field list'
 [ SQL语句 ] : SELECT invite.id AS id,invite.sno AS sno,invite.cno AS cno,invite.type AS type,invite.invite_time AS invite_time,invite.accept_time AS accept_time,invite.detail AS detail,invite.message AS message,company.id AS companyid,company.rname AS companyname,company.name AS companyemail,company.resume AS resume,company.phone AS companyphone,student.id AS studentid,student.rname AS studentname,student.name AS studentemail,student.address AS address,student.work AS work,student.city AS city,student.city1 AS city1,student.city2 AS city2,student.phone AS studentphone FROM job_invite invite  JOIN job_company company ON invite.cno=company.id  JOIN job_student student ON invite.sno=student.id WHERE invite.sno = '1011' 
INFO: [ view_parse ] --START--
INFO: [ template_filter ] --START--
INFO: Run Behavior\ContentReplaceBehavior [ RunTime:0.000000s ]
INFO: [ template_filter ] --END-- [ RunTime:0.000000s ]
INFO: Run Behavior\ParseTemplateBehavior [ RunTime:0.015600s ]
INFO: [ view_parse ] --END-- [ RunTime:0.015600s ]
INFO: [ view_filter ] --START--
INFO: Run Behavior\WriteHtmlCacheBehavior [ RunTime:0.000000s ]
INFO: [ view_filter ] --END-- [ RunTime:0.000000s ]
INFO: [ app_end ] --START--
INFO: Run Behavior\ShowPageTraceBehavior [ RunTime:0.000000s ]
INFO: [ app_end ] --END-- [ RunTime:0.000000s ]

[ 2016-04-30T17:08:45+08:00 ] 10.8.143.181 /jobs/index.php/Home/Index/showresume/id/1011.html
INFO: [ app_init ] --START--
INFO: Run Behavior\BuildLiteBehavior [ RunTime:0.000000s ]
INFO: [ app_init ] --END-- [ RunTime:0.000000s ]
INFO: [ app_begin ] --START--
INFO: Run Behavior\ReadHtmlCacheBehavior [ RunTime:0.000000s ]
INFO: [ app_begin ] --END-- [ RunTime:0.000000s ]
SQL: SHOW COLUMNS FROM `job_student` [ RunTime:0.015600s ]
SQL: SELECT * FROM `job_student` WHERE `id` = 1011  [ RunTime:0.000000s ]
INFO: [ view_parse ] --START--
INFO: [ template_filter ] --START--
INFO: Run Behavior\ContentReplaceBehavior [ RunTime:0.000000s ]
INFO: [ template_filter ] --END-- [ RunTime:0.015600s ]
INFO: Run Behavior\ParseTemplateBehavior [ RunTime:0.015600s ]
INFO: [ view_parse ] --END-- [ RunTime:0.015600s ]
INFO: [ view_filter ] --START--
INFO: Run Behavior\WriteHtmlCacheBehavior [ RunTime:0.000000s ]
INFO: [ view_filter ] --END-- [ RunTime:0.000000s ]
INFO: [ app_end ] --START--
INFO: Run Behavior\ShowPageTraceBehavior [ RunTime:0.000000s ]
INFO: [ app_end ] --END-- [ RunTime:0.000000s ]

