[ 2016-12-29T08:18:11+08:00 ] 10.8.180.215 //jobs/
INFO: [ app_init ] --START--
INFO: Run Behavior\BuildLiteBehavior [ RunTime:0.000000s ]
INFO: [ app_init ] --END-- [ RunTime:0.000000s ]
INFO: [ app_begin ] --START--
INFO: Run Behavior\ReadHtmlCacheBehavior [ RunTime:0.000000s ]
INFO: [ app_begin ] --END-- [ RunTime:0.000000s ]
NOTIC: [8] Undefined index: type C:\xampp\htdocs\jobs\Application\Home\Controller\IndexController.class.php 第 14 行.
SQL: SHOW COLUMNS FROM `job_invite` [ RunTime:0.000000s ]
SQL: SHOW COLUMNS FROM `job_company` [ RunTime:0.000000s ]
SQL: SHOW COLUMNS FROM `job_student` [ RunTime:0.000000s ]
SQL: SELECT invite.id AS id,invite.sno AS sno,invite.cno AS cno,invite.type AS type,invite.invite_time AS invite_time,invite.accept_time AS accept_time,invite.detail AS detail,invite.message AS message,company.id AS companyid,company.rname AS companyname,company.name AS companyemail,company.resume AS resume,company.phone AS companyphone,student.id AS studentid,student.rname AS studentname,student.name AS studentemail,student.address AS address,student.work AS work,student.city AS city,student.city1 AS city1,student.city2 AS city2,student.phone AS studentphone FROM job_invite invite  JOIN job_company company ON invite.cno=company.id  JOIN job_student student ON invite.sno=student.id ORDER BY invite.accept_time desc  [ RunTime:0.000000s ]
ERR: 1054:Unknown column 'invite.message' in 'field list'
 [ SQL语句 ] : SELECT invite.id AS id,invite.sno AS sno,invite.cno AS cno,invite.type AS type,invite.invite_time AS invite_time,invite.accept_time AS accept_time,invite.detail AS detail,invite.message AS message,company.id AS companyid,company.rname AS companyname,company.name AS companyemail,company.resume AS resume,company.phone AS companyphone,student.id AS studentid,student.rname AS studentname,student.name AS studentemail,student.address AS address,student.work AS work,student.city AS city,student.city1 AS city1,student.city2 AS city2,student.phone AS studentphone FROM job_invite invite  JOIN job_company company ON invite.cno=company.id  JOIN job_student student ON invite.sno=student.id ORDER BY invite.accept_time desc 
INFO: [ view_parse ] --START--
INFO: [ template_filter ] --START--
INFO: Run Behavior\ContentReplaceBehavior [ RunTime:0.000000s ]
INFO: [ template_filter ] --END-- [ RunTime:0.000000s ]
INFO: Run Behavior\ParseTemplateBehavior [ RunTime:0.015600s ]
INFO: [ view_parse ] --END-- [ RunTime:0.015600s ]
INFO: [ view_filter ] --START--
INFO: Run Behavior\WriteHtmlCacheBehavior [ RunTime:0.000000s ]
INFO: [ view_filter ] --END-- [ RunTime:0.000000s ]
INFO: [ app_end ] --START--
INFO: Run Behavior\ShowPageTraceBehavior [ RunTime:0.000000s ]
INFO: [ app_end ] --END-- [ RunTime:0.000000s ]

[ 2016-12-29T08:18:30+08:00 ] 10.8.180.215 //jobs/
INFO: [ app_init ] --START--
INFO: Run Behavior\BuildLiteBehavior [ RunTime:0.000000s ]
INFO: [ app_init ] --END-- [ RunTime:0.000000s ]
INFO: [ app_begin ] --START--
INFO: Run Behavior\ReadHtmlCacheBehavior [ RunTime:0.000000s ]
INFO: [ app_begin ] --END-- [ RunTime:0.000000s ]
NOTIC: [8] Undefined index: type C:\xampp\htdocs\jobs\Application\Home\Controller\IndexController.class.php 第 14 行.
SQL: SHOW COLUMNS FROM `job_invite` [ RunTime:0.000000s ]
SQL: SHOW COLUMNS FROM `job_company` [ RunTime:0.000000s ]
SQL: SHOW COLUMNS FROM `job_student` [ RunTime:0.000000s ]
SQL: SELECT invite.id AS id,invite.sno AS sno,invite.cno AS cno,invite.type AS type,invite.invite_time AS invite_time,invite.accept_time AS accept_time,invite.detail AS detail,invite.message AS message,company.id AS companyid,company.rname AS companyname,company.name AS companyemail,company.resume AS resume,company.phone AS companyphone,student.id AS studentid,student.rname AS studentname,student.name AS studentemail,student.address AS address,student.work AS work,student.city AS city,student.city1 AS city1,student.city2 AS city2,student.phone AS studentphone FROM job_invite invite  JOIN job_company company ON invite.cno=company.id  JOIN job_student student ON invite.sno=student.id ORDER BY invite.accept_time desc  [ RunTime:0.000000s ]
ERR: 1054:Unknown column 'invite.message' in 'field list'
 [ SQL语句 ] : SELECT invite.id AS id,invite.sno AS sno,invite.cno AS cno,invite.type AS type,invite.invite_time AS invite_time,invite.accept_time AS accept_time,invite.detail AS detail,invite.message AS message,company.id AS companyid,company.rname AS companyname,company.name AS companyemail,company.resume AS resume,company.phone AS companyphone,student.id AS studentid,student.rname AS studentname,student.name AS studentemail,student.address AS address,student.work AS work,student.city AS city,student.city1 AS city1,student.city2 AS city2,student.phone AS studentphone FROM job_invite invite  JOIN job_company company ON invite.cno=company.id  JOIN job_student student ON invite.sno=student.id ORDER BY invite.accept_time desc 
INFO: [ view_parse ] --START--
INFO: [ template_filter ] --START--
INFO: Run Behavior\ContentReplaceBehavior [ RunTime:0.000000s ]
INFO: [ template_filter ] --END-- [ RunTime:0.000000s ]
INFO: Run Behavior\ParseTemplateBehavior [ RunTime:0.000000s ]
INFO: [ view_parse ] --END-- [ RunTime:0.000000s ]
INFO: [ view_filter ] --START--
INFO: Run Behavior\WriteHtmlCacheBehavior [ RunTime:0.000000s ]
INFO: [ view_filter ] --END-- [ RunTime:0.000000s ]
INFO: [ app_end ] --START--
INFO: Run Behavior\ShowPageTraceBehavior [ RunTime:0.000000s ]
INFO: [ app_end ] --END-- [ RunTime:0.000000s ]

[ 2016-12-29T08:19:24+08:00 ] 106.120.161.68 //jobs/
INFO: [ app_init ] --START--
INFO: Run Behavior\BuildLiteBehavior [ RunTime:0.000000s ]
INFO: [ app_init ] --END-- [ RunTime:0.000000s ]
INFO: [ app_begin ] --START--
INFO: Run Behavior\ReadHtmlCacheBehavior [ RunTime:0.000000s ]
INFO: [ app_begin ] --END-- [ RunTime:0.000000s ]
NOTIC: [8] Undefined index: type C:\xampp\htdocs\jobs\Application\Home\Controller\IndexController.class.php 第 14 行.
SQL: SHOW COLUMNS FROM `job_invite` [ RunTime:0.000000s ]
SQL: SHOW COLUMNS FROM `job_company` [ RunTime:0.000000s ]
SQL: SHOW COLUMNS FROM `job_student` [ RunTime:0.000000s ]
SQL: SELECT invite.id AS id,invite.sno AS sno,invite.cno AS cno,invite.type AS type,invite.invite_time AS invite_time,invite.accept_time AS accept_time,invite.detail AS detail,invite.message AS message,company.id AS companyid,company.rname AS companyname,company.name AS companyemail,company.resume AS resume,company.phone AS companyphone,student.id AS studentid,student.rname AS studentname,student.name AS studentemail,student.address AS address,student.work AS work,student.city AS city,student.city1 AS city1,student.city2 AS city2,student.phone AS studentphone FROM job_invite invite  JOIN job_company company ON invite.cno=company.id  JOIN job_student student ON invite.sno=student.id ORDER BY invite.accept_time desc  [ RunTime:0.000000s ]
ERR: 1054:Unknown column 'invite.message' in 'field list'
 [ SQL语句 ] : SELECT invite.id AS id,invite.sno AS sno,invite.cno AS cno,invite.type AS type,invite.invite_time AS invite_time,invite.accept_time AS accept_time,invite.detail AS detail,invite.message AS message,company.id AS companyid,company.rname AS companyname,company.name AS companyemail,company.resume AS resume,company.phone AS companyphone,student.id AS studentid,student.rname AS studentname,student.name AS studentemail,student.address AS address,student.work AS work,student.city AS city,student.city1 AS city1,student.city2 AS city2,student.phone AS studentphone FROM job_invite invite  JOIN job_company company ON invite.cno=company.id  JOIN job_student student ON invite.sno=student.id ORDER BY invite.accept_time desc 
INFO: [ view_parse ] --START--
INFO: [ template_filter ] --START--
INFO: Run Behavior\ContentReplaceBehavior [ RunTime:0.000000s ]
INFO: [ template_filter ] --END-- [ RunTime:0.000000s ]
INFO: Run Behavior\ParseTemplateBehavior [ RunTime:0.015600s ]
INFO: [ view_parse ] --END-- [ RunTime:0.015600s ]
INFO: [ view_filter ] --START--
INFO: Run Behavior\WriteHtmlCacheBehavior [ RunTime:0.000000s ]
INFO: [ view_filter ] --END-- [ RunTime:0.000000s ]
INFO: [ app_end ] --START--
INFO: Run Behavior\ShowPageTraceBehavior [ RunTime:0.000000s ]
INFO: [ app_end ] --END-- [ RunTime:0.000000s ]

[ 2016-12-29T08:19:36+08:00 ] 220.181.132.198 //jobs/
INFO: [ app_init ] --START--
INFO: Run Behavior\BuildLiteBehavior [ RunTime:0.000000s ]
INFO: [ app_init ] --END-- [ RunTime:0.000000s ]
INFO: [ app_begin ] --START--
INFO: Run Behavior\ReadHtmlCacheBehavior [ RunTime:0.000000s ]
INFO: [ app_begin ] --END-- [ RunTime:0.000000s ]
NOTIC: [8] Undefined index: type C:\xampp\htdocs\jobs\Application\Home\Controller\IndexController.class.php 第 14 行.
SQL: SHOW COLUMNS FROM `job_invite` [ RunTime:0.000000s ]
SQL: SHOW COLUMNS FROM `job_company` [ RunTime:0.000000s ]
SQL: SHOW COLUMNS FROM `job_student` [ RunTime:0.000000s ]
SQL: SELECT invite.id AS id,invite.sno AS sno,invite.cno AS cno,invite.type AS type,invite.invite_time AS invite_time,invite.accept_time AS accept_time,invite.detail AS detail,invite.message AS message,company.id AS companyid,company.rname AS companyname,company.name AS companyemail,company.resume AS resume,company.phone AS companyphone,student.id AS studentid,student.rname AS studentname,student.name AS studentemail,student.address AS address,student.work AS work,student.city AS city,student.city1 AS city1,student.city2 AS city2,student.phone AS studentphone FROM job_invite invite  JOIN job_company company ON invite.cno=company.id  JOIN job_student student ON invite.sno=student.id ORDER BY invite.accept_time desc  [ RunTime:0.000000s ]
ERR: 1054:Unknown column 'invite.message' in 'field list'
 [ SQL语句 ] : SELECT invite.id AS id,invite.sno AS sno,invite.cno AS cno,invite.type AS type,invite.invite_time AS invite_time,invite.accept_time AS accept_time,invite.detail AS detail,invite.message AS message,company.id AS companyid,company.rname AS companyname,company.name AS companyemail,company.resume AS resume,company.phone AS companyphone,student.id AS studentid,student.rname AS studentname,student.name AS studentemail,student.address AS address,student.work AS work,student.city AS city,student.city1 AS city1,student.city2 AS city2,student.phone AS studentphone FROM job_invite invite  JOIN job_company company ON invite.cno=company.id  JOIN job_student student ON invite.sno=student.id ORDER BY invite.accept_time desc 
INFO: [ view_parse ] --START--
INFO: [ template_filter ] --START--
INFO: Run Behavior\ContentReplaceBehavior [ RunTime:0.000000s ]
INFO: [ template_filter ] --END-- [ RunTime:0.000000s ]
INFO: Run Behavior\ParseTemplateBehavior [ RunTime:0.015600s ]
INFO: [ view_parse ] --END-- [ RunTime:0.015600s ]
INFO: [ view_filter ] --START--
INFO: Run Behavior\WriteHtmlCacheBehavior [ RunTime:0.000000s ]
INFO: [ view_filter ] --END-- [ RunTime:0.000000s ]
INFO: [ app_end ] --START--
INFO: Run Behavior\ShowPageTraceBehavior [ RunTime:0.000000s ]
INFO: [ app_end ] --END-- [ RunTime:0.000000s ]

[ 2016-12-29T08:22:46+08:00 ] 10.8.131.207 //jobs/
INFO: [ app_init ] --START--
INFO: Run Behavior\BuildLiteBehavior [ RunTime:0.000000s ]
INFO: [ app_init ] --END-- [ RunTime:0.000000s ]
INFO: [ app_begin ] --START--
INFO: Run Behavior\ReadHtmlCacheBehavior [ RunTime:0.000000s ]
INFO: [ app_begin ] --END-- [ RunTime:0.000000s ]
NOTIC: [8] Undefined index: type C:\xampp\htdocs\jobs\Application\Home\Controller\IndexController.class.php 第 14 行.
SQL: SHOW COLUMNS FROM `job_invite` [ RunTime:0.000000s ]
SQL: SHOW COLUMNS FROM `job_company` [ RunTime:0.015600s ]
SQL: SHOW COLUMNS FROM `job_student` [ RunTime:0.000000s ]
SQL: SELECT invite.id AS id,invite.sno AS sno,invite.cno AS cno,invite.type AS type,invite.invite_time AS invite_time,invite.accept_time AS accept_time,invite.detail AS detail,invite.message AS message,company.id AS companyid,company.rname AS companyname,company.name AS companyemail,company.resume AS resume,company.phone AS companyphone,student.id AS studentid,student.rname AS studentname,student.name AS studentemail,student.address AS address,student.work AS work,student.city AS city,student.city1 AS city1,student.city2 AS city2,student.phone AS studentphone FROM job_invite invite  JOIN job_company company ON invite.cno=company.id  JOIN job_student student ON invite.sno=student.id ORDER BY invite.accept_time desc  [ RunTime:0.000000s ]
ERR: 1054:Unknown column 'invite.message' in 'field list'
 [ SQL语句 ] : SELECT invite.id AS id,invite.sno AS sno,invite.cno AS cno,invite.type AS type,invite.invite_time AS invite_time,invite.accept_time AS accept_time,invite.detail AS detail,invite.message AS message,company.id AS companyid,company.rname AS companyname,company.name AS companyemail,company.resume AS resume,company.phone AS companyphone,student.id AS studentid,student.rname AS studentname,student.name AS studentemail,student.address AS address,student.work AS work,student.city AS city,student.city1 AS city1,student.city2 AS city2,student.phone AS studentphone FROM job_invite invite  JOIN job_company company ON invite.cno=company.id  JOIN job_student student ON invite.sno=student.id ORDER BY invite.accept_time desc 
INFO: [ view_parse ] --START--
INFO: [ template_filter ] --START--
INFO: Run Behavior\ContentReplaceBehavior [ RunTime:0.000000s ]
INFO: [ template_filter ] --END-- [ RunTime:0.000000s ]
INFO: Run Behavior\ParseTemplateBehavior [ RunTime:0.015600s ]
INFO: [ view_parse ] --END-- [ RunTime:0.015600s ]
INFO: [ view_filter ] --START--
INFO: Run Behavior\WriteHtmlCacheBehavior [ RunTime:0.000000s ]
INFO: [ view_filter ] --END-- [ RunTime:0.000000s ]
INFO: [ app_end ] --START--
INFO: Run Behavior\ShowPageTraceBehavior [ RunTime:0.000000s ]
INFO: [ app_end ] --END-- [ RunTime:0.000000s ]

[ 2016-12-29T09:39:45+08:00 ] 219.230.245.227 //jobs/
INFO: [ app_init ] --START--
INFO: Run Behavior\BuildLiteBehavior [ RunTime:0.000000s ]
INFO: [ app_init ] --END-- [ RunTime:0.000000s ]
INFO: [ app_begin ] --START--
INFO: Run Behavior\ReadHtmlCacheBehavior [ RunTime:0.000000s ]
INFO: [ app_begin ] --END-- [ RunTime:0.000000s ]
NOTIC: [8] Undefined index: type C:\xampp\htdocs\jobs\Application\Home\Controller\IndexController.class.php 第 14 行.
SQL: SHOW COLUMNS FROM `job_invite` [ RunTime:0.000000s ]
SQL: SHOW COLUMNS FROM `job_company` [ RunTime:0.000000s ]
SQL: SHOW COLUMNS FROM `job_student` [ RunTime:0.000000s ]
SQL: SELECT invite.id AS id,invite.sno AS sno,invite.cno AS cno,invite.type AS type,invite.invite_time AS invite_time,invite.accept_time AS accept_time,invite.detail AS detail,invite.message AS message,company.id AS companyid,company.rname AS companyname,company.name AS companyemail,company.resume AS resume,company.phone AS companyphone,student.id AS studentid,student.rname AS studentname,student.name AS studentemail,student.address AS address,student.work AS work,student.city AS city,student.city1 AS city1,student.city2 AS city2,student.phone AS studentphone FROM job_invite invite  JOIN job_company company ON invite.cno=company.id  JOIN job_student student ON invite.sno=student.id ORDER BY invite.accept_time desc  [ RunTime:0.000000s ]
ERR: 1054:Unknown column 'invite.message' in 'field list'
 [ SQL语句 ] : SELECT invite.id AS id,invite.sno AS sno,invite.cno AS cno,invite.type AS type,invite.invite_time AS invite_time,invite.accept_time AS accept_time,invite.detail AS detail,invite.message AS message,company.id AS companyid,company.rname AS companyname,company.name AS companyemail,company.resume AS resume,company.phone AS companyphone,student.id AS studentid,student.rname AS studentname,student.name AS studentemail,student.address AS address,student.work AS work,student.city AS city,student.city1 AS city1,student.city2 AS city2,student.phone AS studentphone FROM job_invite invite  JOIN job_company company ON invite.cno=company.id  JOIN job_student student ON invite.sno=student.id ORDER BY invite.accept_time desc 
INFO: [ view_parse ] --START--
INFO: [ template_filter ] --START--
INFO: Run Behavior\ContentReplaceBehavior [ RunTime:0.000000s ]
INFO: [ template_filter ] --END-- [ RunTime:0.000000s ]
INFO: Run Behavior\ParseTemplateBehavior [ RunTime:0.015600s ]
INFO: [ view_parse ] --END-- [ RunTime:0.015600s ]
INFO: [ view_filter ] --START--
INFO: Run Behavior\WriteHtmlCacheBehavior [ RunTime:0.000000s ]
INFO: [ view_filter ] --END-- [ RunTime:0.000000s ]
INFO: [ app_end ] --START--
INFO: Run Behavior\ShowPageTraceBehavior [ RunTime:0.000000s ]
INFO: [ app_end ] --END-- [ RunTime:0.000000s ]

[ 2016-12-29T09:40:30+08:00 ] 219.230.245.227 //jobs/
INFO: [ app_init ] --START--
INFO: Run Behavior\BuildLiteBehavior [ RunTime:0.000000s ]
INFO: [ app_init ] --END-- [ RunTime:0.000000s ]
INFO: [ app_begin ] --START--
INFO: Run Behavior\ReadHtmlCacheBehavior [ RunTime:0.000000s ]
INFO: [ app_begin ] --END-- [ RunTime:0.000000s ]
NOTIC: [8] Undefined index: type C:\xampp\htdocs\jobs\Application\Home\Controller\IndexController.class.php 第 14 行.
SQL: SHOW COLUMNS FROM `job_invite` [ RunTime:0.000000s ]
SQL: SHOW COLUMNS FROM `job_company` [ RunTime:0.000000s ]
SQL: SHOW COLUMNS FROM `job_student` [ RunTime:0.000000s ]
SQL: SELECT invite.id AS id,invite.sno AS sno,invite.cno AS cno,invite.type AS type,invite.invite_time AS invite_time,invite.accept_time AS accept_time,invite.detail AS detail,invite.message AS message,company.id AS companyid,company.rname AS companyname,company.name AS companyemail,company.resume AS resume,company.phone AS companyphone,student.id AS studentid,student.rname AS studentname,student.name AS studentemail,student.address AS address,student.work AS work,student.city AS city,student.city1 AS city1,student.city2 AS city2,student.phone AS studentphone FROM job_invite invite  JOIN job_company company ON invite.cno=company.id  JOIN job_student student ON invite.sno=student.id ORDER BY invite.accept_time desc  [ RunTime:0.000000s ]
ERR: 1054:Unknown column 'invite.message' in 'field list'
 [ SQL语句 ] : SELECT invite.id AS id,invite.sno AS sno,invite.cno AS cno,invite.type AS type,invite.invite_time AS invite_time,invite.accept_time AS accept_time,invite.detail AS detail,invite.message AS message,company.id AS companyid,company.rname AS companyname,company.name AS companyemail,company.resume AS resume,company.phone AS companyphone,student.id AS studentid,student.rname AS studentname,student.name AS studentemail,student.address AS address,student.work AS work,student.city AS city,student.city1 AS city1,student.city2 AS city2,student.phone AS studentphone FROM job_invite invite  JOIN job_company company ON invite.cno=company.id  JOIN job_student student ON invite.sno=student.id ORDER BY invite.accept_time desc 
INFO: [ view_parse ] --START--
INFO: [ template_filter ] --START--
INFO: Run Behavior\ContentReplaceBehavior [ RunTime:0.000000s ]
INFO: [ template_filter ] --END-- [ RunTime:0.000000s ]
INFO: Run Behavior\ParseTemplateBehavior [ RunTime:0.015600s ]
INFO: [ view_parse ] --END-- [ RunTime:0.015600s ]
INFO: [ view_filter ] --START--
INFO: Run Behavior\WriteHtmlCacheBehavior [ RunTime:0.000000s ]
INFO: [ view_filter ] --END-- [ RunTime:0.000000s ]
INFO: [ app_end ] --START--
INFO: Run Behavior\ShowPageTraceBehavior [ RunTime:0.000000s ]
INFO: [ app_end ] --END-- [ RunTime:0.000000s ]

[ 2016-12-29T09:40:39+08:00 ] 101.226.51.230 /jobs/
INFO: [ app_init ] --START--
INFO: Run Behavior\BuildLiteBehavior [ RunTime:0.000000s ]
INFO: [ app_init ] --END-- [ RunTime:0.000000s ]
INFO: [ app_begin ] --START--
INFO: Run Behavior\ReadHtmlCacheBehavior [ RunTime:0.000000s ]
INFO: [ app_begin ] --END-- [ RunTime:0.000000s ]
NOTIC: [8] Undefined index: type C:\xampp\htdocs\jobs\Application\Home\Controller\IndexController.class.php 第 14 行.
SQL: SHOW COLUMNS FROM `job_invite` [ RunTime:0.000000s ]
SQL: SHOW COLUMNS FROM `job_company` [ RunTime:0.000000s ]
SQL: SHOW COLUMNS FROM `job_student` [ RunTime:0.000000s ]
SQL: SELECT invite.id AS id,invite.sno AS sno,invite.cno AS cno,invite.type AS type,invite.invite_time AS invite_time,invite.accept_time AS accept_time,invite.detail AS detail,invite.message AS message,company.id AS companyid,company.rname AS companyname,company.name AS companyemail,company.resume AS resume,company.phone AS companyphone,student.id AS studentid,student.rname AS studentname,student.name AS studentemail,student.address AS address,student.work AS work,student.city AS city,student.city1 AS city1,student.city2 AS city2,student.phone AS studentphone FROM job_invite invite  JOIN job_company company ON invite.cno=company.id  JOIN job_student student ON invite.sno=student.id ORDER BY invite.accept_time desc  [ RunTime:0.000000s ]
ERR: 1054:Unknown column 'invite.message' in 'field list'
 [ SQL语句 ] : SELECT invite.id AS id,invite.sno AS sno,invite.cno AS cno,invite.type AS type,invite.invite_time AS invite_time,invite.accept_time AS accept_time,invite.detail AS detail,invite.message AS message,company.id AS companyid,company.rname AS companyname,company.name AS companyemail,company.resume AS resume,company.phone AS companyphone,student.id AS studentid,student.rname AS studentname,student.name AS studentemail,student.address AS address,student.work AS work,student.city AS city,student.city1 AS city1,student.city2 AS city2,student.phone AS studentphone FROM job_invite invite  JOIN job_company company ON invite.cno=company.id  JOIN job_student student ON invite.sno=student.id ORDER BY invite.accept_time desc 
INFO: [ view_parse ] --START--
INFO: [ template_filter ] --START--
INFO: Run Behavior\ContentReplaceBehavior [ RunTime:0.000000s ]
INFO: [ template_filter ] --END-- [ RunTime:0.000000s ]
INFO: Run Behavior\ParseTemplateBehavior [ RunTime:0.015600s ]
INFO: [ view_parse ] --END-- [ RunTime:0.015600s ]
INFO: [ view_filter ] --START--
INFO: Run Behavior\WriteHtmlCacheBehavior [ RunTime:0.000000s ]
INFO: [ view_filter ] --END-- [ RunTime:0.000000s ]
INFO: [ app_end ] --START--
INFO: Run Behavior\ShowPageTraceBehavior [ RunTime:0.000000s ]
INFO: [ app_end ] --END-- [ RunTime:0.000000s ]

[ 2016-12-29T09:40:46+08:00 ] 219.230.245.227 /jobs/index.php/Home/Index/loginHandle.html
INFO: [ app_init ] --START--
INFO: Run Behavior\BuildLiteBehavior [ RunTime:0.000000s ]
INFO: [ app_init ] --END-- [ RunTime:0.000000s ]
INFO: [ app_begin ] --START--
INFO: Run Behavior\ReadHtmlCacheBehavior [ RunTime:0.000000s ]
INFO: [ app_begin ] --END-- [ RunTime:0.000000s ]
NOTIC: [8] Undefined index: type C:\xampp\htdocs\jobs\Application\Home\Controller\IndexController.class.php 第 74 行.
SQL: SHOW COLUMNS FROM `job_student` [ RunTime:0.000000s ]
SQL: SELECT * FROM `job_student` WHERE `name` = '140269059' AND `password` = 'feed5968c6e323d0a964ebfb445d6ffd'  [ RunTime:0.015600s ]
INFO: [ view_parse ] --START--
INFO: [ template_filter ] --START--
INFO: Run Behavior\ContentReplaceBehavior [ RunTime:0.000000s ]
INFO: [ template_filter ] --END-- [ RunTime:0.000000s ]
INFO: Run Behavior\ParseTemplateBehavior [ RunTime:0.000000s ]
INFO: [ view_parse ] --END-- [ RunTime:0.000000s ]
INFO: [ view_filter ] --START--
INFO: Run Behavior\WriteHtmlCacheBehavior [ RunTime:0.000000s ]
INFO: [ view_filter ] --END-- [ RunTime:0.000000s ]
INFO: [ app_end ] --START--
INFO: Run Behavior\ShowPageTraceBehavior [ RunTime:0.000000s ]
INFO: [ app_end ] --END-- [ RunTime:0.000000s ]

[ 2016-12-29T09:40:47+08:00 ] 219.230.245.227 /jobs/index.php/Home/Index/studentadd.html
INFO: [ app_init ] --START--
INFO: Run Behavior\BuildLiteBehavior [ RunTime:0.000000s ]
INFO: [ app_init ] --END-- [ RunTime:0.000000s ]
INFO: [ app_begin ] --START--
INFO: Run Behavior\ReadHtmlCacheBehavior [ RunTime:0.015600s ]
INFO: [ app_begin ] --END-- [ RunTime:0.015600s ]
INFO: [ view_parse ] --START--
INFO: [ template_filter ] --START--
INFO: Run Behavior\ContentReplaceBehavior [ RunTime:0.000000s ]
INFO: [ template_filter ] --END-- [ RunTime:0.000000s ]
NOTIC: [8] Undefined variable: vo C:\xampp\htdocs\jobs\Application\Runtime\Cache\Home\79a85c67860ac6319c3bfccec35cf385.php 第 45 行.
INFO: Run Behavior\ParseTemplateBehavior [ RunTime:0.000000s ]
INFO: [ view_parse ] --END-- [ RunTime:0.000000s ]
INFO: [ view_filter ] --START--
INFO: Run Behavior\WriteHtmlCacheBehavior [ RunTime:0.000000s ]
INFO: [ view_filter ] --END-- [ RunTime:0.000000s ]
INFO: [ app_end ] --START--
INFO: Run Behavior\ShowPageTraceBehavior [ RunTime:0.000000s ]
INFO: [ app_end ] --END-- [ RunTime:0.000000s ]

[ 2016-12-29T09:40:56+08:00 ] 180.153.214.200 /jobs/index.php/Home/Index/loginHandle.html
INFO: [ app_init ] --START--
INFO: Run Behavior\BuildLiteBehavior [ RunTime:0.000000s ]
INFO: [ app_init ] --END-- [ RunTime:0.000000s ]
INFO: [ app_begin ] --START--
INFO: Run Behavior\ReadHtmlCacheBehavior [ RunTime:0.000000s ]
INFO: [ app_begin ] --END-- [ RunTime:0.000000s ]
NOTIC: [8] Undefined index: type C:\xampp\htdocs\jobs\Application\Home\Controller\IndexController.class.php 第 74 行.
INFO: [ view_parse ] --START--
INFO: [ template_filter ] --START--
INFO: Run Behavior\ContentReplaceBehavior [ RunTime:0.000000s ]
INFO: [ template_filter ] --END-- [ RunTime:0.000000s ]
INFO: Run Behavior\ParseTemplateBehavior [ RunTime:0.015600s ]
INFO: [ view_parse ] --END-- [ RunTime:0.015600s ]
INFO: [ view_filter ] --START--
INFO: Run Behavior\WriteHtmlCacheBehavior [ RunTime:0.000000s ]
INFO: [ view_filter ] --END-- [ RunTime:0.000000s ]

[ 2016-12-29T09:40:57+08:00 ] 180.153.214.200 /jobs/index.php/Home/Index/studentadd.html
INFO: [ app_init ] --START--
INFO: Run Behavior\BuildLiteBehavior [ RunTime:0.000000s ]
INFO: [ app_init ] --END-- [ RunTime:0.000000s ]
INFO: [ app_begin ] --START--
INFO: Run Behavior\ReadHtmlCacheBehavior [ RunTime:0.000000s ]
INFO: [ app_begin ] --END-- [ RunTime:0.000000s ]
NOTIC: [8] Undefined index: type C:\xampp\htdocs\jobs\Application\Home\Controller\IndexController.class.php 第 211 行.
INFO: [ view_parse ] --START--
INFO: [ template_filter ] --START--
INFO: Run Behavior\ContentReplaceBehavior [ RunTime:0.000000s ]
INFO: [ template_filter ] --END-- [ RunTime:0.000000s ]
INFO: Run Behavior\ParseTemplateBehavior [ RunTime:0.015600s ]
INFO: [ view_parse ] --END-- [ RunTime:0.015600s ]
INFO: [ view_filter ] --START--
INFO: Run Behavior\WriteHtmlCacheBehavior [ RunTime:0.000000s ]
INFO: [ view_filter ] --END-- [ RunTime:0.000000s ]

[ 2016-12-29T09:42:16+08:00 ] 106.120.161.68 //jobs/
INFO: [ app_init ] --START--
INFO: Run Behavior\BuildLiteBehavior [ RunTime:0.000000s ]
INFO: [ app_init ] --END-- [ RunTime:0.000000s ]
INFO: [ app_begin ] --START--
INFO: Run Behavior\ReadHtmlCacheBehavior [ RunTime:0.000000s ]
INFO: [ app_begin ] --END-- [ RunTime:0.000000s ]
NOTIC: [8] Undefined index: type C:\xampp\htdocs\jobs\Application\Home\Controller\IndexController.class.php 第 14 行.
SQL: SHOW COLUMNS FROM `job_invite` [ RunTime:0.000000s ]
SQL: SHOW COLUMNS FROM `job_company` [ RunTime:0.000000s ]
SQL: SHOW COLUMNS FROM `job_student` [ RunTime:0.000000s ]
SQL: SELECT invite.id AS id,invite.sno AS sno,invite.cno AS cno,invite.type AS type,invite.invite_time AS invite_time,invite.accept_time AS accept_time,invite.detail AS detail,invite.message AS message,company.id AS companyid,company.rname AS companyname,company.name AS companyemail,company.resume AS resume,company.phone AS companyphone,student.id AS studentid,student.rname AS studentname,student.name AS studentemail,student.address AS address,student.work AS work,student.city AS city,student.city1 AS city1,student.city2 AS city2,student.phone AS studentphone FROM job_invite invite  JOIN job_company company ON invite.cno=company.id  JOIN job_student student ON invite.sno=student.id ORDER BY invite.accept_time desc  [ RunTime:0.000000s ]
ERR: 1054:Unknown column 'invite.message' in 'field list'
 [ SQL语句 ] : SELECT invite.id AS id,invite.sno AS sno,invite.cno AS cno,invite.type AS type,invite.invite_time AS invite_time,invite.accept_time AS accept_time,invite.detail AS detail,invite.message AS message,company.id AS companyid,company.rname AS companyname,company.name AS companyemail,company.resume AS resume,company.phone AS companyphone,student.id AS studentid,student.rname AS studentname,student.name AS studentemail,student.address AS address,student.work AS work,student.city AS city,student.city1 AS city1,student.city2 AS city2,student.phone AS studentphone FROM job_invite invite  JOIN job_company company ON invite.cno=company.id  JOIN job_student student ON invite.sno=student.id ORDER BY invite.accept_time desc 
INFO: [ view_parse ] --START--
INFO: [ template_filter ] --START--
INFO: Run Behavior\ContentReplaceBehavior [ RunTime:0.000000s ]
INFO: [ template_filter ] --END-- [ RunTime:0.000000s ]
INFO: Run Behavior\ParseTemplateBehavior [ RunTime:0.015600s ]
INFO: [ view_parse ] --END-- [ RunTime:0.015600s ]
INFO: [ view_filter ] --START--
INFO: Run Behavior\WriteHtmlCacheBehavior [ RunTime:0.000000s ]
INFO: [ view_filter ] --END-- [ RunTime:0.000000s ]
INFO: [ app_end ] --START--
INFO: Run Behavior\ShowPageTraceBehavior [ RunTime:0.000000s ]
INFO: [ app_end ] --END-- [ RunTime:0.000000s ]

[ 2016-12-29T09:42:29+08:00 ] 101.199.108.120 //jobs/
INFO: [ app_init ] --START--
INFO: Run Behavior\BuildLiteBehavior [ RunTime:0.000000s ]
INFO: [ app_init ] --END-- [ RunTime:0.000000s ]
INFO: [ app_begin ] --START--
INFO: Run Behavior\ReadHtmlCacheBehavior [ RunTime:0.015600s ]
INFO: [ app_begin ] --END-- [ RunTime:0.015600s ]
NOTIC: [8] Undefined index: type C:\xampp\htdocs\jobs\Application\Home\Controller\IndexController.class.php 第 14 行.
SQL: SHOW COLUMNS FROM `job_invite` [ RunTime:0.000000s ]
SQL: SHOW COLUMNS FROM `job_company` [ RunTime:0.000000s ]
SQL: SHOW COLUMNS FROM `job_student` [ RunTime:0.000000s ]
SQL: SELECT invite.id AS id,invite.sno AS sno,invite.cno AS cno,invite.type AS type,invite.invite_time AS invite_time,invite.accept_time AS accept_time,invite.detail AS detail,invite.message AS message,company.id AS companyid,company.rname AS companyname,company.name AS companyemail,company.resume AS resume,company.phone AS companyphone,student.id AS studentid,student.rname AS studentname,student.name AS studentemail,student.address AS address,student.work AS work,student.city AS city,student.city1 AS city1,student.city2 AS city2,student.phone AS studentphone FROM job_invite invite  JOIN job_company company ON invite.cno=company.id  JOIN job_student student ON invite.sno=student.id ORDER BY invite.accept_time desc  [ RunTime:0.000000s ]
ERR: 1054:Unknown column 'invite.message' in 'field list'
 [ SQL语句 ] : SELECT invite.id AS id,invite.sno AS sno,invite.cno AS cno,invite.type AS type,invite.invite_time AS invite_time,invite.accept_time AS accept_time,invite.detail AS detail,invite.message AS message,company.id AS companyid,company.rname AS companyname,company.name AS companyemail,company.resume AS resume,company.phone AS companyphone,student.id AS studentid,student.rname AS studentname,student.name AS studentemail,student.address AS address,student.work AS work,student.city AS city,student.city1 AS city1,student.city2 AS city2,student.phone AS studentphone FROM job_invite invite  JOIN job_company company ON invite.cno=company.id  JOIN job_student student ON invite.sno=student.id ORDER BY invite.accept_time desc 
INFO: [ view_parse ] --START--
INFO: [ template_filter ] --START--
INFO: Run Behavior\ContentReplaceBehavior [ RunTime:0.000000s ]
INFO: [ template_filter ] --END-- [ RunTime:0.000000s ]
INFO: Run Behavior\ParseTemplateBehavior [ RunTime:0.015600s ]
INFO: [ view_parse ] --END-- [ RunTime:0.015600s ]
INFO: [ view_filter ] --START--
INFO: Run Behavior\WriteHtmlCacheBehavior [ RunTime:0.000000s ]
INFO: [ view_filter ] --END-- [ RunTime:0.000000s ]
INFO: [ app_end ] --START--
INFO: Run Behavior\ShowPageTraceBehavior [ RunTime:0.000000s ]
INFO: [ app_end ] --END-- [ RunTime:0.000000s ]

[ 2016-12-29T09:42:30+08:00 ] 106.120.161.68 /jobs/index.php/Home/Index/loginHandle.html
INFO: [ app_init ] --START--
INFO: Run Behavior\BuildLiteBehavior [ RunTime:0.000000s ]
INFO: [ app_init ] --END-- [ RunTime:0.000000s ]
INFO: [ app_begin ] --START--
INFO: Run Behavior\ReadHtmlCacheBehavior [ RunTime:0.000000s ]
INFO: [ app_begin ] --END-- [ RunTime:0.000000s ]
NOTIC: [8] Undefined index: type C:\xampp\htdocs\jobs\Application\Home\Controller\IndexController.class.php 第 74 行.
INFO: [ view_parse ] --START--
INFO: [ template_filter ] --START--
INFO: Run Behavior\ContentReplaceBehavior [ RunTime:0.000000s ]
INFO: [ template_filter ] --END-- [ RunTime:0.000000s ]
INFO: Run Behavior\ParseTemplateBehavior [ RunTime:0.000000s ]
INFO: [ view_parse ] --END-- [ RunTime:0.000000s ]
INFO: [ view_filter ] --START--
INFO: Run Behavior\WriteHtmlCacheBehavior [ RunTime:0.000000s ]
INFO: [ view_filter ] --END-- [ RunTime:0.000000s ]

[ 2016-12-29T09:42:41+08:00 ] 106.120.161.68 /jobs/index.php/Home/Index/studentadd.html
INFO: [ app_init ] --START--
INFO: Run Behavior\BuildLiteBehavior [ RunTime:0.000000s ]
INFO: [ app_init ] --END-- [ RunTime:0.000000s ]
INFO: [ app_begin ] --START--
INFO: Run Behavior\ReadHtmlCacheBehavior [ RunTime:0.000000s ]
INFO: [ app_begin ] --END-- [ RunTime:0.000000s ]
NOTIC: [8] Undefined index: type C:\xampp\htdocs\jobs\Application\Home\Controller\IndexController.class.php 第 211 行.
INFO: [ view_parse ] --START--
INFO: [ template_filter ] --START--
INFO: Run Behavior\ContentReplaceBehavior [ RunTime:0.000000s ]
INFO: [ template_filter ] --END-- [ RunTime:0.000000s ]
INFO: Run Behavior\ParseTemplateBehavior [ RunTime:0.015600s ]
INFO: [ view_parse ] --END-- [ RunTime:0.015600s ]
INFO: [ view_filter ] --START--
INFO: Run Behavior\WriteHtmlCacheBehavior [ RunTime:0.000000s ]
INFO: [ view_filter ] --END-- [ RunTime:0.000000s ]

[ 2016-12-29T09:42:48+08:00 ] 220.181.132.197 /jobs/index.php/Home/Index/loginHandle.html
INFO: [ app_init ] --START--
INFO: Run Behavior\BuildLiteBehavior [ RunTime:0.000000s ]
INFO: [ app_init ] --END-- [ RunTime:0.000000s ]
INFO: [ app_begin ] --START--
INFO: Run Behavior\ReadHtmlCacheBehavior [ RunTime:0.000000s ]
INFO: [ app_begin ] --END-- [ RunTime:0.000000s ]
NOTIC: [8] Undefined index: type C:\xampp\htdocs\jobs\Application\Home\Controller\IndexController.class.php 第 74 行.
INFO: [ view_parse ] --START--
INFO: [ template_filter ] --START--
INFO: Run Behavior\ContentReplaceBehavior [ RunTime:0.000000s ]
INFO: [ template_filter ] --END-- [ RunTime:0.000000s ]
INFO: Run Behavior\ParseTemplateBehavior [ RunTime:0.000000s ]
INFO: [ view_parse ] --END-- [ RunTime:0.000000s ]
INFO: [ view_filter ] --START--
INFO: Run Behavior\WriteHtmlCacheBehavior [ RunTime:0.000000s ]
INFO: [ view_filter ] --END-- [ RunTime:0.000000s ]

[ 2016-12-29T09:42:55+08:00 ] 101.199.108.118 /jobs/index.php/Home/Index/studentadd.html
INFO: [ app_init ] --START--
INFO: Run Behavior\BuildLiteBehavior [ RunTime:0.000000s ]
INFO: [ app_init ] --END-- [ RunTime:0.000000s ]
INFO: [ app_begin ] --START--
INFO: Run Behavior\ReadHtmlCacheBehavior [ RunTime:0.000000s ]
INFO: [ app_begin ] --END-- [ RunTime:0.000000s ]
NOTIC: [8] Undefined index: type C:\xampp\htdocs\jobs\Application\Home\Controller\IndexController.class.php 第 211 行.
INFO: [ view_parse ] --START--
INFO: [ template_filter ] --START--
INFO: Run Behavior\ContentReplaceBehavior [ RunTime:0.000000s ]
INFO: [ template_filter ] --END-- [ RunTime:0.000000s ]
INFO: Run Behavior\ParseTemplateBehavior [ RunTime:0.000000s ]
INFO: [ view_parse ] --END-- [ RunTime:0.000000s ]
INFO: [ view_filter ] --START--
INFO: Run Behavior\WriteHtmlCacheBehavior [ RunTime:0.000000s ]
INFO: [ view_filter ] --END-- [ RunTime:0.000000s ]

[ 2016-12-29T09:42:58+08:00 ] 101.199.108.118 /jobs/index.php/Home/Index/index.html
INFO: [ app_init ] --START--
INFO: Run Behavior\BuildLiteBehavior [ RunTime:0.000000s ]
INFO: [ app_init ] --END-- [ RunTime:0.000000s ]
INFO: [ app_begin ] --START--
INFO: Run Behavior\ReadHtmlCacheBehavior [ RunTime:0.000000s ]
INFO: [ app_begin ] --END-- [ RunTime:0.000000s ]
NOTIC: [8] Undefined index: type C:\xampp\htdocs\jobs\Application\Home\Controller\IndexController.class.php 第 14 行.
SQL: SHOW COLUMNS FROM `job_invite` [ RunTime:0.000000s ]
SQL: SHOW COLUMNS FROM `job_company` [ RunTime:0.000000s ]
SQL: SHOW COLUMNS FROM `job_student` [ RunTime:0.000000s ]
SQL: SELECT invite.id AS id,invite.sno AS sno,invite.cno AS cno,invite.type AS type,invite.invite_time AS invite_time,invite.accept_time AS accept_time,invite.detail AS detail,invite.message AS message,company.id AS companyid,company.rname AS companyname,company.name AS companyemail,company.resume AS resume,company.phone AS companyphone,student.id AS studentid,student.rname AS studentname,student.name AS studentemail,student.address AS address,student.work AS work,student.city AS city,student.city1 AS city1,student.city2 AS city2,student.phone AS studentphone FROM job_invite invite  JOIN job_company company ON invite.cno=company.id  JOIN job_student student ON invite.sno=student.id ORDER BY invite.accept_time desc  [ RunTime:0.000000s ]
ERR: 1054:Unknown column 'invite.message' in 'field list'
 [ SQL语句 ] : SELECT invite.id AS id,invite.sno AS sno,invite.cno AS cno,invite.type AS type,invite.invite_time AS invite_time,invite.accept_time AS accept_time,invite.detail AS detail,invite.message AS message,company.id AS companyid,company.rname AS companyname,company.name AS companyemail,company.resume AS resume,company.phone AS companyphone,student.id AS studentid,student.rname AS studentname,student.name AS studentemail,student.address AS address,student.work AS work,student.city AS city,student.city1 AS city1,student.city2 AS city2,student.phone AS studentphone FROM job_invite invite  JOIN job_company company ON invite.cno=company.id  JOIN job_student student ON invite.sno=student.id ORDER BY invite.accept_time desc 
INFO: [ view_parse ] --START--
INFO: [ template_filter ] --START--
INFO: Run Behavior\ContentReplaceBehavior [ RunTime:0.000000s ]
INFO: [ template_filter ] --END-- [ RunTime:0.000000s ]
INFO: Run Behavior\ParseTemplateBehavior [ RunTime:0.015600s ]
INFO: [ view_parse ] --END-- [ RunTime:0.015600s ]
INFO: [ view_filter ] --START--
INFO: Run Behavior\WriteHtmlCacheBehavior [ RunTime:0.000000s ]
INFO: [ view_filter ] --END-- [ RunTime:0.000000s ]
INFO: [ app_end ] --START--
INFO: Run Behavior\ShowPageTraceBehavior [ RunTime:0.000000s ]
INFO: [ app_end ] --END-- [ RunTime:0.000000s ]

[ 2016-12-29T09:43:59+08:00 ] 219.230.245.227 /jobs/index.php/Home/Index/studentaddHandle.html
INFO: [ app_init ] --START--
INFO: Run Behavior\BuildLiteBehavior [ RunTime:0.000000s ]
INFO: [ app_init ] --END-- [ RunTime:0.000000s ]
INFO: [ app_begin ] --START--
INFO: Run Behavior\ReadHtmlCacheBehavior [ RunTime:0.000000s ]
INFO: [ app_begin ] --END-- [ RunTime:0.000000s ]
SQL: SHOW COLUMNS FROM `job_student` [ RunTime:0.000000s ]
INFO: [ view_parse ] --START--
INFO: [ template_filter ] --START--
INFO: Run Behavior\ContentReplaceBehavior [ RunTime:0.000000s ]
INFO: [ template_filter ] --END-- [ RunTime:0.000000s ]
INFO: Run Behavior\ParseTemplateBehavior [ RunTime:0.000000s ]
INFO: [ view_parse ] --END-- [ RunTime:0.000000s ]
INFO: [ view_filter ] --START--
INFO: Run Behavior\WriteHtmlCacheBehavior [ RunTime:0.015600s ]
INFO: [ view_filter ] --END-- [ RunTime:0.015600s ]

[ 2016-12-29T09:44:08+08:00 ] 180.153.205.254 /jobs/index.php/Home/Index/studentaddHandle.html
INFO: [ app_init ] --START--
INFO: Run Behavior\BuildLiteBehavior [ RunTime:0.000000s ]
INFO: [ app_init ] --END-- [ RunTime:0.000000s ]
INFO: [ app_begin ] --START--
INFO: Run Behavior\ReadHtmlCacheBehavior [ RunTime:0.000000s ]
INFO: [ app_begin ] --END-- [ RunTime:0.000000s ]
SQL: SHOW COLUMNS FROM `job_student` [ RunTime:0.000000s ]
NOTIC: [8] Undefined index: name C:\xampp\htdocs\jobs\Application\Home\Controller\IndexController.class.php 第 257 行.
INFO: [ view_parse ] --START--
INFO: [ template_filter ] --START--
INFO: Run Behavior\ContentReplaceBehavior [ RunTime:0.000000s ]
INFO: [ template_filter ] --END-- [ RunTime:0.000000s ]
INFO: Run Behavior\ParseTemplateBehavior [ RunTime:0.015600s ]
INFO: [ view_parse ] --END-- [ RunTime:0.015600s ]
INFO: [ view_filter ] --START--
INFO: Run Behavior\WriteHtmlCacheBehavior [ RunTime:0.000000s ]
INFO: [ view_filter ] --END-- [ RunTime:0.000000s ]

[ 2016-12-29T09:47:53+08:00 ] 219.230.245.227 /jobs/index.php/Home/Index/loginHandle.html
INFO: [ app_init ] --START--
INFO: Run Behavior\BuildLiteBehavior [ RunTime:0.000000s ]
INFO: [ app_init ] --END-- [ RunTime:0.000000s ]
INFO: [ app_begin ] --START--
INFO: Run Behavior\ReadHtmlCacheBehavior [ RunTime:0.000000s ]
INFO: [ app_begin ] --END-- [ RunTime:0.000000s ]
SQL: SHOW COLUMNS FROM `job_student` [ RunTime:0.000000s ]
SQL: SELECT * FROM `job_student` WHERE `name` = '140269059' AND `password` = 'feed5968c6e323d0a964ebfb445d6ffd'  [ RunTime:0.000000s ]
INFO: [ view_parse ] --START--
INFO: [ template_filter ] --START--
INFO: Run Behavior\ContentReplaceBehavior [ RunTime:0.000000s ]
INFO: [ template_filter ] --END-- [ RunTime:0.000000s ]
INFO: Run Behavior\ParseTemplateBehavior [ RunTime:0.015600s ]
INFO: [ view_parse ] --END-- [ RunTime:0.015600s ]
INFO: [ view_filter ] --START--
INFO: Run Behavior\WriteHtmlCacheBehavior [ RunTime:0.000000s ]
INFO: [ view_filter ] --END-- [ RunTime:0.000000s ]
INFO: [ app_end ] --START--
INFO: Run Behavior\ShowPageTraceBehavior [ RunTime:0.000000s ]
INFO: [ app_end ] --END-- [ RunTime:0.000000s ]

[ 2016-12-29T09:47:54+08:00 ] 219.230.245.227 /jobs/index.php/Home/Index/studentadd.html
INFO: [ app_init ] --START--
INFO: Run Behavior\BuildLiteBehavior [ RunTime:0.000000s ]
INFO: [ app_init ] --END-- [ RunTime:0.000000s ]
INFO: [ app_begin ] --START--
INFO: Run Behavior\ReadHtmlCacheBehavior [ RunTime:0.000000s ]
INFO: [ app_begin ] --END-- [ RunTime:0.000000s ]
INFO: [ view_parse ] --START--
INFO: [ template_filter ] --START--
INFO: Run Behavior\ContentReplaceBehavior [ RunTime:0.000000s ]
INFO: [ template_filter ] --END-- [ RunTime:0.000000s ]
NOTIC: [8] Undefined variable: vo C:\xampp\htdocs\jobs\Application\Runtime\Cache\Home\79a85c67860ac6319c3bfccec35cf385.php 第 45 行.
INFO: Run Behavior\ParseTemplateBehavior [ RunTime:0.000000s ]
INFO: [ view_parse ] --END-- [ RunTime:0.000000s ]
INFO: [ view_filter ] --START--
INFO: Run Behavior\WriteHtmlCacheBehavior [ RunTime:0.000000s ]
INFO: [ view_filter ] --END-- [ RunTime:0.000000s ]
INFO: [ app_end ] --START--
INFO: Run Behavior\ShowPageTraceBehavior [ RunTime:0.015600s ]
INFO: [ app_end ] --END-- [ RunTime:0.015600s ]

[ 2016-12-29T09:55:34+08:00 ] 219.230.245.227 /jobs/index.php/Home/Index/studentaddHandle.html
INFO: [ app_init ] --START--
INFO: Run Behavior\BuildLiteBehavior [ RunTime:0.000000s ]
INFO: [ app_init ] --END-- [ RunTime:0.000000s ]
INFO: [ app_begin ] --START--
INFO: Run Behavior\ReadHtmlCacheBehavior [ RunTime:0.015600s ]
INFO: [ app_begin ] --END-- [ RunTime:0.015600s ]
SQL: SHOW COLUMNS FROM `job_student` [ RunTime:0.015600s ]
SQL: UPDATE `job_student` SET `nplace`='江苏省徐州市',`address`='铜山区利国镇',`work`='软件研发类',`phone`='15262057589',`email`='2940396539@qq.com',`city`='北京',`city1`='上海',`city2`='南京',`resume`='<p>本人热心、善良、自信、自律、上进心强,有较强的组织、管理能力。工作认真负责,勇于承担任务与责任，能够快速接受新知识和快速适应新环境，具有良好的团队合作精神以较好的个人亲和力。良好的综合素质，具备复合型人才的条件。</p><p><br/></p><p>个人能力</p><p><br/></p><p>主修计算机编程和软件设计</p>',`status`=1 WHERE `name` = '140269059' [ RunTime:0.078000s ]
INFO: [ view_parse ] --START--
INFO: [ template_filter ] --START--
INFO: Run Behavior\ContentReplaceBehavior [ RunTime:0.000000s ]
INFO: [ template_filter ] --END-- [ RunTime:0.000000s ]
INFO: Run Behavior\ParseTemplateBehavior [ RunTime:0.015600s ]
INFO: [ view_parse ] --END-- [ RunTime:0.015600s ]
INFO: [ view_filter ] --START--
INFO: Run Behavior\WriteHtmlCacheBehavior [ RunTime:0.000000s ]
INFO: [ view_filter ] --END-- [ RunTime:0.000000s ]
INFO: [ app_end ] --START--
INFO: Run Behavior\ShowPageTraceBehavior [ RunTime:0.000000s ]
INFO: [ app_end ] --END-- [ RunTime:0.000000s ]

[ 2016-12-29T09:55:36+08:00 ] 219.230.245.227 /jobs/index.php/Home/Index/lists.html
INFO: [ app_init ] --START--
INFO: Run Behavior\BuildLiteBehavior [ RunTime:0.000000s ]
INFO: [ app_init ] --END-- [ RunTime:0.000000s ]
INFO: [ app_begin ] --START--
INFO: Run Behavior\ReadHtmlCacheBehavior [ RunTime:0.000000s ]
INFO: [ app_begin ] --END-- [ RunTime:0.000000s ]
SQL: SHOW COLUMNS FROM `job_student` [ RunTime:0.000000s ]
SQL: SELECT * FROM `job_student` WHERE `name` = '140269059' LIMIT 1   [ RunTime:0.265201s ]
SQL: SHOW COLUMNS FROM `job_invite` [ RunTime:0.000000s ]
SQL: SHOW COLUMNS FROM `job_company` [ RunTime:0.000000s ]
SQL: SELECT invite.id AS id,invite.sno AS sno,invite.cno AS cno,invite.type AS type,invite.invite_time AS invite_time,invite.accept_time AS accept_time,invite.detail AS detail,invite.message AS message,company.id AS companyid,company.rname AS companyname,company.name AS companyemail,company.resume AS resume,company.phone AS companyphone,student.id AS studentid,student.rname AS studentname,student.name AS studentemail,student.address AS address,student.work AS work,student.city AS city,student.city1 AS city1,student.city2 AS city2,student.phone AS studentphone FROM job_invite invite  JOIN job_company company ON invite.cno=company.id  JOIN job_student student ON invite.sno=student.id WHERE invite.sno = '1161'  [ RunTime:0.000000s ]
ERR: 1054:Unknown column 'invite.message' in 'field list'
 [ SQL语句 ] : SELECT invite.id AS id,invite.sno AS sno,invite.cno AS cno,invite.type AS type,invite.invite_time AS invite_time,invite.accept_time AS accept_time,invite.detail AS detail,invite.message AS message,company.id AS companyid,company.rname AS companyname,company.name AS companyemail,company.resume AS resume,company.phone AS companyphone,student.id AS studentid,student.rname AS studentname,student.name AS studentemail,student.address AS address,student.work AS work,student.city AS city,student.city1 AS city1,student.city2 AS city2,student.phone AS studentphone FROM job_invite invite  JOIN job_company company ON invite.cno=company.id  JOIN job_student student ON invite.sno=student.id WHERE invite.sno = '1161' 
INFO: [ view_parse ] --START--
INFO: [ template_filter ] --START--
INFO: Run Behavior\ContentReplaceBehavior [ RunTime:0.000000s ]
INFO: [ template_filter ] --END-- [ RunTime:0.000000s ]
INFO: Run Behavior\ParseTemplateBehavior [ RunTime:0.015600s ]
INFO: [ view_parse ] --END-- [ RunTime:0.015600s ]
INFO: [ view_filter ] --START--
INFO: Run Behavior\WriteHtmlCacheBehavior [ RunTime:0.000000s ]
INFO: [ view_filter ] --END-- [ RunTime:0.000000s ]
INFO: [ app_end ] --START--
INFO: Run Behavior\ShowPageTraceBehavior [ RunTime:0.000000s ]
INFO: [ app_end ] --END-- [ RunTime:0.000000s ]

[ 2016-12-29T09:55:45+08:00 ] 101.226.66.192 /jobs/index.php/Home/Index/lists.html
INFO: [ app_init ] --START--
INFO: Run Behavior\BuildLiteBehavior [ RunTime:0.000000s ]
INFO: [ app_init ] --END-- [ RunTime:0.000000s ]
INFO: [ app_begin ] --START--
INFO: Run Behavior\ReadHtmlCacheBehavior [ RunTime:0.000000s ]
INFO: [ app_begin ] --END-- [ RunTime:0.000000s ]
NOTIC: [8] Undefined index: type C:\xampp\htdocs\jobs\Application\Home\Controller\IndexController.class.php 第 129 行.
INFO: [ view_parse ] --START--
INFO: [ template_filter ] --START--
INFO: Run Behavior\ContentReplaceBehavior [ RunTime:0.000000s ]
INFO: [ template_filter ] --END-- [ RunTime:0.000000s ]
INFO: Run Behavior\ParseTemplateBehavior [ RunTime:0.015600s ]
INFO: [ view_parse ] --END-- [ RunTime:0.015600s ]
INFO: [ view_filter ] --START--
INFO: Run Behavior\WriteHtmlCacheBehavior [ RunTime:0.000000s ]
INFO: [ view_filter ] --END-- [ RunTime:0.000000s ]

[ 2016-12-29T09:57:44+08:00 ] 106.120.161.68 /jobs/index.php/Home/Index/lists.html
INFO: [ app_init ] --START--
INFO: Run Behavior\BuildLiteBehavior [ RunTime:0.000000s ]
INFO: [ app_init ] --END-- [ RunTime:0.000000s ]
INFO: [ app_begin ] --START--
INFO: Run Behavior\ReadHtmlCacheBehavior [ RunTime:0.000000s ]
INFO: [ app_begin ] --END-- [ RunTime:0.000000s ]
NOTIC: [8] Undefined index: type C:\xampp\htdocs\jobs\Application\Home\Controller\IndexController.class.php 第 129 行.
INFO: [ view_parse ] --START--
INFO: [ template_filter ] --START--
INFO: Run Behavior\ContentReplaceBehavior [ RunTime:0.000000s ]
INFO: [ template_filter ] --END-- [ RunTime:0.000000s ]
INFO: Run Behavior\ParseTemplateBehavior [ RunTime:0.015600s ]
INFO: [ view_parse ] --END-- [ RunTime:0.015600s ]
INFO: [ view_filter ] --START--
INFO: Run Behavior\WriteHtmlCacheBehavior [ RunTime:0.000000s ]
INFO: [ view_filter ] --END-- [ RunTime:0.000000s ]

[ 2016-12-29T09:57:48+08:00 ] 106.120.161.68 /jobs/index.php/Home/Index/studentaddHandle.html
INFO: [ app_init ] --START--
INFO: Run Behavior\BuildLiteBehavior [ RunTime:0.000000s ]
INFO: [ app_init ] --END-- [ RunTime:0.000000s ]
INFO: [ app_begin ] --START--
INFO: Run Behavior\ReadHtmlCacheBehavior [ RunTime:0.000000s ]
INFO: [ app_begin ] --END-- [ RunTime:0.000000s ]
SQL: SHOW COLUMNS FROM `job_student` [ RunTime:0.000000s ]
NOTIC: [8] Undefined index: name C:\xampp\htdocs\jobs\Application\Home\Controller\IndexController.class.php 第 257 行.
INFO: [ view_parse ] --START--
INFO: [ template_filter ] --START--
INFO: Run Behavior\ContentReplaceBehavior [ RunTime:0.000000s ]
INFO: [ template_filter ] --END-- [ RunTime:0.000000s ]
INFO: Run Behavior\ParseTemplateBehavior [ RunTime:0.000000s ]
INFO: [ view_parse ] --END-- [ RunTime:0.000000s ]
INFO: [ view_filter ] --START--
INFO: Run Behavior\WriteHtmlCacheBehavior [ RunTime:0.000000s ]
INFO: [ view_filter ] --END-- [ RunTime:0.000000s ]

[ 2016-12-29T09:57:54+08:00 ] 101.199.108.55 /jobs/index.php/Home/Index/lists.html
INFO: [ app_init ] --START--
INFO: Run Behavior\BuildLiteBehavior [ RunTime:0.000000s ]
INFO: [ app_init ] --END-- [ RunTime:0.000000s ]
INFO: [ app_begin ] --START--
INFO: Run Behavior\ReadHtmlCacheBehavior [ RunTime:0.000000s ]
INFO: [ app_begin ] --END-- [ RunTime:0.000000s ]
NOTIC: [8] Undefined index: type C:\xampp\htdocs\jobs\Application\Home\Controller\IndexController.class.php 第 129 行.
INFO: [ view_parse ] --START--
INFO: [ template_filter ] --START--
INFO: Run Behavior\ContentReplaceBehavior [ RunTime:0.000000s ]
INFO: [ template_filter ] --END-- [ RunTime:0.000000s ]
INFO: Run Behavior\ParseTemplateBehavior [ RunTime:0.000000s ]
INFO: [ view_parse ] --END-- [ RunTime:0.000000s ]
INFO: [ view_filter ] --START--
INFO: Run Behavior\WriteHtmlCacheBehavior [ RunTime:0.000000s ]
INFO: [ view_filter ] --END-- [ RunTime:0.000000s ]

[ 2016-12-29T09:57:57+08:00 ] 101.199.108.55 /jobs/index.php/Home/Index/index.html
INFO: [ app_init ] --START--
INFO: Run Behavior\BuildLiteBehavior [ RunTime:0.000000s ]
INFO: [ app_init ] --END-- [ RunTime:0.000000s ]
INFO: [ app_begin ] --START--
INFO: Run Behavior\ReadHtmlCacheBehavior [ RunTime:0.000000s ]
INFO: [ app_begin ] --END-- [ RunTime:0.000000s ]
NOTIC: [8] Undefined index: type C:\xampp\htdocs\jobs\Application\Home\Controller\IndexController.class.php 第 14 行.
SQL: SHOW COLUMNS FROM `job_invite` [ RunTime:0.000000s ]
SQL: SHOW COLUMNS FROM `job_company` [ RunTime:0.000000s ]
SQL: SHOW COLUMNS FROM `job_student` [ RunTime:0.000000s ]
SQL: SELECT invite.id AS id,invite.sno AS sno,invite.cno AS cno,invite.type AS type,invite.invite_time AS invite_time,invite.accept_time AS accept_time,invite.detail AS detail,invite.message AS message,company.id AS companyid,company.rname AS companyname,company.name AS companyemail,company.resume AS resume,company.phone AS companyphone,student.id AS studentid,student.rname AS studentname,student.name AS studentemail,student.address AS address,student.work AS work,student.city AS city,student.city1 AS city1,student.city2 AS city2,student.phone AS studentphone FROM job_invite invite  JOIN job_company company ON invite.cno=company.id  JOIN job_student student ON invite.sno=student.id ORDER BY invite.accept_time desc  [ RunTime:0.000000s ]
ERR: 1054:Unknown column 'invite.message' in 'field list'
 [ SQL语句 ] : SELECT invite.id AS id,invite.sno AS sno,invite.cno AS cno,invite.type AS type,invite.invite_time AS invite_time,invite.accept_time AS accept_time,invite.detail AS detail,invite.message AS message,company.id AS companyid,company.rname AS companyname,company.name AS companyemail,company.resume AS resume,company.phone AS companyphone,student.id AS studentid,student.rname AS studentname,student.name AS studentemail,student.address AS address,student.work AS work,student.city AS city,student.city1 AS city1,student.city2 AS city2,student.phone AS studentphone FROM job_invite invite  JOIN job_company company ON invite.cno=company.id  JOIN job_student student ON invite.sno=student.id ORDER BY invite.accept_time desc 
INFO: [ view_parse ] --START--
INFO: [ template_filter ] --START--
INFO: Run Behavior\ContentReplaceBehavior [ RunTime:0.000000s ]
INFO: [ template_filter ] --END-- [ RunTime:0.000000s ]
INFO: Run Behavior\ParseTemplateBehavior [ RunTime:0.015600s ]
INFO: [ view_parse ] --END-- [ RunTime:0.015600s ]
INFO: [ view_filter ] --START--
INFO: Run Behavior\WriteHtmlCacheBehavior [ RunTime:0.000000s ]
INFO: [ view_filter ] --END-- [ RunTime:0.000000s ]
INFO: [ app_end ] --START--
INFO: Run Behavior\ShowPageTraceBehavior [ RunTime:0.000000s ]
INFO: [ app_end ] --END-- [ RunTime:0.000000s ]

[ 2016-12-29T09:57:58+08:00 ] 220.181.132.197 /jobs/index.php/Home/Index/studentaddHandle.html
INFO: [ app_init ] --START--
INFO: Run Behavior\BuildLiteBehavior [ RunTime:0.000000s ]
INFO: [ app_init ] --END-- [ RunTime:0.000000s ]
INFO: [ app_begin ] --START--
INFO: Run Behavior\ReadHtmlCacheBehavior [ RunTime:0.000000s ]
INFO: [ app_begin ] --END-- [ RunTime:0.000000s ]
SQL: SHOW COLUMNS FROM `job_student` [ RunTime:0.000000s ]
NOTIC: [8] Undefined index: name C:\xampp\htdocs\jobs\Application\Home\Controller\IndexController.class.php 第 257 行.
INFO: [ view_parse ] --START--
INFO: [ template_filter ] --START--
INFO: Run Behavior\ContentReplaceBehavior [ RunTime:0.000000s ]
INFO: [ template_filter ] --END-- [ RunTime:0.000000s ]
INFO: Run Behavior\ParseTemplateBehavior [ RunTime:0.000000s ]
INFO: [ view_parse ] --END-- [ RunTime:0.000000s ]
INFO: [ view_filter ] --START--
INFO: Run Behavior\WriteHtmlCacheBehavior [ RunTime:0.000000s ]
INFO: [ view_filter ] --END-- [ RunTime:0.000000s ]

[ 2016-12-29T17:49:26+08:00 ] 180.153.206.18 /jobs/
INFO: [ app_init ] --START--
INFO: Run Behavior\BuildLiteBehavior [ RunTime:0.000000s ]
INFO: [ app_init ] --END-- [ RunTime:0.000000s ]
INFO: [ app_begin ] --START--
INFO: Run Behavior\ReadHtmlCacheBehavior [ RunTime:0.000000s ]
INFO: [ app_begin ] --END-- [ RunTime:0.000000s ]
NOTIC: [8] Undefined index: type C:\xampp\htdocs\jobs\Application\Home\Controller\IndexController.class.php 第 14 行.
SQL: SHOW COLUMNS FROM `job_invite` [ RunTime:0.015600s ]
SQL: SHOW COLUMNS FROM `job_company` [ RunTime:0.000000s ]
SQL: SHOW COLUMNS FROM `job_student` [ RunTime:0.000000s ]
SQL: SELECT invite.id AS id,invite.sno AS sno,invite.cno AS cno,invite.type AS type,invite.invite_time AS invite_time,invite.accept_time AS accept_time,invite.detail AS detail,invite.message AS message,company.id AS companyid,company.rname AS companyname,company.name AS companyemail,company.resume AS resume,company.phone AS companyphone,student.id AS studentid,student.rname AS studentname,student.name AS studentemail,student.address AS address,student.work AS work,student.city AS city,student.city1 AS city1,student.city2 AS city2,student.phone AS studentphone FROM job_invite invite  JOIN job_company company ON invite.cno=company.id  JOIN job_student student ON invite.sno=student.id ORDER BY invite.accept_time desc  [ RunTime:0.000000s ]
ERR: 1054:Unknown column 'invite.message' in 'field list'
 [ SQL语句 ] : SELECT invite.id AS id,invite.sno AS sno,invite.cno AS cno,invite.type AS type,invite.invite_time AS invite_time,invite.accept_time AS accept_time,invite.detail AS detail,invite.message AS message,company.id AS companyid,company.rname AS companyname,company.name AS companyemail,company.resume AS resume,company.phone AS companyphone,student.id AS studentid,student.rname AS studentname,student.name AS studentemail,student.address AS address,student.work AS work,student.city AS city,student.city1 AS city1,student.city2 AS city2,student.phone AS studentphone FROM job_invite invite  JOIN job_company company ON invite.cno=company.id  JOIN job_student student ON invite.sno=student.id ORDER BY invite.accept_time desc 
INFO: [ view_parse ] --START--
INFO: [ template_filter ] --START--
INFO: Run Behavior\ContentReplaceBehavior [ RunTime:0.000000s ]
INFO: [ template_filter ] --END-- [ RunTime:0.000000s ]
INFO: Run Behavior\ParseTemplateBehavior [ RunTime:0.015600s ]
INFO: [ view_parse ] --END-- [ RunTime:0.015600s ]
INFO: [ view_filter ] --START--
INFO: Run Behavior\WriteHtmlCacheBehavior [ RunTime:0.000000s ]
INFO: [ view_filter ] --END-- [ RunTime:0.000000s ]
INFO: [ app_end ] --START--
INFO: Run Behavior\ShowPageTraceBehavior [ RunTime:0.000000s ]
INFO: [ app_end ] --END-- [ RunTime:0.000000s ]

