[ 2016-12-19T12:09:59+08:00 ] 101.226.61.207 /jobs/
INFO: [ app_init ] --START--
INFO: Run Behavior\BuildLiteBehavior [ RunTime:0.000000s ]
INFO: [ app_init ] --END-- [ RunTime:0.000000s ]
INFO: [ app_begin ] --START--
INFO: Run Behavior\ReadHtmlCacheBehavior [ RunTime:0.000000s ]
INFO: [ app_begin ] --END-- [ RunTime:0.000000s ]
NOTIC: [8] Undefined index: type C:\xampp\htdocs\jobs\Application\Home\Controller\IndexController.class.php 第 14 行.
SQL: SHOW COLUMNS FROM `job_invite` [ RunTime:0.015600s ]
SQL: SHOW COLUMNS FROM `job_company` [ RunTime:0.000000s ]
SQL: SHOW COLUMNS FROM `job_student` [ RunTime:0.000000s ]
SQL: SELECT invite.id AS id,invite.sno AS sno,invite.cno AS cno,invite.type AS type,invite.invite_time AS invite_time,invite.accept_time AS accept_time,invite.detail AS detail,invite.message AS message,company.id AS companyid,company.rname AS companyname,company.name AS companyemail,company.resume AS resume,company.phone AS companyphone,student.id AS studentid,student.rname AS studentname,student.name AS studentemail,student.address AS address,student.work AS work,student.city AS city,student.city1 AS city1,student.city2 AS city2,student.phone AS studentphone FROM job_invite invite  JOIN job_company company ON invite.cno=company.id  JOIN job_student student ON invite.sno=student.id ORDER BY invite.accept_time desc  [ RunTime:0.015600s ]
ERR: 1054:Unknown column 'invite.message' in 'field list'
 [ SQL语句 ] : SELECT invite.id AS id,invite.sno AS sno,invite.cno AS cno,invite.type AS type,invite.invite_time AS invite_time,invite.accept_time AS accept_time,invite.detail AS detail,invite.message AS message,company.id AS companyid,company.rname AS companyname,company.name AS companyemail,company.resume AS resume,company.phone AS companyphone,student.id AS studentid,student.rname AS studentname,student.name AS studentemail,student.address AS address,student.work AS work,student.city AS city,student.city1 AS city1,student.city2 AS city2,student.phone AS studentphone FROM job_invite invite  JOIN job_company company ON invite.cno=company.id  JOIN job_student student ON invite.sno=student.id ORDER BY invite.accept_time desc 
INFO: [ view_parse ] --START--
INFO: [ template_filter ] --START--
INFO: Run Behavior\ContentReplaceBehavior [ RunTime:0.000000s ]
INFO: [ template_filter ] --END-- [ RunTime:0.000000s ]
INFO: Run Behavior\ParseTemplateBehavior [ RunTime:0.015600s ]
INFO: [ view_parse ] --END-- [ RunTime:0.015600s ]
INFO: [ view_filter ] --START--
INFO: Run Behavior\WriteHtmlCacheBehavior [ RunTime:0.000000s ]
INFO: [ view_filter ] --END-- [ RunTime:0.000000s ]
INFO: [ app_end ] --START--
INFO: Run Behavior\ShowPageTraceBehavior [ RunTime:0.000000s ]
INFO: [ app_end ] --END-- [ RunTime:0.000000s ]

[ 2016-12-19T15:37:00+08:00 ] 117.136.66.243 /jobs/
INFO: [ app_init ] --START--
INFO: Run Behavior\BuildLiteBehavior [ RunTime:0.000000s ]
INFO: [ app_init ] --END-- [ RunTime:0.000000s ]
INFO: [ app_begin ] --START--
INFO: Run Behavior\ReadHtmlCacheBehavior [ RunTime:0.000000s ]
INFO: [ app_begin ] --END-- [ RunTime:0.000000s ]
NOTIC: [8] Undefined index: type C:\xampp\htdocs\jobs\Application\Home\Controller\IndexController.class.php 第 14 行.
SQL: SHOW COLUMNS FROM `job_invite` [ RunTime:0.015600s ]
SQL: SHOW COLUMNS FROM `job_company` [ RunTime:0.000000s ]
SQL: SHOW COLUMNS FROM `job_student` [ RunTime:0.015600s ]
SQL: SELECT invite.id AS id,invite.sno AS sno,invite.cno AS cno,invite.type AS type,invite.invite_time AS invite_time,invite.accept_time AS accept_time,invite.detail AS detail,invite.message AS message,company.id AS companyid,company.rname AS companyname,company.name AS companyemail,company.resume AS resume,company.phone AS companyphone,student.id AS studentid,student.rname AS studentname,student.name AS studentemail,student.address AS address,student.work AS work,student.city AS city,student.city1 AS city1,student.city2 AS city2,student.phone AS studentphone FROM job_invite invite  JOIN job_company company ON invite.cno=company.id  JOIN job_student student ON invite.sno=student.id ORDER BY invite.accept_time desc  [ RunTime:0.000000s ]
ERR: 1054:Unknown column 'invite.message' in 'field list'
 [ SQL语句 ] : SELECT invite.id AS id,invite.sno AS sno,invite.cno AS cno,invite.type AS type,invite.invite_time AS invite_time,invite.accept_time AS accept_time,invite.detail AS detail,invite.message AS message,company.id AS companyid,company.rname AS companyname,company.name AS companyemail,company.resume AS resume,company.phone AS companyphone,student.id AS studentid,student.rname AS studentname,student.name AS studentemail,student.address AS address,student.work AS work,student.city AS city,student.city1 AS city1,student.city2 AS city2,student.phone AS studentphone FROM job_invite invite  JOIN job_company company ON invite.cno=company.id  JOIN job_student student ON invite.sno=student.id ORDER BY invite.accept_time desc 
INFO: [ view_parse ] --START--
INFO: [ template_filter ] --START--
INFO: Run Behavior\ContentReplaceBehavior [ RunTime:0.000000s ]
INFO: [ template_filter ] --END-- [ RunTime:0.000000s ]
INFO: Run Behavior\ParseTemplateBehavior [ RunTime:0.046801s ]
INFO: [ view_parse ] --END-- [ RunTime:0.046801s ]
INFO: [ view_filter ] --START--
INFO: Run Behavior\WriteHtmlCacheBehavior [ RunTime:0.000000s ]
INFO: [ view_filter ] --END-- [ RunTime:0.000000s ]
INFO: [ app_end ] --START--
INFO: Run Behavior\ShowPageTraceBehavior [ RunTime:0.000000s ]
INFO: [ app_end ] --END-- [ RunTime:0.000000s ]

[ 2016-12-19T15:37:20+08:00 ] 117.136.66.243 /jobs/index.php/Home/Index/loginHandle.html
INFO: [ app_init ] --START--
INFO: Run Behavior\BuildLiteBehavior [ RunTime:0.000000s ]
INFO: [ app_init ] --END-- [ RunTime:0.000000s ]
INFO: [ app_begin ] --START--
INFO: Run Behavior\ReadHtmlCacheBehavior [ RunTime:0.000000s ]
INFO: [ app_begin ] --END-- [ RunTime:0.000000s ]
NOTIC: [8] Undefined index: type C:\xampp\htdocs\jobs\Application\Home\Controller\IndexController.class.php 第 74 行.
SQL: SHOW COLUMNS FROM `job_student` [ RunTime:0.000000s ]
SQL: SELECT * FROM `job_student` WHERE `name` = '140269028' AND `password` = 'd05779659b313dc7406a9aa073ebc8bc'  [ RunTime:0.015600s ]
INFO: [ view_parse ] --START--
INFO: [ template_filter ] --START--
INFO: Run Behavior\ContentReplaceBehavior [ RunTime:0.000000s ]
INFO: [ template_filter ] --END-- [ RunTime:0.000000s ]
INFO: Run Behavior\ParseTemplateBehavior [ RunTime:0.015600s ]
INFO: [ view_parse ] --END-- [ RunTime:0.015600s ]
INFO: [ view_filter ] --START--
INFO: Run Behavior\WriteHtmlCacheBehavior [ RunTime:0.000000s ]
INFO: [ view_filter ] --END-- [ RunTime:0.000000s ]
INFO: [ app_end ] --START--
INFO: Run Behavior\ShowPageTraceBehavior [ RunTime:0.000000s ]
INFO: [ app_end ] --END-- [ RunTime:0.000000s ]

[ 2016-12-19T15:37:22+08:00 ] 117.136.66.243 /jobs/index.php/Home/Index/lists.html
INFO: [ app_init ] --START--
INFO: Run Behavior\BuildLiteBehavior [ RunTime:0.000000s ]
INFO: [ app_init ] --END-- [ RunTime:0.000000s ]
INFO: [ app_begin ] --START--
INFO: Run Behavior\ReadHtmlCacheBehavior [ RunTime:0.000000s ]
INFO: [ app_begin ] --END-- [ RunTime:0.000000s ]
SQL: SHOW COLUMNS FROM `job_student` [ RunTime:0.000000s ]
SQL: SELECT * FROM `job_student` WHERE `name` = '140269028' LIMIT 1   [ RunTime:0.015600s ]
SQL: SHOW COLUMNS FROM `job_invite` [ RunTime:0.015600s ]
SQL: SHOW COLUMNS FROM `job_company` [ RunTime:0.000000s ]
SQL: SELECT invite.id AS id,invite.sno AS sno,invite.cno AS cno,invite.type AS type,invite.invite_time AS invite_time,invite.accept_time AS accept_time,invite.detail AS detail,invite.message AS message,company.id AS companyid,company.rname AS companyname,company.name AS companyemail,company.resume AS resume,company.phone AS companyphone,student.id AS studentid,student.rname AS studentname,student.name AS studentemail,student.address AS address,student.work AS work,student.city AS city,student.city1 AS city1,student.city2 AS city2,student.phone AS studentphone FROM job_invite invite  JOIN job_company company ON invite.cno=company.id  JOIN job_student student ON invite.sno=student.id WHERE invite.sno = '1132'  [ RunTime:0.000000s ]
ERR: 1054:Unknown column 'invite.message' in 'field list'
 [ SQL语句 ] : SELECT invite.id AS id,invite.sno AS sno,invite.cno AS cno,invite.type AS type,invite.invite_time AS invite_time,invite.accept_time AS accept_time,invite.detail AS detail,invite.message AS message,company.id AS companyid,company.rname AS companyname,company.name AS companyemail,company.resume AS resume,company.phone AS companyphone,student.id AS studentid,student.rname AS studentname,student.name AS studentemail,student.address AS address,student.work AS work,student.city AS city,student.city1 AS city1,student.city2 AS city2,student.phone AS studentphone FROM job_invite invite  JOIN job_company company ON invite.cno=company.id  JOIN job_student student ON invite.sno=student.id WHERE invite.sno = '1132' 
INFO: [ view_parse ] --START--
INFO: [ template_filter ] --START--
INFO: Run Behavior\ContentReplaceBehavior [ RunTime:0.000000s ]
INFO: [ template_filter ] --END-- [ RunTime:0.000000s ]
INFO: Run Behavior\ParseTemplateBehavior [ RunTime:0.015600s ]
INFO: [ view_parse ] --END-- [ RunTime:0.015600s ]
INFO: [ view_filter ] --START--
INFO: Run Behavior\WriteHtmlCacheBehavior [ RunTime:0.000000s ]
INFO: [ view_filter ] --END-- [ RunTime:0.000000s ]
INFO: [ app_end ] --START--
INFO: Run Behavior\ShowPageTraceBehavior [ RunTime:0.000000s ]
INFO: [ app_end ] --END-- [ RunTime:0.000000s ]

[ 2016-12-19T15:37:26+08:00 ] 117.136.66.243 /jobs/index.php/Home/Index/showresume/id/1132.html
INFO: [ app_init ] --START--
INFO: Run Behavior\BuildLiteBehavior [ RunTime:0.000000s ]
INFO: [ app_init ] --END-- [ RunTime:0.000000s ]
INFO: [ app_begin ] --START--
INFO: Run Behavior\ReadHtmlCacheBehavior [ RunTime:0.000000s ]
INFO: [ app_begin ] --END-- [ RunTime:0.000000s ]
SQL: SHOW COLUMNS FROM `job_student` [ RunTime:0.000000s ]
SQL: SELECT * FROM `job_student` WHERE `id` = 1132  [ RunTime:0.000000s ]
INFO: [ view_parse ] --START--
INFO: [ template_filter ] --START--
INFO: Run Behavior\ContentReplaceBehavior [ RunTime:0.000000s ]
INFO: [ template_filter ] --END-- [ RunTime:0.000000s ]
INFO: Run Behavior\ParseTemplateBehavior [ RunTime:0.015600s ]
INFO: [ view_parse ] --END-- [ RunTime:0.015600s ]
INFO: [ view_filter ] --START--
INFO: Run Behavior\WriteHtmlCacheBehavior [ RunTime:0.000000s ]
INFO: [ view_filter ] --END-- [ RunTime:0.000000s ]
INFO: [ app_end ] --START--
INFO: Run Behavior\ShowPageTraceBehavior [ RunTime:0.000000s ]
INFO: [ app_end ] --END-- [ RunTime:0.000000s ]

[ 2016-12-19T15:37:49+08:00 ] 117.136.66.243 /jobs/index.php/Home/Index/studentedit/id/1132.html
INFO: [ app_init ] --START--
INFO: Run Behavior\BuildLiteBehavior [ RunTime:0.000000s ]
INFO: [ app_init ] --END-- [ RunTime:0.000000s ]
INFO: [ app_begin ] --START--
INFO: Run Behavior\ReadHtmlCacheBehavior [ RunTime:0.000000s ]
INFO: [ app_begin ] --END-- [ RunTime:0.000000s ]
SQL: SHOW COLUMNS FROM `job_student` [ RunTime:0.000000s ]
SQL: SELECT * FROM `job_student` WHERE `name` = '140269028'  [ RunTime:0.015600s ]
INFO: [ view_parse ] --START--
INFO: [ template_filter ] --START--
INFO: Run Behavior\ContentReplaceBehavior [ RunTime:0.000000s ]
INFO: [ template_filter ] --END-- [ RunTime:0.000000s ]
INFO: Run Behavior\ParseTemplateBehavior [ RunTime:0.015600s ]
INFO: [ view_parse ] --END-- [ RunTime:0.015600s ]
INFO: [ view_filter ] --START--
INFO: Run Behavior\WriteHtmlCacheBehavior [ RunTime:0.000000s ]
INFO: [ view_filter ] --END-- [ RunTime:0.000000s ]
INFO: [ app_end ] --START--
INFO: Run Behavior\ShowPageTraceBehavior [ RunTime:0.000000s ]
INFO: [ app_end ] --END-- [ RunTime:0.000000s ]

[ 2016-12-19T20:06:37+08:00 ] 113.108.21.69 /jobs/
INFO: [ app_init ] --START--
INFO: Run Behavior\BuildLiteBehavior [ RunTime:0.000000s ]
INFO: [ app_init ] --END-- [ RunTime:0.000000s ]
INFO: [ app_begin ] --START--
INFO: Run Behavior\ReadHtmlCacheBehavior [ RunTime:0.000000s ]
INFO: [ app_begin ] --END-- [ RunTime:0.000000s ]
NOTIC: [8] Undefined index: type C:\xampp\htdocs\jobs\Application\Home\Controller\IndexController.class.php 第 14 行.
SQL: SHOW COLUMNS FROM `job_invite` [ RunTime:0.000000s ]
SQL: SHOW COLUMNS FROM `job_company` [ RunTime:0.015600s ]
SQL: SHOW COLUMNS FROM `job_student` [ RunTime:0.015600s ]
SQL: SELECT invite.id AS id,invite.sno AS sno,invite.cno AS cno,invite.type AS type,invite.invite_time AS invite_time,invite.accept_time AS accept_time,invite.detail AS detail,invite.message AS message,company.id AS companyid,company.rname AS companyname,company.name AS companyemail,company.resume AS resume,company.phone AS companyphone,student.id AS studentid,student.rname AS studentname,student.name AS studentemail,student.address AS address,student.work AS work,student.city AS city,student.city1 AS city1,student.city2 AS city2,student.phone AS studentphone FROM job_invite invite  JOIN job_company company ON invite.cno=company.id  JOIN job_student student ON invite.sno=student.id ORDER BY invite.accept_time desc  [ RunTime:0.000000s ]
ERR: 1054:Unknown column 'invite.message' in 'field list'
 [ SQL语句 ] : SELECT invite.id AS id,invite.sno AS sno,invite.cno AS cno,invite.type AS type,invite.invite_time AS invite_time,invite.accept_time AS accept_time,invite.detail AS detail,invite.message AS message,company.id AS companyid,company.rname AS companyname,company.name AS companyemail,company.resume AS resume,company.phone AS companyphone,student.id AS studentid,student.rname AS studentname,student.name AS studentemail,student.address AS address,student.work AS work,student.city AS city,student.city1 AS city1,student.city2 AS city2,student.phone AS studentphone FROM job_invite invite  JOIN job_company company ON invite.cno=company.id  JOIN job_student student ON invite.sno=student.id ORDER BY invite.accept_time desc 
INFO: [ view_parse ] --START--
INFO: [ template_filter ] --START--
INFO: Run Behavior\ContentReplaceBehavior [ RunTime:0.000000s ]
INFO: [ template_filter ] --END-- [ RunTime:0.000000s ]
INFO: Run Behavior\ParseTemplateBehavior [ RunTime:0.015600s ]
INFO: [ view_parse ] --END-- [ RunTime:0.015600s ]
INFO: [ view_filter ] --START--
INFO: Run Behavior\WriteHtmlCacheBehavior [ RunTime:0.000000s ]
INFO: [ view_filter ] --END-- [ RunTime:0.000000s ]
INFO: [ app_end ] --START--
INFO: Run Behavior\ShowPageTraceBehavior [ RunTime:0.000000s ]
INFO: [ app_end ] --END-- [ RunTime:0.000000s ]

[ 2016-12-19T20:06:44+08:00 ] 10.8.2.78 /jobs/
INFO: [ app_init ] --START--
INFO: Run Behavior\BuildLiteBehavior [ RunTime:0.000000s ]
INFO: [ app_init ] --END-- [ RunTime:0.000000s ]
INFO: [ app_begin ] --START--
INFO: Run Behavior\ReadHtmlCacheBehavior [ RunTime:0.000000s ]
INFO: [ app_begin ] --END-- [ RunTime:0.000000s ]
NOTIC: [8] Undefined index: type C:\xampp\htdocs\jobs\Application\Home\Controller\IndexController.class.php 第 14 行.
SQL: SHOW COLUMNS FROM `job_invite` [ RunTime:0.000000s ]
SQL: SHOW COLUMNS FROM `job_company` [ RunTime:0.015600s ]
SQL: SHOW COLUMNS FROM `job_student` [ RunTime:0.000000s ]
SQL: SELECT invite.id AS id,invite.sno AS sno,invite.cno AS cno,invite.type AS type,invite.invite_time AS invite_time,invite.accept_time AS accept_time,invite.detail AS detail,invite.message AS message,company.id AS companyid,company.rname AS companyname,company.name AS companyemail,company.resume AS resume,company.phone AS companyphone,student.id AS studentid,student.rname AS studentname,student.name AS studentemail,student.address AS address,student.work AS work,student.city AS city,student.city1 AS city1,student.city2 AS city2,student.phone AS studentphone FROM job_invite invite  JOIN job_company company ON invite.cno=company.id  JOIN job_student student ON invite.sno=student.id ORDER BY invite.accept_time desc  [ RunTime:0.000000s ]
ERR: 1054:Unknown column 'invite.message' in 'field list'
 [ SQL语句 ] : SELECT invite.id AS id,invite.sno AS sno,invite.cno AS cno,invite.type AS type,invite.invite_time AS invite_time,invite.accept_time AS accept_time,invite.detail AS detail,invite.message AS message,company.id AS companyid,company.rname AS companyname,company.name AS companyemail,company.resume AS resume,company.phone AS companyphone,student.id AS studentid,student.rname AS studentname,student.name AS studentemail,student.address AS address,student.work AS work,student.city AS city,student.city1 AS city1,student.city2 AS city2,student.phone AS studentphone FROM job_invite invite  JOIN job_company company ON invite.cno=company.id  JOIN job_student student ON invite.sno=student.id ORDER BY invite.accept_time desc 
INFO: [ view_parse ] --START--
INFO: [ template_filter ] --START--
INFO: Run Behavior\ContentReplaceBehavior [ RunTime:0.000000s ]
INFO: [ template_filter ] --END-- [ RunTime:0.000000s ]
INFO: Run Behavior\ParseTemplateBehavior [ RunTime:0.015600s ]
INFO: [ view_parse ] --END-- [ RunTime:0.015600s ]
INFO: [ view_filter ] --START--
INFO: Run Behavior\WriteHtmlCacheBehavior [ RunTime:0.000000s ]
INFO: [ view_filter ] --END-- [ RunTime:0.000000s ]
INFO: [ app_end ] --START--
INFO: Run Behavior\ShowPageTraceBehavior [ RunTime:0.000000s ]
INFO: [ app_end ] --END-- [ RunTime:0.000000s ]

[ 2016-12-19T20:06:55+08:00 ] 10.8.2.78 /jobs/index.php/Home/Index/loginHandle.html
INFO: [ app_init ] --START--
INFO: Run Behavior\BuildLiteBehavior [ RunTime:0.000000s ]
INFO: [ app_init ] --END-- [ RunTime:0.000000s ]
INFO: [ app_begin ] --START--
INFO: Run Behavior\ReadHtmlCacheBehavior [ RunTime:0.000000s ]
INFO: [ app_begin ] --END-- [ RunTime:0.000000s ]
NOTIC: [8] Undefined index: type C:\xampp\htdocs\jobs\Application\Home\Controller\IndexController.class.php 第 74 行.
SQL: SHOW COLUMNS FROM `job_student` [ RunTime:0.000000s ]
SQL: SELECT * FROM `job_student` WHERE `name` = '140269079' AND `password` = 'dd311b579c391017f93d6743ee11e3cf'  [ RunTime:0.015600s ]
INFO: [ view_parse ] --START--
INFO: [ template_filter ] --START--
INFO: Run Behavior\ContentReplaceBehavior [ RunTime:0.000000s ]
INFO: [ template_filter ] --END-- [ RunTime:0.000000s ]
INFO: Run Behavior\ParseTemplateBehavior [ RunTime:0.015600s ]
INFO: [ view_parse ] --END-- [ RunTime:0.015600s ]
INFO: [ view_filter ] --START--
INFO: Run Behavior\WriteHtmlCacheBehavior [ RunTime:0.000000s ]
INFO: [ view_filter ] --END-- [ RunTime:0.000000s ]
INFO: [ app_end ] --START--
INFO: Run Behavior\ShowPageTraceBehavior [ RunTime:0.000000s ]
INFO: [ app_end ] --END-- [ RunTime:0.000000s ]

[ 2016-12-19T20:06:56+08:00 ] 10.8.2.78 /jobs/index.php/Home/Index/lists.html
INFO: [ app_init ] --START--
INFO: Run Behavior\BuildLiteBehavior [ RunTime:0.000000s ]
INFO: [ app_init ] --END-- [ RunTime:0.000000s ]
INFO: [ app_begin ] --START--
INFO: Run Behavior\ReadHtmlCacheBehavior [ RunTime:0.000000s ]
INFO: [ app_begin ] --END-- [ RunTime:0.000000s ]
SQL: SHOW COLUMNS FROM `job_student` [ RunTime:0.000000s ]
SQL: SELECT * FROM `job_student` WHERE `name` = '140269079' LIMIT 1   [ RunTime:0.015600s ]
SQL: SHOW COLUMNS FROM `job_invite` [ RunTime:0.000000s ]
SQL: SHOW COLUMNS FROM `job_company` [ RunTime:0.015600s ]
SQL: SELECT invite.id AS id,invite.sno AS sno,invite.cno AS cno,invite.type AS type,invite.invite_time AS invite_time,invite.accept_time AS accept_time,invite.detail AS detail,invite.message AS message,company.id AS companyid,company.rname AS companyname,company.name AS companyemail,company.resume AS resume,company.phone AS companyphone,student.id AS studentid,student.rname AS studentname,student.name AS studentemail,student.address AS address,student.work AS work,student.city AS city,student.city1 AS city1,student.city2 AS city2,student.phone AS studentphone FROM job_invite invite  JOIN job_company company ON invite.cno=company.id  JOIN job_student student ON invite.sno=student.id WHERE invite.sno = '1178'  [ RunTime:0.000000s ]
ERR: 1054:Unknown column 'invite.message' in 'field list'
 [ SQL语句 ] : SELECT invite.id AS id,invite.sno AS sno,invite.cno AS cno,invite.type AS type,invite.invite_time AS invite_time,invite.accept_time AS accept_time,invite.detail AS detail,invite.message AS message,company.id AS companyid,company.rname AS companyname,company.name AS companyemail,company.resume AS resume,company.phone AS companyphone,student.id AS studentid,student.rname AS studentname,student.name AS studentemail,student.address AS address,student.work AS work,student.city AS city,student.city1 AS city1,student.city2 AS city2,student.phone AS studentphone FROM job_invite invite  JOIN job_company company ON invite.cno=company.id  JOIN job_student student ON invite.sno=student.id WHERE invite.sno = '1178' 
INFO: [ view_parse ] --START--
INFO: [ template_filter ] --START--
INFO: Run Behavior\ContentReplaceBehavior [ RunTime:0.000000s ]
INFO: [ template_filter ] --END-- [ RunTime:0.015600s ]
INFO: Run Behavior\ParseTemplateBehavior [ RunTime:0.015600s ]
INFO: [ view_parse ] --END-- [ RunTime:0.015600s ]
INFO: [ view_filter ] --START--
INFO: Run Behavior\WriteHtmlCacheBehavior [ RunTime:0.000000s ]
INFO: [ view_filter ] --END-- [ RunTime:0.000000s ]
INFO: [ app_end ] --START--
INFO: Run Behavior\ShowPageTraceBehavior [ RunTime:0.000000s ]
INFO: [ app_end ] --END-- [ RunTime:0.000000s ]

[ 2016-12-19T20:07:48+08:00 ] 106.120.160.109 /jobs/
INFO: [ app_init ] --START--
INFO: Run Behavior\BuildLiteBehavior [ RunTime:0.000000s ]
INFO: [ app_init ] --END-- [ RunTime:0.000000s ]
INFO: [ app_begin ] --START--
INFO: Run Behavior\ReadHtmlCacheBehavior [ RunTime:0.000000s ]
INFO: [ app_begin ] --END-- [ RunTime:0.000000s ]
NOTIC: [8] Undefined index: type C:\xampp\htdocs\jobs\Application\Home\Controller\IndexController.class.php 第 14 行.
SQL: SHOW COLUMNS FROM `job_invite` [ RunTime:0.000000s ]
SQL: SHOW COLUMNS FROM `job_company` [ RunTime:0.000000s ]
SQL: SHOW COLUMNS FROM `job_student` [ RunTime:0.000000s ]
SQL: SELECT invite.id AS id,invite.sno AS sno,invite.cno AS cno,invite.type AS type,invite.invite_time AS invite_time,invite.accept_time AS accept_time,invite.detail AS detail,invite.message AS message,company.id AS companyid,company.rname AS companyname,company.name AS companyemail,company.resume AS resume,company.phone AS companyphone,student.id AS studentid,student.rname AS studentname,student.name AS studentemail,student.address AS address,student.work AS work,student.city AS city,student.city1 AS city1,student.city2 AS city2,student.phone AS studentphone FROM job_invite invite  JOIN job_company company ON invite.cno=company.id  JOIN job_student student ON invite.sno=student.id ORDER BY invite.accept_time desc  [ RunTime:0.000000s ]
ERR: 1054:Unknown column 'invite.message' in 'field list'
 [ SQL语句 ] : SELECT invite.id AS id,invite.sno AS sno,invite.cno AS cno,invite.type AS type,invite.invite_time AS invite_time,invite.accept_time AS accept_time,invite.detail AS detail,invite.message AS message,company.id AS companyid,company.rname AS companyname,company.name AS companyemail,company.resume AS resume,company.phone AS companyphone,student.id AS studentid,student.rname AS studentname,student.name AS studentemail,student.address AS address,student.work AS work,student.city AS city,student.city1 AS city1,student.city2 AS city2,student.phone AS studentphone FROM job_invite invite  JOIN job_company company ON invite.cno=company.id  JOIN job_student student ON invite.sno=student.id ORDER BY invite.accept_time desc 
INFO: [ view_parse ] --START--
INFO: [ template_filter ] --START--
INFO: Run Behavior\ContentReplaceBehavior [ RunTime:0.000000s ]
INFO: [ template_filter ] --END-- [ RunTime:0.000000s ]
INFO: Run Behavior\ParseTemplateBehavior [ RunTime:0.000000s ]
INFO: [ view_parse ] --END-- [ RunTime:0.000000s ]
INFO: [ view_filter ] --START--
INFO: Run Behavior\WriteHtmlCacheBehavior [ RunTime:0.000000s ]
INFO: [ view_filter ] --END-- [ RunTime:0.000000s ]
INFO: [ app_end ] --START--
INFO: Run Behavior\ShowPageTraceBehavior [ RunTime:0.000000s ]
INFO: [ app_end ] --END-- [ RunTime:0.000000s ]

[ 2016-12-19T20:08:04+08:00 ] 101.199.112.55 /jobs/
INFO: [ app_init ] --START--
INFO: Run Behavior\BuildLiteBehavior [ RunTime:0.000000s ]
INFO: [ app_init ] --END-- [ RunTime:0.000000s ]
INFO: [ app_begin ] --START--
INFO: Run Behavior\ReadHtmlCacheBehavior [ RunTime:0.000000s ]
INFO: [ app_begin ] --END-- [ RunTime:0.000000s ]
NOTIC: [8] Undefined index: type C:\xampp\htdocs\jobs\Application\Home\Controller\IndexController.class.php 第 14 行.
SQL: SHOW COLUMNS FROM `job_invite` [ RunTime:0.000000s ]
SQL: SHOW COLUMNS FROM `job_company` [ RunTime:0.015600s ]
SQL: SHOW COLUMNS FROM `job_student` [ RunTime:0.000000s ]
SQL: SELECT invite.id AS id,invite.sno AS sno,invite.cno AS cno,invite.type AS type,invite.invite_time AS invite_time,invite.accept_time AS accept_time,invite.detail AS detail,invite.message AS message,company.id AS companyid,company.rname AS companyname,company.name AS companyemail,company.resume AS resume,company.phone AS companyphone,student.id AS studentid,student.rname AS studentname,student.name AS studentemail,student.address AS address,student.work AS work,student.city AS city,student.city1 AS city1,student.city2 AS city2,student.phone AS studentphone FROM job_invite invite  JOIN job_company company ON invite.cno=company.id  JOIN job_student student ON invite.sno=student.id ORDER BY invite.accept_time desc  [ RunTime:0.000000s ]
ERR: 1054:Unknown column 'invite.message' in 'field list'
 [ SQL语句 ] : SELECT invite.id AS id,invite.sno AS sno,invite.cno AS cno,invite.type AS type,invite.invite_time AS invite_time,invite.accept_time AS accept_time,invite.detail AS detail,invite.message AS message,company.id AS companyid,company.rname AS companyname,company.name AS companyemail,company.resume AS resume,company.phone AS companyphone,student.id AS studentid,student.rname AS studentname,student.name AS studentemail,student.address AS address,student.work AS work,student.city AS city,student.city1 AS city1,student.city2 AS city2,student.phone AS studentphone FROM job_invite invite  JOIN job_company company ON invite.cno=company.id  JOIN job_student student ON invite.sno=student.id ORDER BY invite.accept_time desc 
INFO: [ view_parse ] --START--
INFO: [ template_filter ] --START--
INFO: Run Behavior\ContentReplaceBehavior [ RunTime:0.000000s ]
INFO: [ template_filter ] --END-- [ RunTime:0.000000s ]
INFO: Run Behavior\ParseTemplateBehavior [ RunTime:0.015600s ]
INFO: [ view_parse ] --END-- [ RunTime:0.015600s ]
INFO: [ view_filter ] --START--
INFO: Run Behavior\WriteHtmlCacheBehavior [ RunTime:0.000000s ]
INFO: [ view_filter ] --END-- [ RunTime:0.000000s ]
INFO: [ app_end ] --START--
INFO: Run Behavior\ShowPageTraceBehavior [ RunTime:0.000000s ]
INFO: [ app_end ] --END-- [ RunTime:0.000000s ]

[ 2016-12-19T20:55:50+08:00 ] 10.8.165.211 /jobs/
INFO: [ app_init ] --START--
INFO: Run Behavior\BuildLiteBehavior [ RunTime:0.000000s ]
INFO: [ app_init ] --END-- [ RunTime:0.000000s ]
INFO: [ app_begin ] --START--
INFO: Run Behavior\ReadHtmlCacheBehavior [ RunTime:0.000000s ]
INFO: [ app_begin ] --END-- [ RunTime:0.000000s ]
NOTIC: [8] Undefined index: type C:\xampp\htdocs\jobs\Application\Home\Controller\IndexController.class.php 第 14 行.
SQL: SHOW COLUMNS FROM `job_invite` [ RunTime:0.015600s ]
SQL: SHOW COLUMNS FROM `job_company` [ RunTime:0.046800s ]
SQL: SHOW COLUMNS FROM `job_student` [ RunTime:0.062400s ]
SQL: SELECT invite.id AS id,invite.sno AS sno,invite.cno AS cno,invite.type AS type,invite.invite_time AS invite_time,invite.accept_time AS accept_time,invite.detail AS detail,invite.message AS message,company.id AS companyid,company.rname AS companyname,company.name AS companyemail,company.resume AS resume,company.phone AS companyphone,student.id AS studentid,student.rname AS studentname,student.name AS studentemail,student.address AS address,student.work AS work,student.city AS city,student.city1 AS city1,student.city2 AS city2,student.phone AS studentphone FROM job_invite invite  JOIN job_company company ON invite.cno=company.id  JOIN job_student student ON invite.sno=student.id ORDER BY invite.accept_time desc  [ RunTime:0.000000s ]
ERR: 1054:Unknown column 'invite.message' in 'field list'
 [ SQL语句 ] : SELECT invite.id AS id,invite.sno AS sno,invite.cno AS cno,invite.type AS type,invite.invite_time AS invite_time,invite.accept_time AS accept_time,invite.detail AS detail,invite.message AS message,company.id AS companyid,company.rname AS companyname,company.name AS companyemail,company.resume AS resume,company.phone AS companyphone,student.id AS studentid,student.rname AS studentname,student.name AS studentemail,student.address AS address,student.work AS work,student.city AS city,student.city1 AS city1,student.city2 AS city2,student.phone AS studentphone FROM job_invite invite  JOIN job_company company ON invite.cno=company.id  JOIN job_student student ON invite.sno=student.id ORDER BY invite.accept_time desc 
INFO: [ view_parse ] --START--
INFO: [ template_filter ] --START--
INFO: Run Behavior\ContentReplaceBehavior [ RunTime:0.000000s ]
INFO: [ template_filter ] --END-- [ RunTime:0.000000s ]
INFO: Run Behavior\ParseTemplateBehavior [ RunTime:0.015600s ]
INFO: [ view_parse ] --END-- [ RunTime:0.015600s ]
INFO: [ view_filter ] --START--
INFO: Run Behavior\WriteHtmlCacheBehavior [ RunTime:0.000000s ]
INFO: [ view_filter ] --END-- [ RunTime:0.000000s ]
INFO: [ app_end ] --START--
INFO: Run Behavior\ShowPageTraceBehavior [ RunTime:0.000000s ]
INFO: [ app_end ] --END-- [ RunTime:0.000000s ]

[ 2016-12-19T20:55:52+08:00 ] 10.8.165.211 /jobs/
INFO: [ app_init ] --START--
INFO: Run Behavior\BuildLiteBehavior [ RunTime:0.000000s ]
INFO: [ app_init ] --END-- [ RunTime:0.000000s ]
INFO: [ app_begin ] --START--
INFO: Run Behavior\ReadHtmlCacheBehavior [ RunTime:0.000000s ]
INFO: [ app_begin ] --END-- [ RunTime:0.000000s ]
NOTIC: [8] Undefined index: type C:\xampp\htdocs\jobs\Application\Home\Controller\IndexController.class.php 第 14 行.
SQL: SHOW COLUMNS FROM `job_invite` [ RunTime:0.000000s ]
SQL: SHOW COLUMNS FROM `job_company` [ RunTime:0.015600s ]
SQL: SHOW COLUMNS FROM `job_student` [ RunTime:0.000000s ]
SQL: SELECT invite.id AS id,invite.sno AS sno,invite.cno AS cno,invite.type AS type,invite.invite_time AS invite_time,invite.accept_time AS accept_time,invite.detail AS detail,invite.message AS message,company.id AS companyid,company.rname AS companyname,company.name AS companyemail,company.resume AS resume,company.phone AS companyphone,student.id AS studentid,student.rname AS studentname,student.name AS studentemail,student.address AS address,student.work AS work,student.city AS city,student.city1 AS city1,student.city2 AS city2,student.phone AS studentphone FROM job_invite invite  JOIN job_company company ON invite.cno=company.id  JOIN job_student student ON invite.sno=student.id ORDER BY invite.accept_time desc  [ RunTime:0.000000s ]
ERR: 1054:Unknown column 'invite.message' in 'field list'
 [ SQL语句 ] : SELECT invite.id AS id,invite.sno AS sno,invite.cno AS cno,invite.type AS type,invite.invite_time AS invite_time,invite.accept_time AS accept_time,invite.detail AS detail,invite.message AS message,company.id AS companyid,company.rname AS companyname,company.name AS companyemail,company.resume AS resume,company.phone AS companyphone,student.id AS studentid,student.rname AS studentname,student.name AS studentemail,student.address AS address,student.work AS work,student.city AS city,student.city1 AS city1,student.city2 AS city2,student.phone AS studentphone FROM job_invite invite  JOIN job_company company ON invite.cno=company.id  JOIN job_student student ON invite.sno=student.id ORDER BY invite.accept_time desc 
INFO: [ view_parse ] --START--
INFO: [ template_filter ] --START--
INFO: Run Behavior\ContentReplaceBehavior [ RunTime:0.000000s ]
INFO: [ template_filter ] --END-- [ RunTime:0.000000s ]
INFO: Run Behavior\ParseTemplateBehavior [ RunTime:0.015600s ]
INFO: [ view_parse ] --END-- [ RunTime:0.015600s ]
INFO: [ view_filter ] --START--
INFO: Run Behavior\WriteHtmlCacheBehavior [ RunTime:0.000000s ]
INFO: [ view_filter ] --END-- [ RunTime:0.000000s ]
INFO: [ app_end ] --START--
INFO: Run Behavior\ShowPageTraceBehavior [ RunTime:0.000000s ]
INFO: [ app_end ] --END-- [ RunTime:0.000000s ]

[ 2016-12-19T20:55:53+08:00 ] 10.8.165.211 /jobs/
INFO: [ app_init ] --START--
INFO: Run Behavior\BuildLiteBehavior [ RunTime:0.000000s ]
INFO: [ app_init ] --END-- [ RunTime:0.000000s ]
INFO: [ app_begin ] --START--
INFO: Run Behavior\ReadHtmlCacheBehavior [ RunTime:0.000000s ]
INFO: [ app_begin ] --END-- [ RunTime:0.000000s ]
NOTIC: [8] Undefined index: type C:\xampp\htdocs\jobs\Application\Home\Controller\IndexController.class.php 第 14 行.
SQL: SHOW COLUMNS FROM `job_invite` [ RunTime:0.000000s ]
SQL: SHOW COLUMNS FROM `job_company` [ RunTime:0.000000s ]
SQL: SHOW COLUMNS FROM `job_student` [ RunTime:0.015600s ]
SQL: SELECT invite.id AS id,invite.sno AS sno,invite.cno AS cno,invite.type AS type,invite.invite_time AS invite_time,invite.accept_time AS accept_time,invite.detail AS detail,invite.message AS message,company.id AS companyid,company.rname AS companyname,company.name AS companyemail,company.resume AS resume,company.phone AS companyphone,student.id AS studentid,student.rname AS studentname,student.name AS studentemail,student.address AS address,student.work AS work,student.city AS city,student.city1 AS city1,student.city2 AS city2,student.phone AS studentphone FROM job_invite invite  JOIN job_company company ON invite.cno=company.id  JOIN job_student student ON invite.sno=student.id ORDER BY invite.accept_time desc  [ RunTime:0.000000s ]
ERR: 1054:Unknown column 'invite.message' in 'field list'
 [ SQL语句 ] : SELECT invite.id AS id,invite.sno AS sno,invite.cno AS cno,invite.type AS type,invite.invite_time AS invite_time,invite.accept_time AS accept_time,invite.detail AS detail,invite.message AS message,company.id AS companyid,company.rname AS companyname,company.name AS companyemail,company.resume AS resume,company.phone AS companyphone,student.id AS studentid,student.rname AS studentname,student.name AS studentemail,student.address AS address,student.work AS work,student.city AS city,student.city1 AS city1,student.city2 AS city2,student.phone AS studentphone FROM job_invite invite  JOIN job_company company ON invite.cno=company.id  JOIN job_student student ON invite.sno=student.id ORDER BY invite.accept_time desc 
INFO: [ view_parse ] --START--
INFO: [ template_filter ] --START--
INFO: Run Behavior\ContentReplaceBehavior [ RunTime:0.000000s ]
INFO: [ template_filter ] --END-- [ RunTime:0.000000s ]
INFO: Run Behavior\ParseTemplateBehavior [ RunTime:0.015600s ]
INFO: [ view_parse ] --END-- [ RunTime:0.015600s ]
INFO: [ view_filter ] --START--
INFO: Run Behavior\WriteHtmlCacheBehavior [ RunTime:0.000000s ]
INFO: [ view_filter ] --END-- [ RunTime:0.000000s ]
INFO: [ app_end ] --START--
INFO: Run Behavior\ShowPageTraceBehavior [ RunTime:0.000000s ]
INFO: [ app_end ] --END-- [ RunTime:0.000000s ]

[ 2016-12-19T20:55:54+08:00 ] 10.8.165.211 /jobs/
INFO: [ app_init ] --START--
INFO: Run Behavior\BuildLiteBehavior [ RunTime:0.000000s ]
INFO: [ app_init ] --END-- [ RunTime:0.000000s ]
INFO: [ app_begin ] --START--
INFO: Run Behavior\ReadHtmlCacheBehavior [ RunTime:0.000000s ]
INFO: [ app_begin ] --END-- [ RunTime:0.000000s ]
NOTIC: [8] Undefined index: type C:\xampp\htdocs\jobs\Application\Home\Controller\IndexController.class.php 第 14 行.
SQL: SHOW COLUMNS FROM `job_invite` [ RunTime:0.000000s ]
SQL: SHOW COLUMNS FROM `job_company` [ RunTime:0.000000s ]
SQL: SHOW COLUMNS FROM `job_student` [ RunTime:0.015600s ]
SQL: SELECT invite.id AS id,invite.sno AS sno,invite.cno AS cno,invite.type AS type,invite.invite_time AS invite_time,invite.accept_time AS accept_time,invite.detail AS detail,invite.message AS message,company.id AS companyid,company.rname AS companyname,company.name AS companyemail,company.resume AS resume,company.phone AS companyphone,student.id AS studentid,student.rname AS studentname,student.name AS studentemail,student.address AS address,student.work AS work,student.city AS city,student.city1 AS city1,student.city2 AS city2,student.phone AS studentphone FROM job_invite invite  JOIN job_company company ON invite.cno=company.id  JOIN job_student student ON invite.sno=student.id ORDER BY invite.accept_time desc  [ RunTime:0.000000s ]
ERR: 1054:Unknown column 'invite.message' in 'field list'
 [ SQL语句 ] : SELECT invite.id AS id,invite.sno AS sno,invite.cno AS cno,invite.type AS type,invite.invite_time AS invite_time,invite.accept_time AS accept_time,invite.detail AS detail,invite.message AS message,company.id AS companyid,company.rname AS companyname,company.name AS companyemail,company.resume AS resume,company.phone AS companyphone,student.id AS studentid,student.rname AS studentname,student.name AS studentemail,student.address AS address,student.work AS work,student.city AS city,student.city1 AS city1,student.city2 AS city2,student.phone AS studentphone FROM job_invite invite  JOIN job_company company ON invite.cno=company.id  JOIN job_student student ON invite.sno=student.id ORDER BY invite.accept_time desc 
INFO: [ view_parse ] --START--
INFO: [ template_filter ] --START--
INFO: Run Behavior\ContentReplaceBehavior [ RunTime:0.000000s ]
INFO: [ template_filter ] --END-- [ RunTime:0.000000s ]
INFO: Run Behavior\ParseTemplateBehavior [ RunTime:0.015600s ]
INFO: [ view_parse ] --END-- [ RunTime:0.015600s ]
INFO: [ view_filter ] --START--
INFO: Run Behavior\WriteHtmlCacheBehavior [ RunTime:0.000000s ]
INFO: [ view_filter ] --END-- [ RunTime:0.000000s ]
INFO: [ app_end ] --START--
INFO: Run Behavior\ShowPageTraceBehavior [ RunTime:0.000000s ]
INFO: [ app_end ] --END-- [ RunTime:0.000000s ]

[ 2016-12-19T20:55:54+08:00 ] 10.8.165.211 /jobs/
INFO: [ app_init ] --START--
INFO: Run Behavior\BuildLiteBehavior [ RunTime:0.000000s ]
INFO: [ app_init ] --END-- [ RunTime:0.000000s ]
INFO: [ app_begin ] --START--
INFO: Run Behavior\ReadHtmlCacheBehavior [ RunTime:0.000000s ]
INFO: [ app_begin ] --END-- [ RunTime:0.000000s ]
NOTIC: [8] Undefined index: type C:\xampp\htdocs\jobs\Application\Home\Controller\IndexController.class.php 第 14 行.
SQL: SHOW COLUMNS FROM `job_invite` [ RunTime:0.000000s ]
SQL: SHOW COLUMNS FROM `job_company` [ RunTime:0.015600s ]
SQL: SHOW COLUMNS FROM `job_student` [ RunTime:0.000000s ]
SQL: SELECT invite.id AS id,invite.sno AS sno,invite.cno AS cno,invite.type AS type,invite.invite_time AS invite_time,invite.accept_time AS accept_time,invite.detail AS detail,invite.message AS message,company.id AS companyid,company.rname AS companyname,company.name AS companyemail,company.resume AS resume,company.phone AS companyphone,student.id AS studentid,student.rname AS studentname,student.name AS studentemail,student.address AS address,student.work AS work,student.city AS city,student.city1 AS city1,student.city2 AS city2,student.phone AS studentphone FROM job_invite invite  JOIN job_company company ON invite.cno=company.id  JOIN job_student student ON invite.sno=student.id ORDER BY invite.accept_time desc  [ RunTime:0.000000s ]
ERR: 1054:Unknown column 'invite.message' in 'field list'
 [ SQL语句 ] : SELECT invite.id AS id,invite.sno AS sno,invite.cno AS cno,invite.type AS type,invite.invite_time AS invite_time,invite.accept_time AS accept_time,invite.detail AS detail,invite.message AS message,company.id AS companyid,company.rname AS companyname,company.name AS companyemail,company.resume AS resume,company.phone AS companyphone,student.id AS studentid,student.rname AS studentname,student.name AS studentemail,student.address AS address,student.work AS work,student.city AS city,student.city1 AS city1,student.city2 AS city2,student.phone AS studentphone FROM job_invite invite  JOIN job_company company ON invite.cno=company.id  JOIN job_student student ON invite.sno=student.id ORDER BY invite.accept_time desc 
INFO: [ view_parse ] --START--
INFO: [ template_filter ] --START--
INFO: Run Behavior\ContentReplaceBehavior [ RunTime:0.000000s ]
INFO: [ template_filter ] --END-- [ RunTime:0.000000s ]
INFO: Run Behavior\ParseTemplateBehavior [ RunTime:0.015600s ]
INFO: [ view_parse ] --END-- [ RunTime:0.015600s ]
INFO: [ view_filter ] --START--
INFO: Run Behavior\WriteHtmlCacheBehavior [ RunTime:0.000000s ]
INFO: [ view_filter ] --END-- [ RunTime:0.000000s ]
INFO: [ app_end ] --START--
INFO: Run Behavior\ShowPageTraceBehavior [ RunTime:0.000000s ]
INFO: [ app_end ] --END-- [ RunTime:0.000000s ]

[ 2016-12-19T20:56:21+08:00 ] 10.8.165.211 /jobs/index.php/Home/Index/loginHandle.html
INFO: [ app_init ] --START--
INFO: Run Behavior\BuildLiteBehavior [ RunTime:0.000000s ]
INFO: [ app_init ] --END-- [ RunTime:0.000000s ]
INFO: [ app_begin ] --START--
INFO: Run Behavior\ReadHtmlCacheBehavior [ RunTime:0.000000s ]
INFO: [ app_begin ] --END-- [ RunTime:0.000000s ]
NOTIC: [8] Undefined index: type C:\xampp\htdocs\jobs\Application\Home\Controller\IndexController.class.php 第 74 行.
SQL: SHOW COLUMNS FROM `job_student` [ RunTime:0.000000s ]
SQL: SELECT * FROM `job_student` WHERE `name` = '140261003' AND `password` = '0f8bb0e5c729432ddd61c5d680bc0f8e'  [ RunTime:0.015600s ]
INFO: [ view_parse ] --START--
INFO: [ template_filter ] --START--
INFO: Run Behavior\ContentReplaceBehavior [ RunTime:0.000000s ]
INFO: [ template_filter ] --END-- [ RunTime:0.000000s ]
INFO: Run Behavior\ParseTemplateBehavior [ RunTime:0.015600s ]
INFO: [ view_parse ] --END-- [ RunTime:0.015600s ]
INFO: [ view_filter ] --START--
INFO: Run Behavior\WriteHtmlCacheBehavior [ RunTime:0.000000s ]
INFO: [ view_filter ] --END-- [ RunTime:0.000000s ]
INFO: [ app_end ] --START--
INFO: Run Behavior\ShowPageTraceBehavior [ RunTime:0.000000s ]
INFO: [ app_end ] --END-- [ RunTime:0.000000s ]

[ 2016-12-19T20:56:22+08:00 ] 10.8.165.211 /jobs/index.php/Home/Index/studentadd.html
INFO: [ app_init ] --START--
INFO: Run Behavior\BuildLiteBehavior [ RunTime:0.000000s ]
INFO: [ app_init ] --END-- [ RunTime:0.000000s ]
INFO: [ app_begin ] --START--
INFO: Run Behavior\ReadHtmlCacheBehavior [ RunTime:0.000000s ]
INFO: [ app_begin ] --END-- [ RunTime:0.000000s ]
INFO: [ view_parse ] --START--
INFO: [ template_filter ] --START--
INFO: Run Behavior\ContentReplaceBehavior [ RunTime:0.000000s ]
INFO: [ template_filter ] --END-- [ RunTime:0.000000s ]
NOTIC: [8] Undefined variable: vo C:\xampp\htdocs\jobs\Application\Runtime\Cache\Home\79a85c67860ac6319c3bfccec35cf385.php 第 45 行.
INFO: Run Behavior\ParseTemplateBehavior [ RunTime:0.015600s ]
INFO: [ view_parse ] --END-- [ RunTime:0.015600s ]
INFO: [ view_filter ] --START--
INFO: Run Behavior\WriteHtmlCacheBehavior [ RunTime:0.000000s ]
INFO: [ view_filter ] --END-- [ RunTime:0.000000s ]
INFO: [ app_end ] --START--
INFO: Run Behavior\ShowPageTraceBehavior [ RunTime:0.000000s ]
INFO: [ app_end ] --END-- [ RunTime:0.000000s ]

[ 2016-12-19T20:58:56+08:00 ] 10.8.165.211 /jobs/index.php/Home/Index/studentaddHandle.html
INFO: [ app_init ] --START--
INFO: Run Behavior\BuildLiteBehavior [ RunTime:0.000000s ]
INFO: [ app_init ] --END-- [ RunTime:0.000000s ]
INFO: [ app_begin ] --START--
INFO: Run Behavior\ReadHtmlCacheBehavior [ RunTime:0.000000s ]
INFO: [ app_begin ] --END-- [ RunTime:0.000000s ]
SQL: SHOW COLUMNS FROM `job_student` [ RunTime:0.000000s ]
INFO: [ view_parse ] --START--
INFO: [ template_filter ] --START--
INFO: Run Behavior\ContentReplaceBehavior [ RunTime:0.000000s ]
INFO: [ template_filter ] --END-- [ RunTime:0.000000s ]
INFO: Run Behavior\ParseTemplateBehavior [ RunTime:0.000000s ]
INFO: [ view_parse ] --END-- [ RunTime:0.000000s ]
INFO: [ view_filter ] --START--
INFO: Run Behavior\WriteHtmlCacheBehavior [ RunTime:0.000000s ]
INFO: [ view_filter ] --END-- [ RunTime:0.000000s ]

[ 2016-12-19T21:02:37+08:00 ] 10.8.165.211 /jobs/index.php/Home/Index/studentaddHandle.html
INFO: [ app_init ] --START--
INFO: Run Behavior\BuildLiteBehavior [ RunTime:0.000000s ]
INFO: [ app_init ] --END-- [ RunTime:0.000000s ]
INFO: [ app_begin ] --START--
INFO: Run Behavior\ReadHtmlCacheBehavior [ RunTime:0.000000s ]
INFO: [ app_begin ] --END-- [ RunTime:0.000000s ]
SQL: SHOW COLUMNS FROM `job_student` [ RunTime:0.000000s ]
INFO: [ view_parse ] --START--
INFO: [ template_filter ] --START--
INFO: Run Behavior\ContentReplaceBehavior [ RunTime:0.000000s ]
INFO: [ template_filter ] --END-- [ RunTime:0.000000s ]
INFO: Run Behavior\ParseTemplateBehavior [ RunTime:0.015600s ]
INFO: [ view_parse ] --END-- [ RunTime:0.015600s ]
INFO: [ view_filter ] --START--
INFO: Run Behavior\WriteHtmlCacheBehavior [ RunTime:0.000000s ]
INFO: [ view_filter ] --END-- [ RunTime:0.000000s ]

[ 2016-12-19T21:05:30+08:00 ] 10.8.165.211 /jobs/index.php/Home/Index/studentaddHandle.html
INFO: [ app_init ] --START--
INFO: Run Behavior\BuildLiteBehavior [ RunTime:0.000000s ]
INFO: [ app_init ] --END-- [ RunTime:0.000000s ]
INFO: [ app_begin ] --START--
INFO: Run Behavior\ReadHtmlCacheBehavior [ RunTime:0.000000s ]
INFO: [ app_begin ] --END-- [ RunTime:0.000000s ]
SQL: SHOW COLUMNS FROM `job_student` [ RunTime:0.000000s ]
SQL: UPDATE `job_student` SET `nplace`='新疆伊宁市',`address`='新疆伊宁市城东路1号民生小区7幢5单元202室',`work`='教师',`phone`='13270352712',`email`='1473701569@qq.com',`city`='伊犁',`resume`='<p><strong><span style=\"font-family:宋体\">个人基本信息</span></strong></p><p>&nbsp;</p><p><span style=\"font-family:宋体\">姓名：排尔哈提</span>·<span style=\"font-family:宋体\">吐尔孙</span>&nbsp;&nbsp;&nbsp;&nbsp;&nbsp;&nbsp; <span style=\"font-family:宋体\">出生年月：</span>1992<span style=\"font-family:宋体\">年</span>12<span style=\"font-family:宋体\">月</span>&nbsp;&nbsp;&nbsp;&nbsp;&nbsp;&nbsp; <span style=\"font-family:宋体\">名族：维吾尔</span></p><p>&nbsp;</p><p><span style=\"font-family:宋体\">性别：男</span>&nbsp;&nbsp;&nbsp;&nbsp;&nbsp;&nbsp;&nbsp;&nbsp;&nbsp;&nbsp;&nbsp;&nbsp;&nbsp;&nbsp;&nbsp;&nbsp;&nbsp;&nbsp;&nbsp; <span style=\"font-family:宋体\">户口所在地：新疆伊宁市</span>&nbsp;&nbsp;&nbsp;&nbsp;&nbsp; <span style=\"font-family:宋体\">籍贯：新疆</span>&nbsp;&nbsp;</p><p>&nbsp;</p><p><span style=\"font-family:宋体\">学历：本科</span>&nbsp;&nbsp;&nbsp;&nbsp;&nbsp;&nbsp;&nbsp;&nbsp;&nbsp;&nbsp;&nbsp;&nbsp;&nbsp;&nbsp;&nbsp;&nbsp;&nbsp; <span style=\"font-family:宋体\">毕业日期：</span>2018<span style=\"font-family:宋体\">年</span>6<span style=\"font-family:宋体\">月</span>&nbsp;&nbsp;&nbsp;&nbsp;&nbsp;&nbsp;&nbsp; <span style=\"font-family:宋体\">政治面貌：共青团</span></p><p>&nbsp;</p><p><span style=\"font-family:宋体\">毕业院校：江苏师范大</span>&nbsp;&nbsp;&nbsp;&nbsp;&nbsp;&nbsp;&nbsp; <span style=\"font-family:宋体\">专业：计算机科学与技术</span></p><p>&nbsp;</p><p><strong><span style=\"font-family:宋体\">求职意向</span></strong></p><p><strong>&nbsp;</strong></p><p><span style=\"font-family:宋体\">公务员，教师</span></p><p>&nbsp;</p><p><strong><span style=\"font-family:宋体\">主修课程</span></strong></p><p><strong>&nbsp;</strong></p><p><span style=\"font-family:宋体\">计算机组织与体系结构，信息技术课程与教学论</span></p><p><span style=\"font-family:宋体\">教育心理学，教育学，计算机网络，班级管理</span></p><p>&nbsp;</p><p><strong><span style=\"font-family:宋体\">个人能力</span></strong></p><p><strong>&nbsp;</strong></p><p><span style=\"font-family:宋体\">普通话：二级乙等</span></p><p>&nbsp;</p><p>MHK<span style=\"font-family:宋体\">：</span> <span style=\"font-family:宋体\">四级</span></p><p>&nbsp;</p><p><strong><span style=\"font-family:宋体\">社会实践与实习</span></strong></p><p><strong>&nbsp;</strong></p><p><span style=\"font-family:宋体\">无</span></p><p>&nbsp;</p><p><strong><span style=\"font-family:宋体\">自我评价</span></strong></p><p><strong>&nbsp;</strong></p><p><span style=\"font-family:宋体\">忠实诚信，讲原则，说到做到，绝不推卸责任；有自制力，做事情始终坚持有始有终，从不半途而废；肯学习，有问题不逃避，愿意虚心向他人学习；自信但不自负，不以自我为中心；愿意以谦虚态度赞扬接纳优越者，权威者；会用</span>100%<span style=\"font-family:宋体\">的热情和精力投入到工作中；平易近人。为人诚恳，性格开朗，积极进取，适应力强、勤奋好学、脚踏实地，有较强的团队精神，工作积极进取，态度认真。</span></p><p>&nbsp;</p><p><strong><span style=\"font-family:宋体\">联系方式</span> </strong></p><p><strong>&nbsp;</strong></p><p><span style=\"font-family:宋体\">电话：</span>13270352712</p><p>&nbsp;</p><p><span style=\"font-family:宋体\">邮箱：</span>1473701569@qq.com</p><p><br/></p>',`status`=1 WHERE `name` = '140261003' [ RunTime:0.046800s ]
INFO: [ view_parse ] --START--
INFO: [ template_filter ] --START--
INFO: Run Behavior\ContentReplaceBehavior [ RunTime:0.000000s ]
INFO: [ template_filter ] --END-- [ RunTime:0.000000s ]
INFO: Run Behavior\ParseTemplateBehavior [ RunTime:0.015600s ]
INFO: [ view_parse ] --END-- [ RunTime:0.015600s ]
INFO: [ view_filter ] --START--
INFO: Run Behavior\WriteHtmlCacheBehavior [ RunTime:0.000000s ]
INFO: [ view_filter ] --END-- [ RunTime:0.000000s ]
INFO: [ app_end ] --START--
INFO: Run Behavior\ShowPageTraceBehavior [ RunTime:0.000000s ]
INFO: [ app_end ] --END-- [ RunTime:0.000000s ]

[ 2016-12-19T21:05:31+08:00 ] 10.8.165.211 /jobs/index.php/Home/Index/lists.html
INFO: [ app_init ] --START--
INFO: Run Behavior\BuildLiteBehavior [ RunTime:0.000000s ]
INFO: [ app_init ] --END-- [ RunTime:0.000000s ]
INFO: [ app_begin ] --START--
INFO: Run Behavior\ReadHtmlCacheBehavior [ RunTime:0.000000s ]
INFO: [ app_begin ] --END-- [ RunTime:0.000000s ]
SQL: SHOW COLUMNS FROM `job_student` [ RunTime:0.000000s ]
SQL: SELECT * FROM `job_student` WHERE `name` = '140261003' LIMIT 1   [ RunTime:0.140400s ]
SQL: SHOW COLUMNS FROM `job_invite` [ RunTime:0.000000s ]
SQL: SHOW COLUMNS FROM `job_company` [ RunTime:0.015600s ]
SQL: SELECT invite.id AS id,invite.sno AS sno,invite.cno AS cno,invite.type AS type,invite.invite_time AS invite_time,invite.accept_time AS accept_time,invite.detail AS detail,invite.message AS message,company.id AS companyid,company.rname AS companyname,company.name AS companyemail,company.resume AS resume,company.phone AS companyphone,student.id AS studentid,student.rname AS studentname,student.name AS studentemail,student.address AS address,student.work AS work,student.city AS city,student.city1 AS city1,student.city2 AS city2,student.phone AS studentphone FROM job_invite invite  JOIN job_company company ON invite.cno=company.id  JOIN job_student student ON invite.sno=student.id WHERE invite.sno = '1056'  [ RunTime:0.000000s ]
ERR: 1054:Unknown column 'invite.message' in 'field list'
 [ SQL语句 ] : SELECT invite.id AS id,invite.sno AS sno,invite.cno AS cno,invite.type AS type,invite.invite_time AS invite_time,invite.accept_time AS accept_time,invite.detail AS detail,invite.message AS message,company.id AS companyid,company.rname AS companyname,company.name AS companyemail,company.resume AS resume,company.phone AS companyphone,student.id AS studentid,student.rname AS studentname,student.name AS studentemail,student.address AS address,student.work AS work,student.city AS city,student.city1 AS city1,student.city2 AS city2,student.phone AS studentphone FROM job_invite invite  JOIN job_company company ON invite.cno=company.id  JOIN job_student student ON invite.sno=student.id WHERE invite.sno = '1056' 
INFO: [ view_parse ] --START--
INFO: [ template_filter ] --START--
INFO: Run Behavior\ContentReplaceBehavior [ RunTime:0.000000s ]
INFO: [ template_filter ] --END-- [ RunTime:0.000000s ]
INFO: Run Behavior\ParseTemplateBehavior [ RunTime:0.015600s ]
INFO: [ view_parse ] --END-- [ RunTime:0.015600s ]
INFO: [ view_filter ] --START--
INFO: Run Behavior\WriteHtmlCacheBehavior [ RunTime:0.000000s ]
INFO: [ view_filter ] --END-- [ RunTime:0.000000s ]
INFO: [ app_end ] --START--
INFO: Run Behavior\ShowPageTraceBehavior [ RunTime:0.000000s ]
INFO: [ app_end ] --END-- [ RunTime:0.000000s ]

[ 2016-12-19T21:05:40+08:00 ] 10.8.165.211 /jobs/index.php/Home/Index/showresume/id/1056.html
INFO: [ app_init ] --START--
INFO: Run Behavior\BuildLiteBehavior [ RunTime:0.000000s ]
INFO: [ app_init ] --END-- [ RunTime:0.000000s ]
INFO: [ app_begin ] --START--
INFO: Run Behavior\ReadHtmlCacheBehavior [ RunTime:0.000000s ]
INFO: [ app_begin ] --END-- [ RunTime:0.000000s ]
SQL: SHOW COLUMNS FROM `job_student` [ RunTime:0.000000s ]
SQL: SELECT * FROM `job_student` WHERE `id` = 1056  [ RunTime:0.000000s ]
INFO: [ view_parse ] --START--
INFO: [ template_filter ] --START--
INFO: Run Behavior\ContentReplaceBehavior [ RunTime:0.000000s ]
INFO: [ template_filter ] --END-- [ RunTime:0.000000s ]
INFO: Run Behavior\ParseTemplateBehavior [ RunTime:0.015600s ]
INFO: [ view_parse ] --END-- [ RunTime:0.015600s ]
INFO: [ view_filter ] --START--
INFO: Run Behavior\WriteHtmlCacheBehavior [ RunTime:0.000000s ]
INFO: [ view_filter ] --END-- [ RunTime:0.000000s ]
INFO: [ app_end ] --START--
INFO: Run Behavior\ShowPageTraceBehavior [ RunTime:0.000000s ]
INFO: [ app_end ] --END-- [ RunTime:0.000000s ]

[ 2016-12-19T21:06:38+08:00 ] 10.8.165.211 /jobs/index.php/Home/Index/lists.html
INFO: [ app_init ] --START--
INFO: Run Behavior\BuildLiteBehavior [ RunTime:0.000000s ]
INFO: [ app_init ] --END-- [ RunTime:0.000000s ]
INFO: [ app_begin ] --START--
INFO: Run Behavior\ReadHtmlCacheBehavior [ RunTime:0.000000s ]
INFO: [ app_begin ] --END-- [ RunTime:0.000000s ]
SQL: SHOW COLUMNS FROM `job_student` [ RunTime:0.000000s ]
SQL: SELECT * FROM `job_student` WHERE `name` = '140261003' LIMIT 1   [ RunTime:0.015600s ]
SQL: SHOW COLUMNS FROM `job_invite` [ RunTime:0.000000s ]
SQL: SHOW COLUMNS FROM `job_company` [ RunTime:0.000000s ]
SQL: SELECT invite.id AS id,invite.sno AS sno,invite.cno AS cno,invite.type AS type,invite.invite_time AS invite_time,invite.accept_time AS accept_time,invite.detail AS detail,invite.message AS message,company.id AS companyid,company.rname AS companyname,company.name AS companyemail,company.resume AS resume,company.phone AS companyphone,student.id AS studentid,student.rname AS studentname,student.name AS studentemail,student.address AS address,student.work AS work,student.city AS city,student.city1 AS city1,student.city2 AS city2,student.phone AS studentphone FROM job_invite invite  JOIN job_company company ON invite.cno=company.id  JOIN job_student student ON invite.sno=student.id WHERE invite.sno = '1056'  [ RunTime:0.000000s ]
ERR: 1054:Unknown column 'invite.message' in 'field list'
 [ SQL语句 ] : SELECT invite.id AS id,invite.sno AS sno,invite.cno AS cno,invite.type AS type,invite.invite_time AS invite_time,invite.accept_time AS accept_time,invite.detail AS detail,invite.message AS message,company.id AS companyid,company.rname AS companyname,company.name AS companyemail,company.resume AS resume,company.phone AS companyphone,student.id AS studentid,student.rname AS studentname,student.name AS studentemail,student.address AS address,student.work AS work,student.city AS city,student.city1 AS city1,student.city2 AS city2,student.phone AS studentphone FROM job_invite invite  JOIN job_company company ON invite.cno=company.id  JOIN job_student student ON invite.sno=student.id WHERE invite.sno = '1056' 
INFO: [ view_parse ] --START--
INFO: [ template_filter ] --START--
INFO: Run Behavior\ContentReplaceBehavior [ RunTime:0.000000s ]
INFO: [ template_filter ] --END-- [ RunTime:0.000000s ]
INFO: Run Behavior\ParseTemplateBehavior [ RunTime:0.015601s ]
INFO: [ view_parse ] --END-- [ RunTime:0.015601s ]
INFO: [ view_filter ] --START--
INFO: Run Behavior\WriteHtmlCacheBehavior [ RunTime:0.000000s ]
INFO: [ view_filter ] --END-- [ RunTime:0.000000s ]
INFO: [ app_end ] --START--
INFO: Run Behavior\ShowPageTraceBehavior [ RunTime:0.000000s ]
INFO: [ app_end ] --END-- [ RunTime:0.000000s ]

[ 2016-12-19T21:06:40+08:00 ] 10.8.165.211 /jobs/index.php/Home/Index/lists.html
INFO: [ app_init ] --START--
INFO: Run Behavior\BuildLiteBehavior [ RunTime:0.000000s ]
INFO: [ app_init ] --END-- [ RunTime:0.000000s ]
INFO: [ app_begin ] --START--
INFO: Run Behavior\ReadHtmlCacheBehavior [ RunTime:0.000000s ]
INFO: [ app_begin ] --END-- [ RunTime:0.000000s ]
SQL: SHOW COLUMNS FROM `job_student` [ RunTime:0.000000s ]
SQL: SELECT * FROM `job_student` WHERE `name` = '140261003' LIMIT 1   [ RunTime:0.015600s ]
SQL: SHOW COLUMNS FROM `job_invite` [ RunTime:0.000000s ]
SQL: SHOW COLUMNS FROM `job_company` [ RunTime:0.015600s ]
SQL: SELECT invite.id AS id,invite.sno AS sno,invite.cno AS cno,invite.type AS type,invite.invite_time AS invite_time,invite.accept_time AS accept_time,invite.detail AS detail,invite.message AS message,company.id AS companyid,company.rname AS companyname,company.name AS companyemail,company.resume AS resume,company.phone AS companyphone,student.id AS studentid,student.rname AS studentname,student.name AS studentemail,student.address AS address,student.work AS work,student.city AS city,student.city1 AS city1,student.city2 AS city2,student.phone AS studentphone FROM job_invite invite  JOIN job_company company ON invite.cno=company.id  JOIN job_student student ON invite.sno=student.id WHERE invite.sno = '1056'  [ RunTime:0.000000s ]
ERR: 1054:Unknown column 'invite.message' in 'field list'
 [ SQL语句 ] : SELECT invite.id AS id,invite.sno AS sno,invite.cno AS cno,invite.type AS type,invite.invite_time AS invite_time,invite.accept_time AS accept_time,invite.detail AS detail,invite.message AS message,company.id AS companyid,company.rname AS companyname,company.name AS companyemail,company.resume AS resume,company.phone AS companyphone,student.id AS studentid,student.rname AS studentname,student.name AS studentemail,student.address AS address,student.work AS work,student.city AS city,student.city1 AS city1,student.city2 AS city2,student.phone AS studentphone FROM job_invite invite  JOIN job_company company ON invite.cno=company.id  JOIN job_student student ON invite.sno=student.id WHERE invite.sno = '1056' 
INFO: [ view_parse ] --START--
INFO: [ template_filter ] --START--
INFO: Run Behavior\ContentReplaceBehavior [ RunTime:0.000000s ]
INFO: [ template_filter ] --END-- [ RunTime:0.000000s ]
INFO: Run Behavior\ParseTemplateBehavior [ RunTime:0.015600s ]
INFO: [ view_parse ] --END-- [ RunTime:0.015600s ]
INFO: [ view_filter ] --START--
INFO: Run Behavior\WriteHtmlCacheBehavior [ RunTime:0.000000s ]
INFO: [ view_filter ] --END-- [ RunTime:0.000000s ]
INFO: [ app_end ] --START--
INFO: Run Behavior\ShowPageTraceBehavior [ RunTime:0.000000s ]
INFO: [ app_end ] --END-- [ RunTime:0.000000s ]

[ 2016-12-19T21:06:52+08:00 ] 10.8.165.211 /jobs/index.php/Home/Index/clear.html
INFO: [ app_init ] --START--
INFO: Run Behavior\BuildLiteBehavior [ RunTime:0.000000s ]
INFO: [ app_init ] --END-- [ RunTime:0.000000s ]
INFO: [ app_begin ] --START--
INFO: Run Behavior\ReadHtmlCacheBehavior [ RunTime:0.000000s ]
INFO: [ app_begin ] --END-- [ RunTime:0.000000s ]
INFO: [ view_parse ] --START--
INFO: [ template_filter ] --START--
INFO: Run Behavior\ContentReplaceBehavior [ RunTime:0.000000s ]
INFO: [ template_filter ] --END-- [ RunTime:0.000000s ]
INFO: Run Behavior\ParseTemplateBehavior [ RunTime:0.000000s ]
INFO: [ view_parse ] --END-- [ RunTime:0.000000s ]
INFO: [ view_filter ] --START--
INFO: Run Behavior\WriteHtmlCacheBehavior [ RunTime:0.000000s ]
INFO: [ view_filter ] --END-- [ RunTime:0.015600s ]
INFO: [ app_end ] --START--
INFO: Run Behavior\ShowPageTraceBehavior [ RunTime:0.000000s ]
INFO: [ app_end ] --END-- [ RunTime:0.000000s ]

[ 2016-12-19T21:06:53+08:00 ] 10.8.165.211 /jobs/index.php/Home/Index/index.html
INFO: [ app_init ] --START--
INFO: Run Behavior\BuildLiteBehavior [ RunTime:0.000000s ]
INFO: [ app_init ] --END-- [ RunTime:0.000000s ]
INFO: [ app_begin ] --START--
INFO: Run Behavior\ReadHtmlCacheBehavior [ RunTime:0.000000s ]
INFO: [ app_begin ] --END-- [ RunTime:0.000000s ]
NOTIC: [8] Undefined index: type C:\xampp\htdocs\jobs\Application\Home\Controller\IndexController.class.php 第 14 行.
SQL: SHOW COLUMNS FROM `job_invite` [ RunTime:0.000000s ]
SQL: SHOW COLUMNS FROM `job_company` [ RunTime:0.000000s ]
SQL: SHOW COLUMNS FROM `job_student` [ RunTime:0.015600s ]
SQL: SELECT invite.id AS id,invite.sno AS sno,invite.cno AS cno,invite.type AS type,invite.invite_time AS invite_time,invite.accept_time AS accept_time,invite.detail AS detail,invite.message AS message,company.id AS companyid,company.rname AS companyname,company.name AS companyemail,company.resume AS resume,company.phone AS companyphone,student.id AS studentid,student.rname AS studentname,student.name AS studentemail,student.address AS address,student.work AS work,student.city AS city,student.city1 AS city1,student.city2 AS city2,student.phone AS studentphone FROM job_invite invite  JOIN job_company company ON invite.cno=company.id  JOIN job_student student ON invite.sno=student.id ORDER BY invite.accept_time desc  [ RunTime:0.000000s ]
ERR: 1054:Unknown column 'invite.message' in 'field list'
 [ SQL语句 ] : SELECT invite.id AS id,invite.sno AS sno,invite.cno AS cno,invite.type AS type,invite.invite_time AS invite_time,invite.accept_time AS accept_time,invite.detail AS detail,invite.message AS message,company.id AS companyid,company.rname AS companyname,company.name AS companyemail,company.resume AS resume,company.phone AS companyphone,student.id AS studentid,student.rname AS studentname,student.name AS studentemail,student.address AS address,student.work AS work,student.city AS city,student.city1 AS city1,student.city2 AS city2,student.phone AS studentphone FROM job_invite invite  JOIN job_company company ON invite.cno=company.id  JOIN job_student student ON invite.sno=student.id ORDER BY invite.accept_time desc 
INFO: [ view_parse ] --START--
INFO: [ template_filter ] --START--
INFO: Run Behavior\ContentReplaceBehavior [ RunTime:0.000000s ]
INFO: [ template_filter ] --END-- [ RunTime:0.000000s ]
INFO: Run Behavior\ParseTemplateBehavior [ RunTime:0.015600s ]
INFO: [ view_parse ] --END-- [ RunTime:0.015600s ]
INFO: [ view_filter ] --START--
INFO: Run Behavior\WriteHtmlCacheBehavior [ RunTime:0.000000s ]
INFO: [ view_filter ] --END-- [ RunTime:0.000000s ]
INFO: [ app_end ] --START--
INFO: Run Behavior\ShowPageTraceBehavior [ RunTime:0.000000s ]
INFO: [ app_end ] --END-- [ RunTime:0.000000s ]

[ 2016-12-19T21:06:56+08:00 ] 10.8.165.211 /jobs/index.php/Home/Index/loginHandle.html
INFO: [ app_init ] --START--
INFO: Run Behavior\BuildLiteBehavior [ RunTime:0.000000s ]
INFO: [ app_init ] --END-- [ RunTime:0.000000s ]
INFO: [ app_begin ] --START--
INFO: Run Behavior\ReadHtmlCacheBehavior [ RunTime:0.000000s ]
INFO: [ app_begin ] --END-- [ RunTime:0.000000s ]
NOTIC: [8] Undefined index: type C:\xampp\htdocs\jobs\Application\Home\Controller\IndexController.class.php 第 74 行.
SQL: SHOW COLUMNS FROM `job_student` [ RunTime:0.000000s ]
SQL: SELECT * FROM `job_student` WHERE `name` = '140261003' AND `password` = '0f8bb0e5c729432ddd61c5d680bc0f8e'  [ RunTime:0.015600s ]
INFO: [ view_parse ] --START--
INFO: [ template_filter ] --START--
INFO: Run Behavior\ContentReplaceBehavior [ RunTime:0.000000s ]
INFO: [ template_filter ] --END-- [ RunTime:0.000000s ]
INFO: Run Behavior\ParseTemplateBehavior [ RunTime:0.015600s ]
INFO: [ view_parse ] --END-- [ RunTime:0.015600s ]
INFO: [ view_filter ] --START--
INFO: Run Behavior\WriteHtmlCacheBehavior [ RunTime:0.000000s ]
INFO: [ view_filter ] --END-- [ RunTime:0.000000s ]
INFO: [ app_end ] --START--
INFO: Run Behavior\ShowPageTraceBehavior [ RunTime:0.000000s ]
INFO: [ app_end ] --END-- [ RunTime:0.000000s ]

[ 2016-12-19T21:06:57+08:00 ] 10.8.165.211 /jobs/index.php/Home/Index/lists.html
INFO: [ app_init ] --START--
INFO: Run Behavior\BuildLiteBehavior [ RunTime:0.000000s ]
INFO: [ app_init ] --END-- [ RunTime:0.000000s ]
INFO: [ app_begin ] --START--
INFO: Run Behavior\ReadHtmlCacheBehavior [ RunTime:0.000000s ]
INFO: [ app_begin ] --END-- [ RunTime:0.000000s ]
SQL: SHOW COLUMNS FROM `job_student` [ RunTime:0.000000s ]
SQL: SELECT * FROM `job_student` WHERE `name` = '140261003' LIMIT 1   [ RunTime:0.000000s ]
SQL: SHOW COLUMNS FROM `job_invite` [ RunTime:0.015600s ]
SQL: SHOW COLUMNS FROM `job_company` [ RunTime:0.000000s ]
SQL: SELECT invite.id AS id,invite.sno AS sno,invite.cno AS cno,invite.type AS type,invite.invite_time AS invite_time,invite.accept_time AS accept_time,invite.detail AS detail,invite.message AS message,company.id AS companyid,company.rname AS companyname,company.name AS companyemail,company.resume AS resume,company.phone AS companyphone,student.id AS studentid,student.rname AS studentname,student.name AS studentemail,student.address AS address,student.work AS work,student.city AS city,student.city1 AS city1,student.city2 AS city2,student.phone AS studentphone FROM job_invite invite  JOIN job_company company ON invite.cno=company.id  JOIN job_student student ON invite.sno=student.id WHERE invite.sno = '1056'  [ RunTime:0.000000s ]
ERR: 1054:Unknown column 'invite.message' in 'field list'
 [ SQL语句 ] : SELECT invite.id AS id,invite.sno AS sno,invite.cno AS cno,invite.type AS type,invite.invite_time AS invite_time,invite.accept_time AS accept_time,invite.detail AS detail,invite.message AS message,company.id AS companyid,company.rname AS companyname,company.name AS companyemail,company.resume AS resume,company.phone AS companyphone,student.id AS studentid,student.rname AS studentname,student.name AS studentemail,student.address AS address,student.work AS work,student.city AS city,student.city1 AS city1,student.city2 AS city2,student.phone AS studentphone FROM job_invite invite  JOIN job_company company ON invite.cno=company.id  JOIN job_student student ON invite.sno=student.id WHERE invite.sno = '1056' 
INFO: [ view_parse ] --START--
INFO: [ template_filter ] --START--
INFO: Run Behavior\ContentReplaceBehavior [ RunTime:0.000000s ]
INFO: [ template_filter ] --END-- [ RunTime:0.000000s ]
INFO: Run Behavior\ParseTemplateBehavior [ RunTime:0.031200s ]
INFO: [ view_parse ] --END-- [ RunTime:0.031200s ]
INFO: [ view_filter ] --START--
INFO: Run Behavior\WriteHtmlCacheBehavior [ RunTime:0.000000s ]
INFO: [ view_filter ] --END-- [ RunTime:0.000000s ]
INFO: [ app_end ] --START--
INFO: Run Behavior\ShowPageTraceBehavior [ RunTime:0.000000s ]
INFO: [ app_end ] --END-- [ RunTime:0.000000s ]

[ 2016-12-19T21:07:01+08:00 ] 10.8.165.211 /jobs/index.php/Home/Index/clear.html
INFO: [ app_init ] --START--
INFO: Run Behavior\BuildLiteBehavior [ RunTime:0.000000s ]
INFO: [ app_init ] --END-- [ RunTime:0.000000s ]
INFO: [ app_begin ] --START--
INFO: Run Behavior\ReadHtmlCacheBehavior [ RunTime:0.000000s ]
INFO: [ app_begin ] --END-- [ RunTime:0.000000s ]
INFO: [ view_parse ] --START--
INFO: [ template_filter ] --START--
INFO: Run Behavior\ContentReplaceBehavior [ RunTime:0.000000s ]
INFO: [ template_filter ] --END-- [ RunTime:0.000000s ]
INFO: Run Behavior\ParseTemplateBehavior [ RunTime:0.015600s ]
INFO: [ view_parse ] --END-- [ RunTime:0.015600s ]
INFO: [ view_filter ] --START--
INFO: Run Behavior\WriteHtmlCacheBehavior [ RunTime:0.000000s ]
INFO: [ view_filter ] --END-- [ RunTime:0.000000s ]
INFO: [ app_end ] --START--
INFO: Run Behavior\ShowPageTraceBehavior [ RunTime:0.000000s ]
INFO: [ app_end ] --END-- [ RunTime:0.000000s ]

[ 2016-12-19T21:07:02+08:00 ] 10.8.165.211 /jobs/index.php/Home/Index/index.html
INFO: [ app_init ] --START--
INFO: Run Behavior\BuildLiteBehavior [ RunTime:0.000000s ]
INFO: [ app_init ] --END-- [ RunTime:0.000000s ]
INFO: [ app_begin ] --START--
INFO: Run Behavior\ReadHtmlCacheBehavior [ RunTime:0.000000s ]
INFO: [ app_begin ] --END-- [ RunTime:0.000000s ]
NOTIC: [8] Undefined index: type C:\xampp\htdocs\jobs\Application\Home\Controller\IndexController.class.php 第 14 行.
SQL: SHOW COLUMNS FROM `job_invite` [ RunTime:0.000000s ]
SQL: SHOW COLUMNS FROM `job_company` [ RunTime:0.000000s ]
SQL: SHOW COLUMNS FROM `job_student` [ RunTime:0.015600s ]
SQL: SELECT invite.id AS id,invite.sno AS sno,invite.cno AS cno,invite.type AS type,invite.invite_time AS invite_time,invite.accept_time AS accept_time,invite.detail AS detail,invite.message AS message,company.id AS companyid,company.rname AS companyname,company.name AS companyemail,company.resume AS resume,company.phone AS companyphone,student.id AS studentid,student.rname AS studentname,student.name AS studentemail,student.address AS address,student.work AS work,student.city AS city,student.city1 AS city1,student.city2 AS city2,student.phone AS studentphone FROM job_invite invite  JOIN job_company company ON invite.cno=company.id  JOIN job_student student ON invite.sno=student.id ORDER BY invite.accept_time desc  [ RunTime:0.000000s ]
ERR: 1054:Unknown column 'invite.message' in 'field list'
 [ SQL语句 ] : SELECT invite.id AS id,invite.sno AS sno,invite.cno AS cno,invite.type AS type,invite.invite_time AS invite_time,invite.accept_time AS accept_time,invite.detail AS detail,invite.message AS message,company.id AS companyid,company.rname AS companyname,company.name AS companyemail,company.resume AS resume,company.phone AS companyphone,student.id AS studentid,student.rname AS studentname,student.name AS studentemail,student.address AS address,student.work AS work,student.city AS city,student.city1 AS city1,student.city2 AS city2,student.phone AS studentphone FROM job_invite invite  JOIN job_company company ON invite.cno=company.id  JOIN job_student student ON invite.sno=student.id ORDER BY invite.accept_time desc 
INFO: [ view_parse ] --START--
INFO: [ template_filter ] --START--
INFO: Run Behavior\ContentReplaceBehavior [ RunTime:0.000000s ]
INFO: [ template_filter ] --END-- [ RunTime:0.000000s ]
INFO: Run Behavior\ParseTemplateBehavior [ RunTime:0.000000s ]
INFO: [ view_parse ] --END-- [ RunTime:0.000000s ]
INFO: [ view_filter ] --START--
INFO: Run Behavior\WriteHtmlCacheBehavior [ RunTime:0.000000s ]
INFO: [ view_filter ] --END-- [ RunTime:0.000000s ]
INFO: [ app_end ] --START--
INFO: Run Behavior\ShowPageTraceBehavior [ RunTime:0.015600s ]
INFO: [ app_end ] --END-- [ RunTime:0.015600s ]

